<?xml version="1.0" encoding="UTF-8"?>
<robot generator="Robot 7.2.2 (Python 3.13.2 on win32)" generated="2025-03-05T18:30:20.131299" rpa="false" schemaversion="5">
<suite id="s1" name="Test New User" source="C:\Users\tayse.paiva\Downloads\tayse\robot-api-tests\test_new_user.robot">
<test id="s1-t1" name="Create new user" line="11">
<kw name="Set Variable" owner="BuiltIn">
<msg time="2025-03-05T18:30:20.521283" level="INFO">${nome} = Tayse Sabrina</msg>
<var>${nome}</var>
<arg>Tayse Sabrina</arg>
<doc>Returns the given values which can then be assigned to a variables.</doc>
<status status="PASS" start="2025-03-05T18:30:20.521107" elapsed="0.000211"/>
</kw>
<kw name="Set Variable" owner="BuiltIn">
<msg time="2025-03-05T18:30:20.521724" level="INFO">${user_email} = tayse@email.com</msg>
<var>${user_email}</var>
<arg>tayse@email.com</arg>
<doc>Returns the given values which can then be assigned to a variables.</doc>
<status status="PASS" start="2025-03-05T18:30:20.521576" elapsed="0.000173"/>
</kw>
<kw name="Set Variable" owner="BuiltIn">
<msg time="2025-03-05T18:30:20.522076" level="INFO">${user_password} = 123456</msg>
<var>${user_password}</var>
<arg>123456</arg>
<doc>Returns the given values which can then be assigned to a variables.</doc>
<status status="PASS" start="2025-03-05T18:30:20.521963" elapsed="0.000135"/>
</kw>
<kw name="Set Variable" owner="BuiltIn">
<msg time="2025-03-05T18:30:20.522417" level="INFO">${administrador} = true</msg>
<var>${administrador}</var>
<arg>true</arg>
<doc>Returns the given values which can then be assigned to a variables.</doc>
<status status="PASS" start="2025-03-05T18:30:20.522309" elapsed="0.000136"/>
</kw>
<kw name="Create Dictionary" owner="BuiltIn">
<msg time="2025-03-05T18:30:20.522996" level="INFO">${data} = {'nome': 'Tayse Sabrina', 'email': 'tayse@email.com', 'password': '123456', 'administrador': 'true'}</msg>
<var>${data}</var>
<arg>nome=${nome}</arg>
<arg>email=${user_email}</arg>
<arg>password=${user_password}</arg>
<arg>administrador=${administrador}</arg>
<doc>Creates and returns a dictionary based on the given ``items``.</doc>
<status status="PASS" start="2025-03-05T18:30:20.522680" elapsed="0.000341"/>
</kw>
<kw name="POST" owner="RequestsLibrary">
<msg time="2025-03-05T18:30:20.874965" level="INFO">POST Request : url=https://serverest.dev/usuarios 
 path_url=/usuarios 
 headers={'User-Agent': 'python-requests/2.32.3', 'Accept-Encoding': 'gzip, deflate', 'Accept': '*/*', 'Connection': 'keep-alive', 'Content-Type': 'application/json', 'Content-Length': '100'} 
 body=b'{"nome": "Tayse Sabrina", "email": "tayse@email.com", "password": "123456", "administrador": "true"}' 
 </msg>
<msg time="2025-03-05T18:30:20.875413" level="INFO">POST Response : url=https://serverest.dev/usuarios 
 status=201, reason=Created 
 headers={'access-control-allow-origin': '*', 'x-dns-prefetch-control': 'off', 'x-frame-options': 'SAMEORIGIN', 'strict-transport-security': 'max-age=15552000; includeSubDomains', 'x-download-options': 'noopen', 'x-content-type-options': 'nosniff', 'x-xss-protection': '1; mode=block', 'content-type': 'application/json; charset=utf-8', 'X-Cloud-Trace-Context': '8ac8e95bcad264a843fa523b465da644;o=1', 'Date': 'Wed, 05 Mar 2025 21:30:20 GMT', 'Server': 'Google Frontend', 'Content-Length': '82'} 
 body={
    "message": "Cadastro realizado com sucesso",
    "_id": "DrYEx4C8zemXQJDm"
} 
 </msg>
<msg time="2025-03-05T18:30:20.875868" level="INFO">${response} = &lt;Response [201]&gt;</msg>
<var>${response}</var>
<arg>${BASE_URL}/usuarios</arg>
<arg>json=${data}</arg>
<arg>headers=${HEADERS}</arg>
<doc>Sends a POST request.</doc>
<status status="PASS" start="2025-03-05T18:30:20.523237" elapsed="0.352750"/>
</kw>
<kw name="Should Be Equal As Strings" owner="BuiltIn">
<msg time="2025-03-05T18:30:20.878940" level="INFO">Argument types are:
&lt;class 'int'&gt;
&lt;class 'str'&gt;</msg>
<arg>${response.status_code}</arg>
<arg>201</arg>
<doc>Fails if objects are unequal after converting them to strings.</doc>
<status status="PASS" start="2025-03-05T18:30:20.876985" elapsed="0.002224"/>
</kw>
<kw name="Should Contain" owner="BuiltIn">
<arg>${response.json()}</arg>
<arg>message</arg>
<doc>Fails if ``container`` does not contain ``item`` one or more times.</doc>
<status status="PASS" start="2025-03-05T18:30:20.880117" elapsed="0.002021"/>
</kw>
<kw name="Should Be Equal As Strings" owner="BuiltIn">
<arg>${response.json()}[message]</arg>
<arg>Cadastro realizado com sucesso</arg>
<doc>Fails if objects are unequal after converting them to strings.</doc>
<status status="PASS" start="2025-03-05T18:30:20.882982" elapsed="0.002278"/>
</kw>
<kw name="Set Variable" owner="BuiltIn">
<msg time="2025-03-05T18:30:20.889280" level="INFO">${user_id} = DrYEx4C8zemXQJDm</msg>
<var>${user_id}</var>
<arg>${response.json()}[_id]</arg>
<doc>Returns the given values which can then be assigned to a variables.</doc>
<status status="PASS" start="2025-03-05T18:30:20.887053" elapsed="0.002361"/>
</kw>
<kw name="Set Global Variable" owner="BuiltIn">
<msg time="2025-03-05T18:30:20.891223" level="INFO">${user_email} = tayse@email.com</msg>
<arg>${user_email}</arg>
<doc>Makes a variable available globally in all tests and suites.</doc>
<status status="PASS" start="2025-03-05T18:30:20.890358" elapsed="0.001064"/>
</kw>
<kw name="Set Global Variable" owner="BuiltIn">
<msg time="2025-03-05T18:30:20.893116" level="INFO">${user_password} = 123456</msg>
<arg>${user_password}</arg>
<doc>Makes a variable available globally in all tests and suites.</doc>
<status status="PASS" start="2025-03-05T18:30:20.892329" elapsed="0.000989"/>
</kw>
<kw name="Set Global Variable" owner="BuiltIn">
<msg time="2025-03-05T18:30:20.894961" level="INFO">${user_id} = DrYEx4C8zemXQJDm</msg>
<arg>${user_id}</arg>
<doc>Makes a variable available globally in all tests and suites.</doc>
<status status="PASS" start="2025-03-05T18:30:20.894219" elapsed="0.000932"/>
</kw>
<kw name="Log To Console" owner="BuiltIn">
<arg>\n Usuário Criado com Sucesso!</arg>
<doc>Logs the given message to the console.</doc>
<status status="PASS" start="2025-03-05T18:30:20.896075" elapsed="0.000963"/>
</kw>
<kw name="Log To Console" owner="BuiltIn">
<arg>ID: ${user_id}</arg>
<doc>Logs the given message to the console.</doc>
<status status="PASS" start="2025-03-05T18:30:20.898080" elapsed="0.001104"/>
</kw>
<kw name="Log To Console" owner="BuiltIn">
<arg>Email: ${user_email}</arg>
<doc>Logs the given message to the console.</doc>
<status status="PASS" start="2025-03-05T18:30:20.900044" elapsed="0.001037"/>
</kw>
<kw name="Log To Console" owner="BuiltIn">
<arg>Resposta: ${response.json()}</arg>
<doc>Logs the given message to the console.</doc>
<status status="PASS" start="2025-03-05T18:30:20.901908" elapsed="0.002594"/>
</kw>
<status status="PASS" start="2025-03-05T18:30:20.520334" elapsed="0.385881"/>
</test>
<test id="s1-t2" name="Get new user by _id" line="43">
<kw name="GET" owner="RequestsLibrary">
<msg time="2025-03-05T18:30:21.242401" level="INFO">GET Request : url=https://serverest.dev/usuarios/DrYEx4C8zemXQJDm 
 path_url=/usuarios/DrYEx4C8zemXQJDm 
 headers={'User-Agent': 'python-requests/2.32.3', 'Accept-Encoding': 'gzip, deflate', 'Accept': '*/*', 'Connection': 'keep-alive', 'Content-Type': 'application/json'} 
 body=None 
 </msg>
<msg time="2025-03-05T18:30:21.242525" level="INFO">GET Response : url=https://serverest.dev/usuarios/DrYEx4C8zemXQJDm 
 status=200, reason=OK 
 headers={'access-control-allow-origin': '*', 'x-dns-prefetch-control': 'off', 'x-frame-options': 'SAMEORIGIN', 'strict-transport-security': 'max-age=15552000; includeSubDomains', 'x-download-options': 'noopen', 'x-content-type-options': 'nosniff', 'x-xss-protection': '1; mode=block', 'content-type': 'application/json; charset=utf-8', 'X-Cloud-Trace-Context': 'b59a1104caf10c6251479e94d1da433d', 'Date': 'Wed, 05 Mar 2025 21:30:21 GMT', 'Server': 'Google Frontend', 'Content-Length': '149'} 
 body={
    "nome": "Tayse Sabrina",
    "email": "tayse@email.com",
    "password": "123456",
    "administrador": "true",
    "_id": "DrYEx4C8zemXQJDm"
} 
 </msg>
<msg time="2025-03-05T18:30:21.242895" level="INFO">${response} = &lt;Response [200]&gt;</msg>
<var>${response}</var>
<arg>${BASE_URL}/usuarios/${user_id}</arg>
<arg>headers=${HEADERS}</arg>
<doc>Sends a GET request.</doc>
<status status="PASS" start="2025-03-05T18:30:20.909853" elapsed="0.333082"/>
</kw>
<kw name="Should Be Equal As Strings" owner="BuiltIn">
<msg time="2025-03-05T18:30:21.243830" level="INFO">Argument types are:
&lt;class 'int'&gt;
&lt;class 'str'&gt;</msg>
<arg>${response.status_code}</arg>
<arg>200</arg>
<doc>Fails if objects are unequal after converting them to strings.</doc>
<status status="PASS" start="2025-03-05T18:30:21.243270" elapsed="0.000631"/>
</kw>
<kw name="Should Contain" owner="BuiltIn">
<arg>${response.json()}</arg>
<arg>_id</arg>
<doc>Fails if ``container`` does not contain ``item`` one or more times.</doc>
<status status="PASS" start="2025-03-05T18:30:21.244171" elapsed="0.000532"/>
</kw>
<kw name="Should Be Equal As Strings" owner="BuiltIn">
<arg>${response.json()}[_id]</arg>
<arg>${user_id}</arg>
<doc>Fails if objects are unequal after converting them to strings.</doc>
<status status="PASS" start="2025-03-05T18:30:21.244998" elapsed="0.000835"/>
</kw>
<kw name="Should Be Equal As Strings" owner="BuiltIn">
<arg>${response.json()}[email]</arg>
<arg>${user_email}</arg>
<doc>Fails if objects are unequal after converting them to strings.</doc>
<status status="PASS" start="2025-03-05T18:30:21.246141" elapsed="0.000594"/>
</kw>
<kw name="Log To Console" owner="BuiltIn">
<arg>\n Usuário encontrado com sucesso!</arg>
<doc>Logs the given message to the console.</doc>
<status status="PASS" start="2025-03-05T18:30:21.247016" elapsed="0.000524"/>
</kw>
<kw name="Log To Console" owner="BuiltIn">
<arg>Resposta: ${response.json()}</arg>
<doc>Logs the given message to the console.</doc>
<status status="PASS" start="2025-03-05T18:30:21.247839" elapsed="0.001001"/>
</kw>
<status status="PASS" start="2025-03-05T18:30:20.908446" elapsed="0.340643"/>
</test>
<test id="s1-t3" name="New user login" line="56">
<kw name="Create Dictionary" owner="BuiltIn">
<msg time="2025-03-05T18:30:21.251104" level="INFO">${data} = {'email': 'tayse@email.com', 'password': '123456'}</msg>
<var>${data}</var>
<arg>email=${user_email}</arg>
<arg>password=${user_password}</arg>
<doc>Creates and returns a dictionary based on the given ``items``.</doc>
<status status="PASS" start="2025-03-05T18:30:21.250556" elapsed="0.000610"/>
</kw>
<kw name="POST" owner="RequestsLibrary">
<msg time="2025-03-05T18:30:21.599114" level="INFO">POST Request : url=https://serverest.dev/login 
 path_url=/login 
 headers={'User-Agent': 'python-requests/2.32.3', 'Accept-Encoding': 'gzip, deflate', 'Accept': '*/*', 'Connection': 'keep-alive', 'Content-Type': 'application/json', 'Content-Length': '50'} 
 body=b'{"email": "tayse@email.com", "password": "123456"}' 
 </msg>
<msg time="2025-03-05T18:30:21.599319" level="INFO">POST Response : url=https://serverest.dev/login 
 status=200, reason=OK 
 headers={'access-control-allow-origin': '*', 'x-dns-prefetch-control': 'off', 'x-frame-options': 'SAMEORIGIN', 'strict-transport-security': 'max-age=15552000; includeSubDomains', 'x-download-options': 'noopen', 'x-content-type-options': 'nosniff', 'x-xss-protection': '1; mode=block', 'content-type': 'application/json; charset=utf-8', 'X-Cloud-Trace-Context': '45dc296dade3ddd8ce448883ad112c4b', 'Date': 'Wed, 05 Mar 2025 21:30:21 GMT', 'Server': 'Google Frontend', 'Content-Length': '269'} 
 body={
    "message": "Login realizado com sucesso",
    "authorization": "Bearer eyJhbGciOiJIUzI1NiIsInR5cCI6IkpXVCJ9.eyJlbWFpbCI6InRheXNlQGVtYWlsLmNvbSIsInBhc3N3b3JkIjoiMTIzNDU2IiwiaWF0IjoxNzQxMjEwMjIxLCJleHAiOjE3NDEyMTA4MjF9.FbO1Jc1GFIBIlQKSVVZqTRZaN1DpHJ3waj5mul-1NLU"
} 
 </msg>
<msg time="2025-03-05T18:30:21.599599" level="INFO">${response} = &lt;Response [200]&gt;</msg>
<var>${response}</var>
<arg>${BASE_URL}/login</arg>
<arg>json=${data}</arg>
<arg>headers=${HEADERS}</arg>
<doc>Sends a POST request.</doc>
<status status="PASS" start="2025-03-05T18:30:21.251497" elapsed="0.348177"/>
</kw>
<kw name="Should Be Equal As Strings" owner="BuiltIn">
<msg time="2025-03-05T18:30:21.601460" level="INFO">Argument types are:
&lt;class 'int'&gt;
&lt;class 'str'&gt;</msg>
<arg>${response.status_code}</arg>
<arg>200</arg>
<doc>Fails if objects are unequal after converting them to strings.</doc>
<status status="PASS" start="2025-03-05T18:30:21.600314" elapsed="0.001304"/>
</kw>
<kw name="Should Contain" owner="BuiltIn">
<arg>${response.json()}</arg>
<arg>message</arg>
<doc>Fails if ``container`` does not contain ``item`` one or more times.</doc>
<status status="PASS" start="2025-03-05T18:30:21.602202" elapsed="0.001185"/>
</kw>
<kw name="Log To Console" owner="BuiltIn">
<arg>\n Login realizado com sucesso!</arg>
<doc>Logs the given message to the console.</doc>
<status status="PASS" start="2025-03-05T18:30:21.603967" elapsed="0.001104"/>
</kw>
<kw name="Log To Console" owner="BuiltIn">
<arg>Resposta: ${response.json()}</arg>
<doc>Logs the given message to the console.</doc>
<status status="PASS" start="2025-03-05T18:30:21.605682" elapsed="0.001973"/>
</kw>
<status status="PASS" start="2025-03-05T18:30:21.249914" elapsed="0.358282"/>
</test>
<status status="PASS" start="2025-03-05T18:30:20.132769" elapsed="1.477776"/>
</suite>
<statistics>
<total>
<stat pass="3" fail="0" skip="0">All Tests</stat>
</total>
<tag>
</tag>
<suite>
<stat name="Test New User" id="s1" pass="3" fail="0" skip="0">Test New User</stat>
</suite>
</statistics>
<errors>
</errors>
</robot>
