<?xml version="1.0" encoding="UTF-8"?>
<robot generator="Robot 7.2.2 (Python 3.13.2 on win32)" generated="2025-03-05T19:08:44.050534" rpa="false" schemaversion="5">
<suite id="s1" name="Test New User" source="C:\Users\tayse.paiva\Downloads\tayse\robot-api-tests\test_new_user.robot">
<test id="s1-t1" name="Create new user" line="13">
<kw name="Name" owner="FakerLibrary">
<msg time="2025-03-05T19:08:44.841755" level="INFO">${nome} = Breno Araújo</msg>
<var>${nome}</var>
<doc>:example: 'John Doe'</doc>
<status status="PASS" start="2025-03-05T19:08:44.841311" elapsed="0.000525"/>
</kw>
<kw name="Email" owner="FakerLibrary">
<msg time="2025-03-05T19:08:44.842677" level="INFO">${user_email} = caleb38@example.org</msg>
<var>${user_email}</var>
<status status="PASS" start="2025-03-05T19:08:44.842274" elapsed="0.000473"/>
</kw>
<kw name="Password" owner="FakerLibrary">
<msg time="2025-03-05T19:08:44.843434" level="INFO">${user_password} = 0KGe+uY2$1</msg>
<var>${user_password}</var>
<doc>Generate a random password of the specified ``length``.</doc>
<status status="PASS" start="2025-03-05T19:08:44.843108" elapsed="0.000379"/>
</kw>
<kw name="Set Variable" owner="BuiltIn">
<msg time="2025-03-05T19:08:44.844602" level="INFO">${administrador} = true</msg>
<var>${administrador}</var>
<arg>true</arg>
<doc>Returns the given values which can then be assigned to a variables.</doc>
<status status="PASS" start="2025-03-05T19:08:44.844319" elapsed="0.000336"/>
</kw>
<kw name="Create Dictionary" owner="BuiltIn">
<msg time="2025-03-05T19:08:44.845772" level="INFO">${data} = {'nome': 'Breno Araújo', 'email': 'caleb38@example.org', 'password': '0KGe+uY2$1', 'administrador': 'true'}</msg>
<var>${data}</var>
<arg>nome=${nome}</arg>
<arg>email=${user_email}</arg>
<arg>password=${user_password}</arg>
<arg>administrador=${administrador}</arg>
<doc>Creates and returns a dictionary based on the given ``items``.</doc>
<status status="PASS" start="2025-03-05T19:08:44.845043" elapsed="0.000790"/>
</kw>
<kw name="POST" owner="RequestsLibrary">
<msg time="2025-03-05T19:08:45.198514" level="INFO">POST Request : url=https://serverest.dev/usuarios 
 path_url=/usuarios 
 headers={'User-Agent': 'python-requests/2.32.3', 'Accept-Encoding': 'gzip, deflate', 'Accept': '*/*', 'Connection': 'keep-alive', 'Content-Type': 'application/json', 'Content-Length': '112'} 
 body=b'{"nome": "Breno Ara\\u00fajo", "email": "caleb38@example.org", "password": "0KGe+uY2$1", "administrador": "true"}' 
 </msg>
<msg time="2025-03-05T19:08:45.198968" level="INFO">POST Response : url=https://serverest.dev/usuarios 
 status=201, reason=Created 
 headers={'access-control-allow-origin': '*', 'x-dns-prefetch-control': 'off', 'x-frame-options': 'SAMEORIGIN', 'strict-transport-security': 'max-age=15552000; includeSubDomains', 'x-download-options': 'noopen', 'x-content-type-options': 'nosniff', 'x-xss-protection': '1; mode=block', 'content-type': 'application/json; charset=utf-8', 'X-Cloud-Trace-Context': '95babc39e4f95d167d6beac10e9ef582;o=1', 'Date': 'Wed, 05 Mar 2025 22:08:45 GMT', 'Server': 'Google Frontend', 'Content-Length': '82'} 
 body={
    "message": "Cadastro realizado com sucesso",
    "_id": "a8r5FSKhPZDsHMvc"
} 
 </msg>
<msg time="2025-03-05T19:08:45.199453" level="INFO">${response} = &lt;Response [201]&gt;</msg>
<var>${response}</var>
<arg>${BASE_URL}/usuarios</arg>
<arg>json=${data}</arg>
<arg>headers=${HEADERS}</arg>
<doc>Sends a POST request.</doc>
<status status="PASS" start="2025-03-05T19:08:44.846225" elapsed="0.353348"/>
</kw>
<kw name="Should Be Equal As Strings" owner="BuiltIn">
<msg time="2025-03-05T19:08:45.202565" level="INFO">Argument types are:
&lt;class 'int'&gt;
&lt;class 'str'&gt;</msg>
<arg>${response.status_code}</arg>
<arg>201</arg>
<doc>Fails if objects are unequal after converting them to strings.</doc>
<status status="PASS" start="2025-03-05T19:08:45.200584" elapsed="0.002239"/>
</kw>
<kw name="Should Contain" owner="BuiltIn">
<arg>${response.json()}</arg>
<arg>message</arg>
<doc>Fails if ``container`` does not contain ``item`` one or more times.</doc>
<status status="PASS" start="2025-03-05T19:08:45.203695" elapsed="0.001938"/>
</kw>
<kw name="Should Be Equal As Strings" owner="BuiltIn">
<arg>${response.json()}[message]</arg>
<arg>Cadastro realizado com sucesso</arg>
<doc>Fails if objects are unequal after converting them to strings.</doc>
<status status="PASS" start="2025-03-05T19:08:45.206487" elapsed="0.003220"/>
</kw>
<kw name="Get From Dictionary" owner="Collections">
<msg time="2025-03-05T19:08:45.213201" level="INFO">${user_id} = a8r5FSKhPZDsHMvc</msg>
<var>${user_id}</var>
<arg>${response.json()}</arg>
<arg>_id</arg>
<doc>Returns a value from the given ``dictionary`` based on the given ``key``.</doc>
<status status="PASS" start="2025-03-05T19:08:45.211224" elapsed="0.002100"/>
</kw>
<kw name="Set Global Variable" owner="BuiltIn">
<msg time="2025-03-05T19:08:45.215075" level="INFO">${user_email} = caleb38@example.org</msg>
<arg>${user_email}</arg>
<arg>${user_email}</arg>
<doc>Makes a variable available globally in all tests and suites.</doc>
<status status="PASS" start="2025-03-05T19:08:45.214210" elapsed="0.001057"/>
</kw>
<kw name="Set Global Variable" owner="BuiltIn">
<msg time="2025-03-05T19:08:45.216958" level="INFO">${user_password} = 0KGe+uY2$1</msg>
<arg>${user_password}</arg>
<arg>${user_password}</arg>
<doc>Makes a variable available globally in all tests and suites.</doc>
<status status="PASS" start="2025-03-05T19:08:45.216136" elapsed="0.001014"/>
</kw>
<kw name="Set Global Variable" owner="BuiltIn">
<msg time="2025-03-05T19:08:45.218779" level="INFO">${user_id} = a8r5FSKhPZDsHMvc</msg>
<arg>${user_id}</arg>
<arg>${user_id}</arg>
<doc>Makes a variable available globally in all tests and suites.</doc>
<status status="PASS" start="2025-03-05T19:08:45.218015" elapsed="0.000949"/>
</kw>
<kw name="Log To Console" owner="BuiltIn">
<arg>\n Usuário Criado com Sucesso!</arg>
<doc>Logs the given message to the console.</doc>
<status status="PASS" start="2025-03-05T19:08:45.219786" elapsed="0.000766"/>
</kw>
<kw name="Log To Console" owner="BuiltIn">
<arg>ID: ${user_id}</arg>
<doc>Logs the given message to the console.</doc>
<status status="PASS" start="2025-03-05T19:08:45.221284" elapsed="0.000856"/>
</kw>
<kw name="Log To Console" owner="BuiltIn">
<arg>Email: ${user_email}</arg>
<doc>Logs the given message to the console.</doc>
<status status="PASS" start="2025-03-05T19:08:45.222850" elapsed="0.001203"/>
</kw>
<kw name="Log To Console" owner="BuiltIn">
<arg>Resposta: ${response.json()}</arg>
<doc>Logs the given message to the console.</doc>
<status status="PASS" start="2025-03-05T19:08:45.225091" elapsed="0.002429"/>
</kw>
<status status="PASS" start="2025-03-05T19:08:44.839588" elapsed="0.389438"/>
</test>
<test id="s1-t2" name="Get new user by _id" line="45">
<kw name="GET" owner="RequestsLibrary">
<msg time="2025-03-05T19:08:45.572129" level="INFO">GET Request : url=https://serverest.dev/usuarios/a8r5FSKhPZDsHMvc 
 path_url=/usuarios/a8r5FSKhPZDsHMvc 
 headers={'User-Agent': 'python-requests/2.32.3', 'Accept-Encoding': 'gzip, deflate', 'Accept': '*/*', 'Connection': 'keep-alive', 'Content-Type': 'application/json'} 
 body=None 
 </msg>
<msg time="2025-03-05T19:08:45.572449" level="INFO">GET Response : url=https://serverest.dev/usuarios/a8r5FSKhPZDsHMvc 
 status=200, reason=OK 
 headers={'access-control-allow-origin': '*', 'x-dns-prefetch-control': 'off', 'x-frame-options': 'SAMEORIGIN', 'strict-transport-security': 'max-age=15552000; includeSubDomains', 'x-download-options': 'noopen', 'x-content-type-options': 'nosniff', 'x-xss-protection': '1; mode=block', 'content-type': 'application/json; charset=utf-8', 'X-Cloud-Trace-Context': '47f6e2573572feb300d18701546c75e0', 'Date': 'Wed, 05 Mar 2025 22:08:45 GMT', 'Server': 'Google Frontend', 'Content-Length': '157'} 
 body={
    "nome": "Breno Araújo",
    "email": "caleb38@example.org",
    "password": "0KGe+uY2$1",
    "administrador": "true",
    "_id": "a8r5FSKhPZDsHMvc"
} 
 </msg>
<msg time="2025-03-05T19:08:45.573347" level="INFO">${response} = &lt;Response [200]&gt;</msg>
<var>${response}</var>
<arg>${BASE_URL}/usuarios/${user_id}</arg>
<arg>headers=${HEADERS}</arg>
<doc>Sends a GET request.</doc>
<status status="PASS" start="2025-03-05T19:08:45.232673" elapsed="0.340799"/>
</kw>
<kw name="Should Be Equal As Strings" owner="BuiltIn">
<msg time="2025-03-05T19:08:45.576364" level="INFO">Argument types are:
&lt;class 'int'&gt;
&lt;class 'str'&gt;</msg>
<arg>${response.status_code}</arg>
<arg>200</arg>
<doc>Fails if objects are unequal after converting them to strings.</doc>
<status status="PASS" start="2025-03-05T19:08:45.574482" elapsed="0.002127"/>
</kw>
<kw name="Should Contain" owner="BuiltIn">
<arg>${response.json()}</arg>
<arg>_id</arg>
<doc>Fails if ``container`` does not contain ``item`` one or more times.</doc>
<status status="PASS" start="2025-03-05T19:08:45.577479" elapsed="0.001827"/>
</kw>
<kw name="Should Be Equal As Strings" owner="BuiltIn">
<arg>${response.json()}[_id]</arg>
<arg>${user_id}</arg>
<doc>Fails if objects are unequal after converting them to strings.</doc>
<status status="PASS" start="2025-03-05T19:08:45.580130" elapsed="0.002041"/>
</kw>
<kw name="Should Be Equal As Strings" owner="BuiltIn">
<arg>${response.json()}[email]</arg>
<arg>${user_email}</arg>
<doc>Fails if objects are unequal after converting them to strings.</doc>
<status status="PASS" start="2025-03-05T19:08:45.583004" elapsed="0.002023"/>
</kw>
<kw name="Log To Console" owner="BuiltIn">
<arg>\n Usuário encontrado com sucesso!</arg>
<doc>Logs the given message to the console.</doc>
<status status="PASS" start="2025-03-05T19:08:45.585863" elapsed="0.001596"/>
</kw>
<kw name="Log To Console" owner="BuiltIn">
<arg>Resposta: ${response.json()}</arg>
<doc>Logs the given message to the console.</doc>
<status status="PASS" start="2025-03-05T19:08:45.588336" elapsed="0.002550"/>
</kw>
<status status="PASS" start="2025-03-05T19:08:45.231555" elapsed="0.360214"/>
</test>
<test id="s1-t3" name="New user login" line="58">
<kw name="Create Dictionary" owner="BuiltIn">
<msg time="2025-03-05T19:08:45.597668" level="INFO">${data} = {'email': 'caleb38@example.org', 'password': '0KGe+uY2$1'}</msg>
<var>${data}</var>
<arg>email=${user_email}</arg>
<arg>password=${user_password}</arg>
<doc>Creates and returns a dictionary based on the given ``items``.</doc>
<status status="PASS" start="2025-03-05T19:08:45.596438" elapsed="0.001371"/>
</kw>
<kw name="POST" owner="RequestsLibrary">
<msg time="2025-03-05T19:08:46.505138" level="INFO">POST Request : url=https://serverest.dev/login 
 path_url=/login 
 headers={'User-Agent': 'python-requests/2.32.3', 'Accept-Encoding': 'gzip, deflate', 'Accept': '*/*', 'Connection': 'keep-alive', 'Content-Type': 'application/json', 'Content-Length': '58'} 
 body=b'{"email": "caleb38@example.org", "password": "0KGe+uY2$1"}' 
 </msg>
<msg time="2025-03-05T19:08:46.505452" level="INFO">POST Response : url=https://serverest.dev/login 
 status=200, reason=OK 
 headers={'access-control-allow-origin': '*', 'x-dns-prefetch-control': 'off', 'x-frame-options': 'SAMEORIGIN', 'strict-transport-security': 'max-age=15552000; includeSubDomains', 'x-download-options': 'noopen', 'x-content-type-options': 'nosniff', 'x-xss-protection': '1; mode=block', 'content-type': 'application/json; charset=utf-8', 'X-Cloud-Trace-Context': '6107d6788ee752c7c7b575255cd3cbca', 'Date': 'Wed, 05 Mar 2025 22:08:46 GMT', 'Server': 'Google Frontend', 'Content-Length': '280'} 
 body={
    "message": "Login realizado com sucesso",
    "authorization": "Bearer eyJhbGciOiJIUzI1NiIsInR5cCI6IkpXVCJ9.eyJlbWFpbCI6ImNhbGViMzhAZXhhbXBsZS5vcmciLCJwYXNzd29yZCI6IjBLR2UrdVkyJDEiLCJpYXQiOjE3NDEyMTI1MjYsImV4cCI6MTc0MTIxMzEyNn0.vmTLrtB1EmxMX-RrejrJzafvtdiceDd5RdCTv03vs3g"
} 
 </msg>
<msg time="2025-03-05T19:08:46.505900" level="INFO">${response} = &lt;Response [200]&gt;</msg>
<var>${response}</var>
<arg>${BASE_URL}/login</arg>
<arg>json=${data}</arg>
<arg>headers=${HEADERS}</arg>
<doc>Sends a POST request.</doc>
<status status="PASS" start="2025-03-05T19:08:45.598879" elapsed="0.907147"/>
</kw>
<kw name="Should Be Equal As Strings" owner="BuiltIn">
<msg time="2025-03-05T19:08:46.510108" level="INFO">Argument types are:
&lt;class 'int'&gt;
&lt;class 'str'&gt;</msg>
<arg>${response.status_code}</arg>
<arg>200</arg>
<doc>Fails if objects are unequal after converting them to strings.</doc>
<status status="PASS" start="2025-03-05T19:08:46.507291" elapsed="0.003068"/>
</kw>
<kw name="Should Contain" owner="BuiltIn">
<arg>${response.json()}</arg>
<arg>message</arg>
<doc>Fails if ``container`` does not contain ``item`` one or more times.</doc>
<status status="PASS" start="2025-03-05T19:08:46.511040" elapsed="0.001241"/>
</kw>
<kw name="Log To Console" owner="BuiltIn">
<arg>\n Login realizado com sucesso!</arg>
<doc>Logs the given message to the console.</doc>
<status status="PASS" start="2025-03-05T19:08:46.512848" elapsed="0.001073"/>
</kw>
<kw name="Log To Console" owner="BuiltIn">
<arg>Resposta: ${response.json()}[message]</arg>
<doc>Logs the given message to the console.</doc>
<status status="PASS" start="2025-03-05T19:08:46.514580" elapsed="0.002044"/>
</kw>
<status status="PASS" start="2025-03-05T19:08:45.594794" elapsed="0.922339"/>
</test>
<status status="PASS" start="2025-03-05T19:08:44.051848" elapsed="2.467497"/>
</suite>
<statistics>
<total>
<stat pass="3" fail="0" skip="0">All Tests</stat>
</total>
<tag>
</tag>
<suite>
<stat name="Test New User" id="s1" pass="3" fail="0" skip="0">Test New User</stat>
</suite>
</statistics>
<errors>
</errors>
</robot>
