<?xml version="1.0" encoding="UTF-8"?>
<robot generator="Robot 7.3.1 (Python 3.12.9 on win32)" generated="2025-06-25T12:09:35.539386" rpa="false" schemaversion="5">
<suite id="s1" name="Tests" source="C:\tayse\learning\PythonProjects\Robot\robot-api-tests\tests">
<kw name="Log" owner="BuiltIn" type="SETUP">
<msg time="2025-06-25T12:09:37.061457" level="INFO">Starting user management and authentication suite</msg>
<arg>Starting user management and authentication suite</arg>
<doc>Logs the given message with the given level.</doc>
<status status="PASS" start="2025-06-25T12:09:37.061457" elapsed="0.000000"/>
</kw>
<suite id="s1-s1" name="Login" source="C:\tayse\learning\PythonProjects\Robot\robot-api-tests\tests\login">
<suite id="s1-s1-s1" name="Post Login" source="C:\tayse\learning\PythonProjects\Robot\robot-api-tests\tests\login\post_login.robot">
<kw name="Create And Register New User" owner="utils" type="SETUP">
<kw name="Generate new user" owner="utils">
<kw name="Name" owner="FakerLibrary">
<msg time="2025-06-25T12:09:37.082934" level="INFO">${nome} = Hailey Murray</msg>
<var>${nome}</var>
<doc>:example: 'John Doe'</doc>
<status status="PASS" start="2025-06-25T12:09:37.081926" elapsed="0.001008"/>
</kw>
<kw name="Email" owner="FakerLibrary">
<msg time="2025-06-25T12:09:37.082934" level="INFO">${email} = victorialozano@example.net</msg>
<var>${email}</var>
<status status="PASS" start="2025-06-25T12:09:37.082934" elapsed="0.000000"/>
</kw>
<kw name="Password" owner="FakerLibrary">
<msg time="2025-06-25T12:09:37.082934" level="INFO">${password} = kO1M$Hai5+</msg>
<var>${password}</var>
<doc>Generate a random password of the specified ``length``.</doc>
<status status="PASS" start="2025-06-25T12:09:37.082934" elapsed="0.000000"/>
</kw>
<variable name="&amp;{user_data}">
<msg time="2025-06-25T12:09:37.082934" level="INFO">&amp;{user_data} = { nome=Hailey Murray | email=victorialozano@example.net | password=kO1M$Hai5+ | administrador=true }</msg>
<var>nome=${nome}</var>
<var>email=${email}</var>
<var>password=${password}</var>
<var>administrador=true</var>
<status status="PASS" start="2025-06-25T12:09:37.082934" elapsed="0.000000"/>
</variable>
<return>
<value>${user_data}</value>
<status status="PASS" start="2025-06-25T12:09:37.082934" elapsed="0.000999"/>
</return>
<msg time="2025-06-25T12:09:37.083933" level="INFO">${user_data} = {'nome': 'Hailey Murray', 'email': 'victorialozano@example.net', 'password': 'kO1M$Hai5+', 'administrador': 'true'}</msg>
<var>${user_data}</var>
<doc>Generates fake user data for testing purposes using FakerLibrary</doc>
<status status="PASS" start="2025-06-25T12:09:37.081926" elapsed="0.002007"/>
</kw>
<kw name="Post new user" owner="action_keywords">
<kw name="Post Users" owner="post_usuarios">
<kw name="POST" owner="RequestsLibrary">
<msg time="2025-06-25T12:09:37.577202" level="INFO">POST Request : url=https://serverest.dev/usuarios 
 path_url=/usuarios 
 headers={'User-Agent': 'python-requests/2.32.3', 'Accept-Encoding': 'gzip, deflate', 'Accept': '*/*', 'Connection': 'keep-alive', 'Content-Type': 'application/json', 'Content-Length': '115'} 
 body=b'{"nome": "Hailey Murray", "email": "victorialozano@example.net", "password": "kO1M$Hai5+", "administrador": "true"}' 
 </msg>
<msg time="2025-06-25T12:09:37.577202" level="INFO">POST Response : url=https://serverest.dev/usuarios 
 status=201, reason=Created 
 headers={'access-control-allow-origin': '*', 'x-dns-prefetch-control': 'off', 'x-frame-options': 'SAMEORIGIN', 'strict-transport-security': 'max-age=15552000; includeSubDomains', 'x-download-options': 'noopen', 'x-content-type-options': 'nosniff', 'x-xss-protection': '1; mode=block', 'content-type': 'application/json; charset=utf-8', 'x-cloud-trace-context': 'c224144bc66037c3d64c34f6f84813f2', 'date': 'Wed, 25 Jun 2025 15:09:37 GMT', 'server': 'Google Frontend', 'Content-Length': '82'} 
 body={
    "message": "Cadastro realizado com sucesso",
    "_id": "rPYCQRi6uBa5IvTq"
} 
 </msg>
<msg time="2025-06-25T12:09:37.577202" level="INFO">${response} = &lt;Response [201]&gt;</msg>
<var>${response}</var>
<arg>${BASE_URL}/usuarios</arg>
<arg>json=${payload}</arg>
<arg>headers=${HEADERS}</arg>
<arg>expected_status=any</arg>
<doc>Sends a POST request.</doc>
<status status="PASS" start="2025-06-25T12:09:37.083933" elapsed="0.493269"/>
</kw>
<return>
<value>${response}</value>
<status status="PASS" start="2025-06-25T12:09:37.577202" elapsed="0.000000"/>
</return>
<msg time="2025-06-25T12:09:37.578198" level="INFO">${response} = &lt;Response [201]&gt;</msg>
<var>${response}</var>
<arg>${user_data}</arg>
<arg>${HEADERS}</arg>
<doc>Sends a POST request to the specified endpoint with the given payload and headers</doc>
<status status="PASS" start="2025-06-25T12:09:37.083933" elapsed="0.494265"/>
</kw>
<return>
<value>${response}</value>
<status status="PASS" start="2025-06-25T12:09:37.578198" elapsed="0.000000"/>
</return>
<msg time="2025-06-25T12:09:37.578198" level="INFO">${response} = &lt;Response [201]&gt;</msg>
<var>${response}</var>
<arg>${user_data}</arg>
<doc>Creates a new user by sending a POST request with the provided user data</doc>
<status status="PASS" start="2025-06-25T12:09:37.083933" elapsed="0.494265"/>
</kw>
<kw name="Set To Dictionary" owner="Collections">
<arg>${user_data}</arg>
<arg>id=${response.json()}[_id]</arg>
<doc>Adds the given ``key_value_pairs`` and/or ``items`` to the ``dictionary``.</doc>
<status status="PASS" start="2025-06-25T12:09:37.579204" elapsed="0.000000"/>
</kw>
<kw name="Set Suite Variable" owner="BuiltIn">
<msg time="2025-06-25T12:09:37.580802" level="INFO">${user_data} = {'nome': 'Hailey Murray', 'email': 'victorialozano@example.net', 'password': 'kO1M$Hai5+', 'administrador': 'true', 'id': 'rPYCQRi6uBa5IvTq'}</msg>
<arg>${user_data}</arg>
<arg>${user_data}</arg>
<doc>Makes a variable available everywhere within the scope of the current suite.</doc>
<status status="PASS" start="2025-06-25T12:09:37.580802" elapsed="0.000000"/>
</kw>
<kw name="Check Successful Response" owner="utils">
<kw name="Should Be Equal As Integers" owner="BuiltIn">
<msg time="2025-06-25T12:09:37.581815" level="INFO">Argument types are:
&lt;class 'int'&gt;
&lt;class 'str'&gt;</msg>
<arg>${response.status_code}</arg>
<arg>${expected_status}</arg>
<arg>Unexpected status code: ${response.status_code}</arg>
<doc>Fails if objects are unequal after converting them to integers.</doc>
<status status="PASS" start="2025-06-25T12:09:37.580802" elapsed="0.001013"/>
</kw>
<kw name="Should Contain" owner="BuiltIn">
<arg>${response.json()}[message]</arg>
<arg>${expected_message}</arg>
<arg>Expected message '${expected_message}' not in response: ${response.json()}</arg>
<doc>Fails if ``container`` does not contain ``item`` one or more times.</doc>
<status status="PASS" start="2025-06-25T12:09:37.581815" elapsed="0.000000"/>
</kw>
<arg>${response}</arg>
<arg>201</arg>
<arg>Cadastro realizado com sucesso</arg>
<doc>Verifies that a response matches the expected status code and message.</doc>
<status status="PASS" start="2025-06-25T12:09:37.580802" elapsed="0.001013"/>
</kw>
<kw name="Log" owner="BuiltIn">
<msg time="2025-06-25T12:09:37.581815" level="INFO">User created and register successfully</msg>
<arg>User created and register successfully</arg>
<doc>Logs the given message with the given level.</doc>
<status status="PASS" start="2025-06-25T12:09:37.581815" elapsed="0.000000"/>
</kw>
<return>
<value>${user_data}</value>
<status status="PASS" start="2025-06-25T12:09:37.581815" elapsed="0.000000"/>
</return>
<doc>Generates a new user, registers it, and stores the data in the global user_data variable.</doc>
<status status="PASS" start="2025-06-25T12:09:37.080920" elapsed="0.500895"/>
</kw>
<test id="s1-s1-s1-t1" name="Login" line="9">
<kw name="Login User" owner="action_keywords">
<kw name="Set Variable If" owner="BuiltIn">
<msg time="2025-06-25T12:09:37.583256" level="INFO">${email} = victorialozano@example.net</msg>
<var>${email}</var>
<arg>'${email}' == '${None}'</arg>
<arg>${user_data}[email]</arg>
<arg>${email}</arg>
<doc>Sets variable based on the given condition.</doc>
<status status="PASS" start="2025-06-25T12:09:37.583256" elapsed="0.000000"/>
</kw>
<kw name="Set Variable If" owner="BuiltIn">
<msg time="2025-06-25T12:09:37.584346" level="INFO">${password} = kO1M$Hai5+</msg>
<var>${password}</var>
<arg>'${password}' == '${None}'</arg>
<arg>${user_data}[password]</arg>
<arg>${password}</arg>
<doc>Sets variable based on the given condition.</doc>
<status status="PASS" start="2025-06-25T12:09:37.584346" elapsed="0.000000"/>
</kw>
<variable name="&amp;{payload}">
<msg time="2025-06-25T12:09:37.584346" level="INFO">&amp;{payload} = { email=victorialozano@example.net | password=kO1M$Hai5+ }</msg>
<var>email=${email}</var>
<var>password=${password}</var>
<status status="PASS" start="2025-06-25T12:09:37.584346" elapsed="0.000000"/>
</variable>
<kw name="Post Login" owner="post_login">
<kw name="POST" owner="RequestsLibrary">
<msg time="2025-06-25T12:09:38.069112" level="INFO">POST Request : url=https://serverest.dev/login 
 path_url=/login 
 headers={'User-Agent': 'python-requests/2.32.3', 'Accept-Encoding': 'gzip, deflate', 'Accept': '*/*', 'Connection': 'keep-alive', 'Content-Type': 'application/json', 'Content-Length': '65'} 
 body=b'{"email": "victorialozano@example.net", "password": "kO1M$Hai5+"}' 
 </msg>
<msg time="2025-06-25T12:09:38.069112" level="INFO">POST Response : url=https://serverest.dev/login 
 status=200, reason=OK 
 headers={'access-control-allow-origin': '*', 'x-dns-prefetch-control': 'off', 'x-frame-options': 'SAMEORIGIN', 'strict-transport-security': 'max-age=15552000; includeSubDomains', 'x-download-options': 'noopen', 'x-content-type-options': 'nosniff', 'x-xss-protection': '1; mode=block', 'content-type': 'application/json; charset=utf-8', 'x-cloud-trace-context': '547f1bc6e0fa38314eae45b2bd9108f0', 'date': 'Wed, 25 Jun 2025 15:09:38 GMT', 'server': 'Google Frontend', 'Content-Length': '289'} 
 body={
    "message": "Login realizado com sucesso",
    "authorization": "Bearer eyJhbGciOiJIUzI1NiIsInR5cCI6IkpXVCJ9.eyJlbWFpbCI6InZpY3RvcmlhbG96YW5vQGV4YW1wbGUubmV0IiwicGFzc3dvcmQiOiJrTzFNJEhhaTUrIiwiaWF0IjoxNzUwODY0MTc4LCJleHAiOjE3NTA4NjQ3Nzh9.pS2noq4P8g3sL6X_YtFOXOqRbFuIdL-Ybfsumsdt3h0"
} 
 </msg>
<msg time="2025-06-25T12:09:38.069112" level="INFO">${response} = &lt;Response [200]&gt;</msg>
<var>${response}</var>
<arg>${BASE_URL}/login</arg>
<arg>json=${payload}</arg>
<arg>headers=${HEADERS}</arg>
<arg>expected_status=any</arg>
<doc>Sends a POST request.</doc>
<status status="PASS" start="2025-06-25T12:09:37.584346" elapsed="0.484766"/>
</kw>
<return>
<value>${response}</value>
<status status="PASS" start="2025-06-25T12:09:38.069112" elapsed="0.000000"/>
</return>
<msg time="2025-06-25T12:09:38.069112" level="INFO">${response} = &lt;Response [200]&gt;</msg>
<var>${response}</var>
<arg>${payload}</arg>
<arg>${HEADERS}</arg>
<doc>Sends a POST request to the specified endpoint with the given payload and headers</doc>
<status status="PASS" start="2025-06-25T12:09:37.584346" elapsed="0.484766"/>
</kw>
<kw name="Log" owner="BuiltIn">
<msg time="2025-06-25T12:09:38.070620" level="INFO">Login successful. Token stored in user_data.</msg>
<arg>Login successful. Token stored in user_data.</arg>
<doc>Logs the given message with the given level.</doc>
<status status="PASS" start="2025-06-25T12:09:38.070620" elapsed="0.000000"/>
</kw>
<return>
<value>${response}</value>
<status status="PASS" start="2025-06-25T12:09:38.070620" elapsed="0.000000"/>
</return>
<msg time="2025-06-25T12:09:38.070620" level="INFO">${response} = &lt;Response [200]&gt;</msg>
<var>${response}</var>
<doc>Performs a login request with optional custom credentials or defaults to stored user data.</doc>
<status status="PASS" start="2025-06-25T12:09:37.583256" elapsed="0.487364"/>
</kw>
<kw name="Check Successful Response" owner="utils">
<kw name="Should Be Equal As Integers" owner="BuiltIn">
<msg time="2025-06-25T12:09:38.072628" level="INFO">Argument types are:
&lt;class 'int'&gt;
&lt;class 'str'&gt;</msg>
<arg>${response.status_code}</arg>
<arg>${expected_status}</arg>
<arg>Unexpected status code: ${response.status_code}</arg>
<doc>Fails if objects are unequal after converting them to integers.</doc>
<status status="PASS" start="2025-06-25T12:09:38.071626" elapsed="0.001002"/>
</kw>
<kw name="Should Contain" owner="BuiltIn">
<arg>${response.json()}[message]</arg>
<arg>${expected_message}</arg>
<arg>Expected message '${expected_message}' not in response: ${response.json()}</arg>
<doc>Fails if ``container`` does not contain ``item`` one or more times.</doc>
<status status="PASS" start="2025-06-25T12:09:38.072628" elapsed="0.001048"/>
</kw>
<arg>${response}</arg>
<arg>200</arg>
<arg>Login realizado com sucesso</arg>
<doc>Verifies that a response matches the expected status code and message.</doc>
<status status="PASS" start="2025-06-25T12:09:38.071626" elapsed="0.002050"/>
</kw>
<kw name="Log" owner="BuiltIn">
<msg time="2025-06-25T12:09:38.074625" level="INFO">Status Code: 200</msg>
<arg>Status Code: ${response.status_code}</arg>
<doc>Logs the given message with the given level.</doc>
<status status="PASS" start="2025-06-25T12:09:38.073676" elapsed="0.000949"/>
</kw>
<kw name="Log" owner="BuiltIn">
<msg time="2025-06-25T12:09:38.074625" level="INFO">Received Message: Login realizado com sucesso</msg>
<arg>Received Message: ${response.json()}[message]</arg>
<doc>Logs the given message with the given level.</doc>
<status status="PASS" start="2025-06-25T12:09:38.074625" elapsed="0.000000"/>
</kw>
<doc>Logs in a user with valid credentials generated during creation and verifies successful authentication.</doc>
<tag>login</tag>
<tag>post_usuarios</tag>
<status status="PASS" start="2025-06-25T12:09:37.581815" elapsed="0.493825"/>
</test>
<test id="s1-s1-s1-t2" name="Login With Invalid Password" line="16">
<variable name="${email}">
<msg time="2025-06-25T12:09:38.076625" level="INFO">${email} = victorialozano@example.net</msg>
<var>${user_data}[email]</var>
<status status="PASS" start="2025-06-25T12:09:38.076625" elapsed="0.000000"/>
</variable>
<kw name="Login User" owner="action_keywords">
<kw name="Set Variable If" owner="BuiltIn">
<msg time="2025-06-25T12:09:38.077635" level="INFO">${email} = victorialozano@example.net</msg>
<var>${email}</var>
<arg>'${email}' == '${None}'</arg>
<arg>${user_data}[email]</arg>
<arg>${email}</arg>
<doc>Sets variable based on the given condition.</doc>
<status status="PASS" start="2025-06-25T12:09:38.077635" elapsed="0.000000"/>
</kw>
<kw name="Set Variable If" owner="BuiltIn">
<msg time="2025-06-25T12:09:38.077635" level="INFO">${password} = wrongpassword123</msg>
<var>${password}</var>
<arg>'${password}' == '${None}'</arg>
<arg>${user_data}[password]</arg>
<arg>${password}</arg>
<doc>Sets variable based on the given condition.</doc>
<status status="PASS" start="2025-06-25T12:09:38.077635" elapsed="0.000000"/>
</kw>
<variable name="&amp;{payload}">
<msg time="2025-06-25T12:09:38.077635" level="INFO">&amp;{payload} = { email=victorialozano@example.net | password=wrongpassword123 }</msg>
<var>email=${email}</var>
<var>password=${password}</var>
<status status="PASS" start="2025-06-25T12:09:38.077635" elapsed="0.000000"/>
</variable>
<kw name="Post Login" owner="post_login">
<kw name="POST" owner="RequestsLibrary">
<msg time="2025-06-25T12:09:38.567290" level="INFO">POST Request : url=https://serverest.dev/login 
 path_url=/login 
 headers={'User-Agent': 'python-requests/2.32.3', 'Accept-Encoding': 'gzip, deflate', 'Accept': '*/*', 'Connection': 'keep-alive', 'Content-Type': 'application/json', 'Content-Length': '71'} 
 body=b'{"email": "victorialozano@example.net", "password": "wrongpassword123"}' 
 </msg>
<msg time="2025-06-25T12:09:38.567290" level="INFO">POST Response : url=https://serverest.dev/login 
 status=401, reason=Unauthorized 
 headers={'access-control-allow-origin': '*', 'x-dns-prefetch-control': 'off', 'x-frame-options': 'SAMEORIGIN', 'strict-transport-security': 'max-age=15552000; includeSubDomains', 'x-download-options': 'noopen', 'x-content-type-options': 'nosniff', 'x-xss-protection': '1; mode=block', 'content-type': 'application/json; charset=utf-8', 'x-cloud-trace-context': 'fcd7a86f8ffdb587449f65af9dee729a', 'date': 'Wed, 25 Jun 2025 15:09:38 GMT', 'server': 'Google Frontend', 'Content-Length': '48'} 
 body={
    "message": "Email e/ou senha inválidos"
} 
 </msg>
<msg time="2025-06-25T12:09:38.568284" level="INFO">${response} = &lt;Response [401]&gt;</msg>
<var>${response}</var>
<arg>${BASE_URL}/login</arg>
<arg>json=${payload}</arg>
<arg>headers=${HEADERS}</arg>
<arg>expected_status=any</arg>
<doc>Sends a POST request.</doc>
<status status="PASS" start="2025-06-25T12:09:38.077635" elapsed="0.490649"/>
</kw>
<return>
<value>${response}</value>
<status status="PASS" start="2025-06-25T12:09:38.568284" elapsed="0.000000"/>
</return>
<msg time="2025-06-25T12:09:38.568284" level="INFO">${response} = &lt;Response [401]&gt;</msg>
<var>${response}</var>
<arg>${payload}</arg>
<arg>${HEADERS}</arg>
<doc>Sends a POST request to the specified endpoint with the given payload and headers</doc>
<status status="PASS" start="2025-06-25T12:09:38.077635" elapsed="0.490649"/>
</kw>
<kw name="Log" owner="BuiltIn">
<msg time="2025-06-25T12:09:38.569281" level="INFO">Login successful. Token stored in user_data.</msg>
<arg>Login successful. Token stored in user_data.</arg>
<doc>Logs the given message with the given level.</doc>
<status status="PASS" start="2025-06-25T12:09:38.569281" elapsed="0.000000"/>
</kw>
<return>
<value>${response}</value>
<status status="PASS" start="2025-06-25T12:09:38.569281" elapsed="0.000000"/>
</return>
<msg time="2025-06-25T12:09:38.569281" level="INFO">${response} = &lt;Response [401]&gt;</msg>
<var>${response}</var>
<arg>${email}</arg>
<arg>wrongpassword123</arg>
<doc>Performs a login request with optional custom credentials or defaults to stored user data.</doc>
<status status="PASS" start="2025-06-25T12:09:38.076625" elapsed="0.492656"/>
</kw>
<kw name="Verify Error Response" owner="utils">
<kw name="Should Be Equal As Integers" owner="BuiltIn">
<msg time="2025-06-25T12:09:38.572908" level="INFO">Argument types are:
&lt;class 'int'&gt;
&lt;class 'str'&gt;</msg>
<arg>${response.status_code}</arg>
<arg>${expected_status}</arg>
<arg>Unexpected status code: ${response.status_code}</arg>
<doc>Fails if objects are unequal after converting them to integers.</doc>
<status status="PASS" start="2025-06-25T12:09:38.570814" elapsed="0.002094"/>
</kw>
<kw name="Get From Dictionary" owner="Collections">
<msg time="2025-06-25T12:09:38.573909" level="INFO">${error_message} = Email e/ou senha inválidos</msg>
<var>${error_message}</var>
<arg>${response.json()}</arg>
<arg>${field}</arg>
<arg>default=${None}</arg>
<doc>Returns a value from the given ``dictionary`` based on the given ``key``.</doc>
<status status="PASS" start="2025-06-25T12:09:38.572908" elapsed="0.001001"/>
</kw>
<if>
<branch type="IF" condition="'${error_message}' == '${None}'">
<kw name="Fail" owner="BuiltIn">
<arg>Field '${field}' not found in response: ${response.json()}</arg>
<doc>Fails the test with the given message and optionally alters its tags.</doc>
<status status="NOT RUN" start="2025-06-25T12:09:38.573909" elapsed="0.000000"/>
</kw>
<status status="NOT RUN" start="2025-06-25T12:09:38.573909" elapsed="0.000000"/>
</branch>
<status status="PASS" start="2025-06-25T12:09:38.573909" elapsed="0.000000"/>
</if>
<kw name="Should Contain" owner="BuiltIn">
<arg>${error_message}</arg>
<arg>${expected_message}</arg>
<arg>Expected '${expected_message}' not in '${error_message}'</arg>
<doc>Fails if ``container`` does not contain ``item`` one or more times.</doc>
<status status="PASS" start="2025-06-25T12:09:38.573909" elapsed="0.000933"/>
</kw>
<arg>${response}</arg>
<arg>401</arg>
<arg>Email e/ou senha inválidos</arg>
<arg>message</arg>
<doc>Verifies an error response's status code and message in a specified field.</doc>
<status status="PASS" start="2025-06-25T12:09:38.570814" elapsed="0.004028"/>
</kw>
<kw name="Log" owner="BuiltIn">
<msg time="2025-06-25T12:09:38.575832" level="INFO">Failed Login Status: 401</msg>
<arg>Failed Login Status: ${response.status_code}</arg>
<doc>Logs the given message with the given level.</doc>
<status status="PASS" start="2025-06-25T12:09:38.574842" elapsed="0.000990"/>
</kw>
<kw name="Log" owner="BuiltIn">
<msg time="2025-06-25T12:09:38.575832" level="INFO">Failed Login Message: Email e/ou senha inválidos</msg>
<arg>Failed Login Message: ${response.json()}[message]</arg>
<doc>Logs the given message with the given level.</doc>
<status status="PASS" start="2025-06-25T12:09:38.575832" elapsed="0.000000"/>
</kw>
<doc>Attempts to log in with a registered email and an incorrect password, expecting a failure.</doc>
<tag>login</tag>
<tag>post_usuarios</tag>
<status status="PASS" start="2025-06-25T12:09:38.075640" elapsed="0.501182"/>
</test>
<doc>Tests for user login operations in the ServeRest API</doc>
<status status="PASS" start="2025-06-25T12:09:37.064462" elapsed="1.512360"/>
</suite>
<status status="PASS" start="2025-06-25T12:09:37.061457" elapsed="1.516368"/>
</suite>
<suite id="s1-s2" name="Products" source="C:\tayse\learning\PythonProjects\Robot\robot-api-tests\tests\products">
<suite id="s1-s2-s1" name="Get Produtos" source="C:\tayse\learning\PythonProjects\Robot\robot-api-tests\tests\products\get_produtos.robot">
<kw name="Create And Register New User" owner="utils" type="SETUP">
<kw name="Generate new user" owner="utils">
<kw name="Name" owner="FakerLibrary">
<msg time="2025-06-25T12:09:38.599010" level="INFO">${nome} = Howard Vasquez</msg>
<var>${nome}</var>
<doc>:example: 'John Doe'</doc>
<status status="PASS" start="2025-06-25T12:09:38.599010" elapsed="0.000000"/>
</kw>
<kw name="Email" owner="FakerLibrary">
<msg time="2025-06-25T12:09:38.600513" level="INFO">${email} = schmidtbonnie@example.com</msg>
<var>${email}</var>
<status status="PASS" start="2025-06-25T12:09:38.599010" elapsed="0.001503"/>
</kw>
<kw name="Password" owner="FakerLibrary">
<msg time="2025-06-25T12:09:38.600513" level="INFO">${password} = T)1EADfa#!</msg>
<var>${password}</var>
<doc>Generate a random password of the specified ``length``.</doc>
<status status="PASS" start="2025-06-25T12:09:38.600513" elapsed="0.000000"/>
</kw>
<variable name="&amp;{user_data}">
<msg time="2025-06-25T12:09:38.600513" level="INFO">&amp;{user_data} = { nome=Howard Vasquez | email=schmidtbonnie@example.com | password=T)1EADfa#! | administrador=true }</msg>
<var>nome=${nome}</var>
<var>email=${email}</var>
<var>password=${password}</var>
<var>administrador=true</var>
<status status="PASS" start="2025-06-25T12:09:38.600513" elapsed="0.000000"/>
</variable>
<return>
<value>${user_data}</value>
<status status="PASS" start="2025-06-25T12:09:38.600513" elapsed="0.000000"/>
</return>
<msg time="2025-06-25T12:09:38.600513" level="INFO">${user_data} = {'nome': 'Howard Vasquez', 'email': 'schmidtbonnie@example.com', 'password': 'T)1EADfa#!', 'administrador': 'true'}</msg>
<var>${user_data}</var>
<doc>Generates fake user data for testing purposes using FakerLibrary</doc>
<status status="PASS" start="2025-06-25T12:09:38.599010" elapsed="0.001503"/>
</kw>
<kw name="Post new user" owner="action_keywords">
<kw name="Post Users" owner="post_usuarios">
<kw name="POST" owner="RequestsLibrary">
<msg time="2025-06-25T12:09:39.073688" level="INFO">POST Request : url=https://serverest.dev/usuarios 
 path_url=/usuarios 
 headers={'User-Agent': 'python-requests/2.32.3', 'Accept-Encoding': 'gzip, deflate', 'Accept': '*/*', 'Connection': 'keep-alive', 'Content-Type': 'application/json', 'Content-Length': '115'} 
 body=b'{"nome": "Howard Vasquez", "email": "schmidtbonnie@example.com", "password": "T)1EADfa#!", "administrador": "true"}' 
 </msg>
<msg time="2025-06-25T12:09:39.073688" level="INFO">POST Response : url=https://serverest.dev/usuarios 
 status=201, reason=Created 
 headers={'access-control-allow-origin': '*', 'x-dns-prefetch-control': 'off', 'x-frame-options': 'SAMEORIGIN', 'strict-transport-security': 'max-age=15552000; includeSubDomains', 'x-download-options': 'noopen', 'x-content-type-options': 'nosniff', 'x-xss-protection': '1; mode=block', 'content-type': 'application/json; charset=utf-8', 'x-cloud-trace-context': '33a970c87b8c46dcfb9ec778d65c3909', 'date': 'Wed, 25 Jun 2025 15:09:39 GMT', 'server': 'Google Frontend', 'Content-Length': '82'} 
 body={
    "message": "Cadastro realizado com sucesso",
    "_id": "evc8AHCEO8KKNrLx"
} 
 </msg>
<msg time="2025-06-25T12:09:39.074685" level="INFO">${response} = &lt;Response [201]&gt;</msg>
<var>${response}</var>
<arg>${BASE_URL}/usuarios</arg>
<arg>json=${payload}</arg>
<arg>headers=${HEADERS}</arg>
<arg>expected_status=any</arg>
<doc>Sends a POST request.</doc>
<status status="PASS" start="2025-06-25T12:09:38.600513" elapsed="0.474172"/>
</kw>
<return>
<value>${response}</value>
<status status="PASS" start="2025-06-25T12:09:39.074685" elapsed="0.001074"/>
</return>
<msg time="2025-06-25T12:09:39.075759" level="INFO">${response} = &lt;Response [201]&gt;</msg>
<var>${response}</var>
<arg>${user_data}</arg>
<arg>${HEADERS}</arg>
<doc>Sends a POST request to the specified endpoint with the given payload and headers</doc>
<status status="PASS" start="2025-06-25T12:09:38.600513" elapsed="0.475246"/>
</kw>
<return>
<value>${response}</value>
<status status="PASS" start="2025-06-25T12:09:39.075759" elapsed="0.000000"/>
</return>
<msg time="2025-06-25T12:09:39.075759" level="INFO">${response} = &lt;Response [201]&gt;</msg>
<var>${response}</var>
<arg>${user_data}</arg>
<doc>Creates a new user by sending a POST request with the provided user data</doc>
<status status="PASS" start="2025-06-25T12:09:38.600513" elapsed="0.475246"/>
</kw>
<kw name="Set To Dictionary" owner="Collections">
<arg>${user_data}</arg>
<arg>id=${response.json()}[_id]</arg>
<doc>Adds the given ``key_value_pairs`` and/or ``items`` to the ``dictionary``.</doc>
<status status="PASS" start="2025-06-25T12:09:39.075759" elapsed="0.000992"/>
</kw>
<kw name="Set Suite Variable" owner="BuiltIn">
<msg time="2025-06-25T12:09:39.077775" level="INFO">${user_data} = {'nome': 'Howard Vasquez', 'email': 'schmidtbonnie@example.com', 'password': 'T)1EADfa#!', 'administrador': 'true', 'id': 'evc8AHCEO8KKNrLx'}</msg>
<arg>${user_data}</arg>
<arg>${user_data}</arg>
<doc>Makes a variable available everywhere within the scope of the current suite.</doc>
<status status="PASS" start="2025-06-25T12:09:39.076751" elapsed="0.001024"/>
</kw>
<kw name="Check Successful Response" owner="utils">
<kw name="Should Be Equal As Integers" owner="BuiltIn">
<msg time="2025-06-25T12:09:39.078756" level="INFO">Argument types are:
&lt;class 'int'&gt;
&lt;class 'str'&gt;</msg>
<arg>${response.status_code}</arg>
<arg>${expected_status}</arg>
<arg>Unexpected status code: ${response.status_code}</arg>
<doc>Fails if objects are unequal after converting them to integers.</doc>
<status status="PASS" start="2025-06-25T12:09:39.077775" elapsed="0.000981"/>
</kw>
<kw name="Should Contain" owner="BuiltIn">
<arg>${response.json()}[message]</arg>
<arg>${expected_message}</arg>
<arg>Expected message '${expected_message}' not in response: ${response.json()}</arg>
<doc>Fails if ``container`` does not contain ``item`` one or more times.</doc>
<status status="PASS" start="2025-06-25T12:09:39.078756" elapsed="0.001003"/>
</kw>
<arg>${response}</arg>
<arg>201</arg>
<arg>Cadastro realizado com sucesso</arg>
<doc>Verifies that a response matches the expected status code and message.</doc>
<status status="PASS" start="2025-06-25T12:09:39.077775" elapsed="0.001984"/>
</kw>
<kw name="Log" owner="BuiltIn">
<msg time="2025-06-25T12:09:39.079759" level="INFO">User created and register successfully</msg>
<arg>User created and register successfully</arg>
<doc>Logs the given message with the given level.</doc>
<status status="PASS" start="2025-06-25T12:09:39.079759" elapsed="0.000000"/>
</kw>
<return>
<value>${user_data}</value>
<status status="PASS" start="2025-06-25T12:09:39.079759" elapsed="0.000000"/>
</return>
<doc>Generates a new user, registers it, and stores the data in the global user_data variable.</doc>
<status status="PASS" start="2025-06-25T12:09:38.599010" elapsed="0.480749"/>
</kw>
<test id="s1-s2-s1-t1" name="GET All Products - No Filters" line="8">
<kw name="Create And Register New Product" owner="utils">
<kw name="Login registered user and save token" owner="utils">
<kw name="Create And Register New User" owner="utils">
<kw name="Generate new user" owner="utils">
<kw name="Name" owner="FakerLibrary">
<msg time="2025-06-25T12:09:39.081973" level="INFO">${nome} = Debra Romero</msg>
<var>${nome}</var>
<doc>:example: 'John Doe'</doc>
<status status="PASS" start="2025-06-25T12:09:39.081973" elapsed="0.000000"/>
</kw>
<kw name="Email" owner="FakerLibrary">
<msg time="2025-06-25T12:09:39.081973" level="INFO">${email} = sarahcruz@example.org</msg>
<var>${email}</var>
<status status="PASS" start="2025-06-25T12:09:39.081973" elapsed="0.000000"/>
</kw>
<kw name="Password" owner="FakerLibrary">
<msg time="2025-06-25T12:09:39.082970" level="INFO">${password} = 5auT)@Vi&amp;D</msg>
<var>${password}</var>
<doc>Generate a random password of the specified ``length``.</doc>
<status status="PASS" start="2025-06-25T12:09:39.081973" elapsed="0.000997"/>
</kw>
<variable name="&amp;{user_data}">
<msg time="2025-06-25T12:09:39.082970" level="INFO">&amp;{user_data} = { nome=Debra Romero | email=sarahcruz@example.org | password=5auT)@Vi&amp;D | administrador=true }</msg>
<var>nome=${nome}</var>
<var>email=${email}</var>
<var>password=${password}</var>
<var>administrador=true</var>
<status status="PASS" start="2025-06-25T12:09:39.082970" elapsed="0.000000"/>
</variable>
<return>
<value>${user_data}</value>
<status status="PASS" start="2025-06-25T12:09:39.082970" elapsed="0.000000"/>
</return>
<msg time="2025-06-25T12:09:39.082970" level="INFO">${user_data} = {'nome': 'Debra Romero', 'email': 'sarahcruz@example.org', 'password': '5auT)@Vi&amp;D', 'administrador': 'true'}</msg>
<var>${user_data}</var>
<doc>Generates fake user data for testing purposes using FakerLibrary</doc>
<status status="PASS" start="2025-06-25T12:09:39.081973" elapsed="0.000997"/>
</kw>
<kw name="Post new user" owner="action_keywords">
<kw name="Post Users" owner="post_usuarios">
<kw name="POST" owner="RequestsLibrary">
<msg time="2025-06-25T12:09:39.553065" level="INFO">POST Request : url=https://serverest.dev/usuarios 
 path_url=/usuarios 
 headers={'User-Agent': 'python-requests/2.32.3', 'Accept-Encoding': 'gzip, deflate', 'Accept': '*/*', 'Connection': 'keep-alive', 'Content-Type': 'application/json', 'Content-Length': '109'} 
 body=b'{"nome": "Debra Romero", "email": "sarahcruz@example.org", "password": "5auT)@Vi&amp;D", "administrador": "true"}' 
 </msg>
<msg time="2025-06-25T12:09:39.553065" level="INFO">POST Response : url=https://serverest.dev/usuarios 
 status=201, reason=Created 
 headers={'access-control-allow-origin': '*', 'x-dns-prefetch-control': 'off', 'x-frame-options': 'SAMEORIGIN', 'strict-transport-security': 'max-age=15552000; includeSubDomains', 'x-download-options': 'noopen', 'x-content-type-options': 'nosniff', 'x-xss-protection': '1; mode=block', 'content-type': 'application/json; charset=utf-8', 'x-cloud-trace-context': '73de5754c2b65bcd27d2fc6fa7aaa0b6', 'date': 'Wed, 25 Jun 2025 15:09:39 GMT', 'server': 'Google Frontend', 'Content-Length': '82'} 
 body={
    "message": "Cadastro realizado com sucesso",
    "_id": "hEcoAMCenB2YoO1v"
} 
 </msg>
<msg time="2025-06-25T12:09:39.553065" level="INFO">${response} = &lt;Response [201]&gt;</msg>
<var>${response}</var>
<arg>${BASE_URL}/usuarios</arg>
<arg>json=${payload}</arg>
<arg>headers=${HEADERS}</arg>
<arg>expected_status=any</arg>
<doc>Sends a POST request.</doc>
<status status="PASS" start="2025-06-25T12:09:39.082970" elapsed="0.470095"/>
</kw>
<return>
<value>${response}</value>
<status status="PASS" start="2025-06-25T12:09:39.554073" elapsed="0.000000"/>
</return>
<msg time="2025-06-25T12:09:39.554073" level="INFO">${response} = &lt;Response [201]&gt;</msg>
<var>${response}</var>
<arg>${user_data}</arg>
<arg>${HEADERS}</arg>
<doc>Sends a POST request to the specified endpoint with the given payload and headers</doc>
<status status="PASS" start="2025-06-25T12:09:39.082970" elapsed="0.471103"/>
</kw>
<return>
<value>${response}</value>
<status status="PASS" start="2025-06-25T12:09:39.554073" elapsed="0.000000"/>
</return>
<msg time="2025-06-25T12:09:39.555032" level="INFO">${response} = &lt;Response [201]&gt;</msg>
<var>${response}</var>
<arg>${user_data}</arg>
<doc>Creates a new user by sending a POST request with the provided user data</doc>
<status status="PASS" start="2025-06-25T12:09:39.082970" elapsed="0.472062"/>
</kw>
<kw name="Set To Dictionary" owner="Collections">
<arg>${user_data}</arg>
<arg>id=${response.json()}[_id]</arg>
<doc>Adds the given ``key_value_pairs`` and/or ``items`` to the ``dictionary``.</doc>
<status status="PASS" start="2025-06-25T12:09:39.555032" elapsed="0.001020"/>
</kw>
<kw name="Set Suite Variable" owner="BuiltIn">
<msg time="2025-06-25T12:09:39.558045" level="INFO">${user_data} = {'nome': 'Debra Romero', 'email': 'sarahcruz@example.org', 'password': '5auT)@Vi&amp;D', 'administrador': 'true', 'id': 'hEcoAMCenB2YoO1v'}</msg>
<arg>${user_data}</arg>
<arg>${user_data}</arg>
<doc>Makes a variable available everywhere within the scope of the current suite.</doc>
<status status="PASS" start="2025-06-25T12:09:39.557064" elapsed="0.000981"/>
</kw>
<kw name="Check Successful Response" owner="utils">
<kw name="Should Be Equal As Integers" owner="BuiltIn">
<msg time="2025-06-25T12:09:39.559053" level="INFO">Argument types are:
&lt;class 'int'&gt;
&lt;class 'str'&gt;</msg>
<arg>${response.status_code}</arg>
<arg>${expected_status}</arg>
<arg>Unexpected status code: ${response.status_code}</arg>
<doc>Fails if objects are unequal after converting them to integers.</doc>
<status status="PASS" start="2025-06-25T12:09:39.558045" elapsed="0.001008"/>
</kw>
<kw name="Should Contain" owner="BuiltIn">
<arg>${response.json()}[message]</arg>
<arg>${expected_message}</arg>
<arg>Expected message '${expected_message}' not in response: ${response.json()}</arg>
<doc>Fails if ``container`` does not contain ``item`` one or more times.</doc>
<status status="PASS" start="2025-06-25T12:09:39.560061" elapsed="0.000999"/>
</kw>
<arg>${response}</arg>
<arg>201</arg>
<arg>Cadastro realizado com sucesso</arg>
<doc>Verifies that a response matches the expected status code and message.</doc>
<status status="PASS" start="2025-06-25T12:09:39.558045" elapsed="0.003015"/>
</kw>
<kw name="Log" owner="BuiltIn">
<msg time="2025-06-25T12:09:39.561666" level="INFO">User created and register successfully</msg>
<arg>User created and register successfully</arg>
<doc>Logs the given message with the given level.</doc>
<status status="PASS" start="2025-06-25T12:09:39.561060" elapsed="0.000606"/>
</kw>
<return>
<value>${user_data}</value>
<status status="PASS" start="2025-06-25T12:09:39.561666" elapsed="0.000000"/>
</return>
<msg time="2025-06-25T12:09:39.561666" level="INFO">${user_data} = {'nome': 'Debra Romero', 'email': 'sarahcruz@example.org', 'password': '5auT)@Vi&amp;D', 'administrador': 'true', 'id': 'hEcoAMCenB2YoO1v'}</msg>
<var>${user_data}</var>
<doc>Generates a new user, registers it, and stores the data in the global user_data variable.</doc>
<status status="PASS" start="2025-06-25T12:09:39.080761" elapsed="0.480905"/>
</kw>
<kw name="Login User" owner="action_keywords">
<kw name="Set Variable If" owner="BuiltIn">
<msg time="2025-06-25T12:09:39.561666" level="INFO">${email} = sarahcruz@example.org</msg>
<var>${email}</var>
<arg>'${email}' == '${None}'</arg>
<arg>${user_data}[email]</arg>
<arg>${email}</arg>
<doc>Sets variable based on the given condition.</doc>
<status status="PASS" start="2025-06-25T12:09:39.561666" elapsed="0.000000"/>
</kw>
<kw name="Set Variable If" owner="BuiltIn">
<msg time="2025-06-25T12:09:39.562749" level="INFO">${password} = 5auT)@Vi&amp;D</msg>
<var>${password}</var>
<arg>'${password}' == '${None}'</arg>
<arg>${user_data}[password]</arg>
<arg>${password}</arg>
<doc>Sets variable based on the given condition.</doc>
<status status="PASS" start="2025-06-25T12:09:39.561666" elapsed="0.001083"/>
</kw>
<variable name="&amp;{payload}">
<msg time="2025-06-25T12:09:39.562749" level="INFO">&amp;{payload} = { email=sarahcruz@example.org | password=5auT)@Vi&amp;D }</msg>
<var>email=${email}</var>
<var>password=${password}</var>
<status status="PASS" start="2025-06-25T12:09:39.562749" elapsed="0.000000"/>
</variable>
<kw name="Post Login" owner="post_login">
<kw name="POST" owner="RequestsLibrary">
<msg time="2025-06-25T12:09:40.051717" level="INFO">POST Request : url=https://serverest.dev/login 
 path_url=/login 
 headers={'User-Agent': 'python-requests/2.32.3', 'Accept-Encoding': 'gzip, deflate', 'Accept': '*/*', 'Connection': 'keep-alive', 'Content-Type': 'application/json', 'Content-Length': '60'} 
 body=b'{"email": "sarahcruz@example.org", "password": "5auT)@Vi&amp;D"}' 
 </msg>
<msg time="2025-06-25T12:09:40.051717" level="INFO">POST Response : url=https://serverest.dev/login 
 status=200, reason=OK 
 headers={'access-control-allow-origin': '*', 'x-dns-prefetch-control': 'off', 'x-frame-options': 'SAMEORIGIN', 'strict-transport-security': 'max-age=15552000; includeSubDomains', 'x-download-options': 'noopen', 'x-content-type-options': 'nosniff', 'x-xss-protection': '1; mode=block', 'content-type': 'application/json; charset=utf-8', 'x-cloud-trace-context': '06344f585ced8c98f8189906be602ee9', 'date': 'Wed, 25 Jun 2025 15:09:40 GMT', 'server': 'Google Frontend', 'Content-Length': '283'} 
 body={
    "message": "Login realizado com sucesso",
    "authorization": "Bearer eyJhbGciOiJIUzI1NiIsInR5cCI6IkpXVCJ9.eyJlbWFpbCI6InNhcmFoY3J1ekBleGFtcGxlLm9yZyIsInBhc3N3b3JkIjoiNWF1VClAVmkmRCIsImlhdCI6MTc1MDg2NDE4MCwiZXhwIjoxNzUwODY0NzgwfQ.Tk-Dqb_YmmLQEDdtlndLEWs41dQ7HvK-ISG6q5BaM6o"
} 
 </msg>
<msg time="2025-06-25T12:09:40.051717" level="INFO">${response} = &lt;Response [200]&gt;</msg>
<var>${response}</var>
<arg>${BASE_URL}/login</arg>
<arg>json=${payload}</arg>
<arg>headers=${HEADERS}</arg>
<arg>expected_status=any</arg>
<doc>Sends a POST request.</doc>
<status status="PASS" start="2025-06-25T12:09:39.562749" elapsed="0.488968"/>
</kw>
<return>
<value>${response}</value>
<status status="PASS" start="2025-06-25T12:09:40.051717" elapsed="0.000000"/>
</return>
<msg time="2025-06-25T12:09:40.051717" level="INFO">${response} = &lt;Response [200]&gt;</msg>
<var>${response}</var>
<arg>${payload}</arg>
<arg>${HEADERS}</arg>
<doc>Sends a POST request to the specified endpoint with the given payload and headers</doc>
<status status="PASS" start="2025-06-25T12:09:39.562749" elapsed="0.488968"/>
</kw>
<kw name="Log" owner="BuiltIn">
<msg time="2025-06-25T12:09:40.052714" level="INFO">Login successful. Token stored in user_data.</msg>
<arg>Login successful. Token stored in user_data.</arg>
<doc>Logs the given message with the given level.</doc>
<status status="PASS" start="2025-06-25T12:09:40.052714" elapsed="0.000000"/>
</kw>
<return>
<value>${response}</value>
<status status="PASS" start="2025-06-25T12:09:40.052714" elapsed="0.000000"/>
</return>
<msg time="2025-06-25T12:09:40.052714" level="INFO">${response} = &lt;Response [200]&gt;</msg>
<var>${response}</var>
<arg>${user_data}[email]</arg>
<arg>${user_data}[password]</arg>
<doc>Performs a login request with optional custom credentials or defaults to stored user data.</doc>
<status status="PASS" start="2025-06-25T12:09:39.561666" elapsed="0.491048"/>
</kw>
<kw name="Check Successful Response" owner="utils">
<kw name="Should Be Equal As Integers" owner="BuiltIn">
<msg time="2025-06-25T12:09:40.054219" level="INFO">Argument types are:
&lt;class 'int'&gt;
&lt;class 'str'&gt;</msg>
<arg>${response.status_code}</arg>
<arg>${expected_status}</arg>
<arg>Unexpected status code: ${response.status_code}</arg>
<doc>Fails if objects are unequal after converting them to integers.</doc>
<status status="PASS" start="2025-06-25T12:09:40.052714" elapsed="0.001505"/>
</kw>
<kw name="Should Contain" owner="BuiltIn">
<arg>${response.json()}[message]</arg>
<arg>${expected_message}</arg>
<arg>Expected message '${expected_message}' not in response: ${response.json()}</arg>
<doc>Fails if ``container`` does not contain ``item`` one or more times.</doc>
<status status="PASS" start="2025-06-25T12:09:40.054219" elapsed="0.001008"/>
</kw>
<arg>${response}</arg>
<arg>200</arg>
<arg>Login realizado com sucesso</arg>
<doc>Verifies that a response matches the expected status code and message.</doc>
<status status="PASS" start="2025-06-25T12:09:40.052714" elapsed="0.002513"/>
</kw>
<variable name="${token}">
<msg time="2025-06-25T12:09:40.055227" level="INFO">${token} = Bearer eyJhbGciOiJIUzI1NiIsInR5cCI6IkpXVCJ9.eyJlbWFpbCI6InNhcmFoY3J1ekBleGFtcGxlLm9yZyIsInBhc3N3b3JkIjoiNWF1VClAVmkmRCIsImlhdCI6MTc1MDg2NDE4MCwiZXhwIjoxNzUwODY0NzgwfQ.Tk-Dqb_YmmLQEDdtlndLEWs41dQ7HvK-I...</msg>
<var>${response.json()}[authorization]</var>
<status status="PASS" start="2025-06-25T12:09:40.055227" elapsed="0.000000"/>
</variable>
<kw name="Set To Dictionary" owner="Collections">
<arg>${user_data}</arg>
<arg>token=${token}</arg>
<doc>Adds the given ``key_value_pairs`` and/or ``items`` to the ``dictionary``.</doc>
<status status="PASS" start="2025-06-25T12:09:40.055227" elapsed="0.001000"/>
</kw>
<kw name="Set Suite Variable" owner="BuiltIn">
<msg time="2025-06-25T12:09:40.056227" level="INFO">${user_data} = {'nome': 'Debra Romero', 'email': 'sarahcruz@example.org', 'password': '5auT)@Vi&amp;D', 'administrador': 'true', 'id': 'hEcoAMCenB2YoO1v', 'token': 'Bearer eyJhbGciOiJIUzI1NiIsInR5cCI6IkpXVCJ9.eyJlbWFpbC...</msg>
<arg>${user_data}</arg>
<arg>${user_data}</arg>
<doc>Makes a variable available everywhere within the scope of the current suite.</doc>
<status status="PASS" start="2025-06-25T12:09:40.056227" elapsed="0.000000"/>
</kw>
<kw name="Log" owner="BuiltIn">
<msg time="2025-06-25T12:09:40.057227" level="INFO">Status Code: 200</msg>
<arg>Status Code: ${response.status_code}</arg>
<doc>Logs the given message with the given level.</doc>
<status status="PASS" start="2025-06-25T12:09:40.056227" elapsed="0.001000"/>
</kw>
<kw name="Log" owner="BuiltIn">
<msg time="2025-06-25T12:09:40.057227" level="INFO">Received Message: Login realizado com sucesso</msg>
<arg>Received Message: ${response.json()}[message]</arg>
<doc>Logs the given message with the given level.</doc>
<status status="PASS" start="2025-06-25T12:09:40.057227" elapsed="0.000000"/>
</kw>
<return>
<value>${user_data}</value>
<status status="PASS" start="2025-06-25T12:09:40.057227" elapsed="0.000000"/>
</return>
<doc>Creates a new user, logs in with the generated credentials, extracts the auth token,
and stores all user data (including the token) globally</doc>
<status status="PASS" start="2025-06-25T12:09:39.080761" elapsed="0.976466"/>
</kw>
<kw name="Generate And Save Random Product Data" owner="utils">
<kw name="Company" owner="FakerLibrary">
<msg time="2025-06-25T12:09:40.058225" level="INFO">${random_name} = Huber, Freeman and Rush</msg>
<var>${random_name}</var>
<doc>:example: 'Acme Ltd'</doc>
<status status="PASS" start="2025-06-25T12:09:40.057227" elapsed="0.000998"/>
</kw>
<kw name="Random Int" owner="FakerLibrary">
<msg time="2025-06-25T12:09:40.058225" level="INFO">${random_price} = 814</msg>
<var>${random_price}</var>
<arg>min=10</arg>
<arg>max=1000</arg>
<doc>Generate a random integer between two integers ``min`` and ``max`` inclusive
while observing the provided ``step`` value.</doc>
<status status="PASS" start="2025-06-25T12:09:40.058225" elapsed="0.000000"/>
</kw>
<kw name="Paragraph" owner="FakerLibrary">
<msg time="2025-06-25T12:09:40.058225" level="INFO">${random_description} = Order land design glass arrive most we. Forget cultural plan last huge successful summer.</msg>
<var>${random_description}</var>
<arg>nb_sentences=2</arg>
<doc>Generate a paragraph.</doc>
<status status="PASS" start="2025-06-25T12:09:40.058225" elapsed="0.000000"/>
</kw>
<kw name="Random Int" owner="FakerLibrary">
<msg time="2025-06-25T12:09:40.058225" level="INFO">${random_quantity} = 92</msg>
<var>${random_quantity}</var>
<arg>min=1</arg>
<arg>max=100</arg>
<doc>Generate a random integer between two integers ``min`` and ``max`` inclusive
while observing the provided ``step`` value.</doc>
<status status="PASS" start="2025-06-25T12:09:40.058225" elapsed="0.000000"/>
</kw>
<variable name="&amp;{create_product_data}">
<msg time="2025-06-25T12:09:40.059225" level="INFO">&amp;{create_product_data} = { nome=Huber, Freeman and Rush | preco=814 | descricao=Order land design glass arrive most we. Forget cultural plan last huge successful summer. | quantidade=92 }</msg>
<var>nome=${random_name}</var>
<var>preco=${random_price}</var>
<var>descricao=${random_description}</var>
<var>quantidade=${random_quantity}</var>
<status status="PASS" start="2025-06-25T12:09:40.058225" elapsed="0.001000"/>
</variable>
<kw name="Convert To Json" owner="JsonValidator">
<msg time="2025-06-25T12:09:40.059225" level="INFO">${product_data} = {'nome': 'Huber, Freeman and Rush', 'preco': 814, 'descricao': 'Order land design glass arrive most we. Forget cultural plan last huge successful summer.', 'quantidade': 92}</msg>
<var>${product_data}</var>
<arg>${create_product_data}</arg>
<doc>Convert a python object to JsonType.</doc>
<status status="PASS" start="2025-06-25T12:09:40.059225" elapsed="0.000000"/>
</kw>
<return>
<value>${product_data}</value>
<status status="PASS" start="2025-06-25T12:09:40.059225" elapsed="0.000000"/>
</return>
<msg time="2025-06-25T12:09:40.059225" level="INFO">${product_data} = {'nome': 'Huber, Freeman and Rush', 'preco': 814, 'descricao': 'Order land design glass arrive most we. Forget cultural plan last huge successful summer.', 'quantidade': 92}</msg>
<var>${product_data}</var>
<doc>Creates random product data, converts to json file and saves it to a variable.</doc>
<status status="PASS" start="2025-06-25T12:09:40.057227" elapsed="0.001998"/>
</kw>
<variable name="${token}">
<msg time="2025-06-25T12:09:40.059225" level="INFO">${token} = Bearer eyJhbGciOiJIUzI1NiIsInR5cCI6IkpXVCJ9.eyJlbWFpbCI6InNhcmFoY3J1ekBleGFtcGxlLm9yZyIsInBhc3N3b3JkIjoiNWF1VClAVmkmRCIsImlhdCI6MTc1MDg2NDE4MCwiZXhwIjoxNzUwODY0NzgwfQ.Tk-Dqb_YmmLQEDdtlndLEWs41dQ7HvK-I...</msg>
<var>${user_data}[token]</var>
<status status="PASS" start="2025-06-25T12:09:40.059225" elapsed="0.000000"/>
</variable>
<variable name="&amp;{headers}">
<msg time="2025-06-25T12:09:40.059225" level="INFO">&amp;{headers} = { Authorization=Bearer eyJhbGciOiJIUzI1NiIsInR5cCI6IkpXVCJ9.eyJlbWFpbCI6InNhcmFoY3J1ekBleGFtcGxlLm9yZyIsInBhc3N3b3JkIjoiNWF1VClAVmkmRCIsImlhdCI6MTc1MDg2NDE4MCwiZXhwIjoxNzUwODY0NzgwfQ.Tk-Dqb_YmmLQEDdtl...</msg>
<var>Authorization=${token}</var>
<var>Content-Type=application/json</var>
<status status="PASS" start="2025-06-25T12:09:40.059225" elapsed="0.000000"/>
</variable>
<kw name="Post new product" owner="action_keywords">
<kw name="Post Products" owner="post_produtos">
<kw name="POST" owner="RequestsLibrary">
<msg time="2025-06-25T12:09:40.543744" level="INFO">POST Request : url=https://serverest.dev/produtos 
 path_url=/produtos 
 headers={'User-Agent': 'python-requests/2.32.3', 'Accept-Encoding': 'gzip, deflate', 'Accept': '*/*', 'Connection': 'keep-alive', 'Authorization': 'Bearer eyJhbGciOiJIUzI1NiIsInR5cCI6IkpXVCJ9.eyJlbWFpbCI6InNhcmFoY3J1ekBleGFtcGxlLm9yZyIsInBhc3N3b3JkIjoiNWF1VClAVmkmRCIsImlhdCI6MTc1MDg2NDE4MCwiZXhwIjoxNzUwODY0NzgwfQ.Tk-Dqb_YmmLQEDdtlndLEWs41dQ7HvK-ISG6q5BaM6o', 'Content-Type': 'application/json', 'Content-Length': '173'} 
 body=b'{"nome": "Huber, Freeman and Rush", "preco": 814, "descricao": "Order land design glass arrive most we. Forget cultural plan last huge successful summer.", "quantidade": 92}' 
 </msg>
<msg time="2025-06-25T12:09:40.543744" level="INFO">POST Response : url=https://serverest.dev/produtos 
 status=201, reason=Created 
 headers={'access-control-allow-origin': '*', 'x-dns-prefetch-control': 'off', 'x-frame-options': 'SAMEORIGIN', 'strict-transport-security': 'max-age=15552000; includeSubDomains', 'x-download-options': 'noopen', 'x-content-type-options': 'nosniff', 'x-xss-protection': '1; mode=block', 'content-type': 'application/json; charset=utf-8', 'x-cloud-trace-context': '9ea3230435c543be3202aeb85f034f99', 'date': 'Wed, 25 Jun 2025 15:09:40 GMT', 'server': 'Google Frontend', 'Content-Length': '82'} 
 body={
    "message": "Cadastro realizado com sucesso",
    "_id": "ZIPN6uGJvGiGPHeT"
} 
 </msg>
<msg time="2025-06-25T12:09:40.544739" level="INFO">${response} = &lt;Response [201]&gt;</msg>
<var>${response}</var>
<arg>${BASE_URL}/produtos</arg>
<arg>json=${payload}</arg>
<arg>headers=${HEADERS}</arg>
<arg>expected_status=any</arg>
<doc>Sends a POST request.</doc>
<status status="PASS" start="2025-06-25T12:09:40.059225" elapsed="0.485514"/>
</kw>
<return>
<value>${response}</value>
<status status="PASS" start="2025-06-25T12:09:40.544739" elapsed="0.000000"/>
</return>
<msg time="2025-06-25T12:09:40.545741" level="INFO">${response} = &lt;Response [201]&gt;</msg>
<var>${response}</var>
<arg>${product_data}</arg>
<arg>${HEADERS}</arg>
<doc>Sends a POST request to the specified endpoint with the given payload and headers</doc>
<status status="PASS" start="2025-06-25T12:09:40.059225" elapsed="0.486516"/>
</kw>
<return>
<value>${response}</value>
<status status="PASS" start="2025-06-25T12:09:40.545741" elapsed="0.000000"/>
</return>
<msg time="2025-06-25T12:09:40.545741" level="INFO">${response} = &lt;Response [201]&gt;</msg>
<var>${response}</var>
<arg>${product_data}</arg>
<arg>${headers}</arg>
<doc>Creates a new user by sending a POST request with the provided user data</doc>
<status status="PASS" start="2025-06-25T12:09:40.059225" elapsed="0.486516"/>
</kw>
<kw name="Set To Dictionary" owner="Collections">
<arg>${product_data}</arg>
<arg>id=${response.json()}[_id]</arg>
<doc>Adds the given ``key_value_pairs`` and/or ``items`` to the ``dictionary``.</doc>
<status status="PASS" start="2025-06-25T12:09:40.545741" elapsed="0.001993"/>
</kw>
<kw name="Set To Dictionary" owner="Collections">
<arg>${product_data}</arg>
<arg>raw_response_json=${response.json()}</arg>
<doc>Adds the given ``key_value_pairs`` and/or ``items`` to the ``dictionary``.</doc>
<status status="PASS" start="2025-06-25T12:09:40.547734" elapsed="0.001000"/>
</kw>
<kw name="Set Suite Variable" owner="BuiltIn">
<msg time="2025-06-25T12:09:40.548734" level="INFO">${product_data} = {'nome': 'Huber, Freeman and Rush', 'preco': 814, 'descricao': 'Order land design glass arrive most we. Forget cultural plan last huge successful summer.', 'quantidade': 92, 'id': 'ZIPN6uGJvGiGPHeT', ...</msg>
<arg>${product_data}</arg>
<arg>${product_data}</arg>
<doc>Makes a variable available everywhere within the scope of the current suite.</doc>
<status status="PASS" start="2025-06-25T12:09:40.548734" elapsed="0.000000"/>
</kw>
<kw name="Check Successful Response" owner="utils">
<kw name="Should Be Equal As Integers" owner="BuiltIn">
<msg time="2025-06-25T12:09:40.551237" level="INFO">Argument types are:
&lt;class 'int'&gt;
&lt;class 'str'&gt;</msg>
<arg>${response.status_code}</arg>
<arg>${expected_status}</arg>
<arg>Unexpected status code: ${response.status_code}</arg>
<doc>Fails if objects are unequal after converting them to integers.</doc>
<status status="PASS" start="2025-06-25T12:09:40.549736" elapsed="0.001501"/>
</kw>
<kw name="Should Contain" owner="BuiltIn">
<arg>${response.json()}[message]</arg>
<arg>${expected_message}</arg>
<arg>Expected message '${expected_message}' not in response: ${response.json()}</arg>
<doc>Fails if ``container`` does not contain ``item`` one or more times.</doc>
<status status="PASS" start="2025-06-25T12:09:40.551237" elapsed="0.001008"/>
</kw>
<arg>${response}</arg>
<arg>201</arg>
<arg>Cadastro realizado com sucesso</arg>
<doc>Verifies that a response matches the expected status code and message.</doc>
<status status="PASS" start="2025-06-25T12:09:40.549736" elapsed="0.002509"/>
</kw>
<if>
<branch type="IF" condition="${return_token}">
<return>
<value>${product_data}</value>
<value>${token}</value>
<status status="PASS" start="2025-06-25T12:09:40.552245" elapsed="0.000000"/>
</return>
<status status="PASS" start="2025-06-25T12:09:40.552245" elapsed="0.000000"/>
</branch>
<branch type="ELSE">
<return>
<value>${product_data}</value>
<status status="NOT RUN" start="2025-06-25T12:09:40.552245" elapsed="0.000000"/>
</return>
<status status="NOT RUN" start="2025-06-25T12:09:40.552245" elapsed="0.000000"/>
</branch>
<status status="PASS" start="2025-06-25T12:09:40.552245" elapsed="0.000000"/>
</if>
<msg time="2025-06-25T12:09:40.552245" level="INFO">${product_data} = {'nome': 'Huber, Freeman and Rush', 'preco': 814, 'descricao': 'Order land design glass arrive most we. Forget cultural plan last huge successful summer.', 'quantidade': 92, 'id': 'ZIPN6uGJvGiGPHeT', ...</msg>
<msg time="2025-06-25T12:09:40.552245" level="INFO">${token} = Bearer eyJhbGciOiJIUzI1NiIsInR5cCI6IkpXVCJ9.eyJlbWFpbCI6InNhcmFoY3J1ekBleGFtcGxlLm9yZyIsInBhc3N3b3JkIjoiNWF1VClAVmkmRCIsImlhdCI6MTc1MDg2NDE4MCwiZXhwIjoxNzUwODY0NzgwfQ.Tk-Dqb_YmmLQEDdtlndLEWs41dQ7HvK-I...</msg>
<var>${product_data}</var>
<var>${token}</var>
<doc>Generates a new user, registers it, and stores the data in the global user_data variable.</doc>
<status status="PASS" start="2025-06-25T12:09:39.080761" elapsed="1.472484"/>
</kw>
<variable name="&amp;{headers}">
<msg time="2025-06-25T12:09:40.553245" level="INFO">&amp;{headers} = { Authorization=Bearer eyJhbGciOiJIUzI1NiIsInR5cCI6IkpXVCJ9.eyJlbWFpbCI6InNhcmFoY3J1ekBleGFtcGxlLm9yZyIsInBhc3N3b3JkIjoiNWF1VClAVmkmRCIsImlhdCI6MTc1MDg2NDE4MCwiZXhwIjoxNzUwODY0NzgwfQ.Tk-Dqb_YmmLQEDdtl...</msg>
<var>Authorization=${token}</var>
<var>Content-Type=application/json</var>
<status status="PASS" start="2025-06-25T12:09:40.553245" elapsed="0.000000"/>
</variable>
<kw name="Get Products" owner="get_produtos">
<kw name="Set Variable If" owner="BuiltIn">
<msg time="2025-06-25T12:09:40.554853" level="INFO">${url} = https://serverest.dev/produtos</msg>
<var>${url}</var>
<arg>"${product_id}" != "${EMPTY}"</arg>
<arg>${BASE_URL}/produtos/${product_id}</arg>
<arg>${BASE_URL}/produtos</arg>
<doc>Sets variable based on the given condition.</doc>
<status status="PASS" start="2025-06-25T12:09:40.554242" elapsed="0.000611"/>
</kw>
<kw name="Set Variable If" owner="BuiltIn">
<msg time="2025-06-25T12:09:40.554853" level="INFO">${use_params} = None</msg>
<var>${use_params}</var>
<arg>"${product_id}" == "${EMPTY}"</arg>
<arg>${params}</arg>
<arg>${NONE}</arg>
<doc>Sets variable based on the given condition.</doc>
<status status="PASS" start="2025-06-25T12:09:40.554853" elapsed="0.000000"/>
</kw>
<kw name="GET" owner="RequestsLibrary">
<msg time="2025-06-25T12:09:41.233151" level="INFO">GET Request : url=https://serverest.dev/produtos 
 path_url=/produtos 
 headers={'User-Agent': 'python-requests/2.32.3', 'Accept-Encoding': 'gzip, deflate', 'Accept': '*/*', 'Connection': 'keep-alive', 'Authorization': 'Bearer eyJhbGciOiJIUzI1NiIsInR5cCI6IkpXVCJ9.eyJlbWFpbCI6InNhcmFoY3J1ekBleGFtcGxlLm9yZyIsInBhc3N3b3JkIjoiNWF1VClAVmkmRCIsImlhdCI6MTc1MDg2NDE4MCwiZXhwIjoxNzUwODY0NzgwfQ.Tk-Dqb_YmmLQEDdtlndLEWs41dQ7HvK-ISG6q5BaM6o', 'Content-Type': 'application/json'} 
 body=None 
 </msg>
<msg time="2025-06-25T12:09:41.233151" level="INFO">GET Response : url=https://serverest.dev/produtos 
 status=200, reason=OK 
 headers={'access-control-allow-origin': '*', 'x-dns-prefetch-control': 'off', 'x-frame-options': 'SAMEORIGIN', 'strict-transport-security': 'max-age=15552000; includeSubDomains', 'x-download-options': 'noopen', 'x-content-type-options': 'nosniff', 'x-xss-protection': '1; mode=block', 'content-type': 'application/json; charset=utf-8', 'x-cloud-trace-context': '4ccaffd051be39d10fcdcac19dc512f2', 'date': 'Wed, 25 Jun 2025 15:09:41 GMT', 'server': 'Google Frontend', 'Content-Length': '28186'} 
 body={
    "quantidade": 111,
    "produtos": [
        {
            "nome": "Aguilar, Sexton and Young",
            "preco": 809,
            "descricao": "Against throw attack media hair likely section.",
            "quantidade": 2,
            "_id": "0gRPUhS3brapGb4s"
        },
        {
            "nome": "Logitech MX Keys",
            "preco": 500,
            "descricao": "Teclado sem fio",
            "quantidade": 5,
            "_id": "1dNfsGzv8IFivA4x"
        },
        {
            "nome": "Cantu Group",
            "preco": 395,
            "descricao": "Sign free weight pass table join.",
            "quantidade": 17,
            "_id": "2FkC2yEgzERPQcKg"
        },
        {
            "nome": "Howard, Williams and Daniel",
            "preco": 999,
            "descricao": "Mission medical agency fast country story father. Fire citizen eight one skin rich control attorney.",
            "quantidade": 34,
            "_id": "3GuKwxMy7WHCQ90B"
        },
        {
            "nome": "Intelligent Cotton Pizza",
            "preco": 100,
            "descricao": "Discover the impure new Chair with an exciting mix of Aluminum ingredients",
            "quantidade": 0,
            "_id": "42uKzTeYTgtyPqEl"
        },
        {
            "nome": "Frozen Steel Shoes",
            "preco": 100,
            "descricao": "Our rhinoceros-friendly Fish ensures essential comfort for your pets",
            "quantidade": 95,
            "_id": "42w9lW6sf60qN3vr"
        },
        {
            "nome": "Anderson Group",
            "preco": 221,
            "descricao": "Art very miss walk.",
            "quantidade": 25,
            "_id": "4YQSdZ0mtOACAFwD"
        },
        {
            "nome": "Rocha LLC",
            "preco": 752,
            "descricao": "Involve return offer prevent shoulder later baby.",
            "quantidade": 70,
            "_id": "4qkgjYdZddszT7YT"
        },
        {
            "nome": "Smith LLC",
            "preco": 93,
            "descricao": "By eat little run former bed notice four. A white behind drop structure.",
            "quantidade": 44,
            "_id": "51N2DPEdJ5zeLDkp"
        },
        {
            "nome": "Electronic Bamboo Gloves",
            "preco": 500,
            "descricao": "The Optimized human-resource artificial intelligence Keyboard offers reliable performance and tattered design",
            "quantidade": 0,
            "_id": "5fv78ZAAE34b6DkZ"
        },
        {
            "nome": "pilha palito",
            "preco": 19,
            "descricao": "pilha duracel palito",
            "quantidade": 10,
            "_id": "5lnJreQ0H5jNG2rm"
        },
        {
            "nome": "Handcrafted Marble Bike",
            "preco": 500,
            "descricao": "Luxurious Salad designed with Ceramic for linear performance",
            "quantidade": 10,
            "_id": "7FtJL9htagw34qst"
        },
        {
            "nome": "Flynn, Cruz and Smith",
            "preco": 47,
            "descricao": "Rise describe walk. Certainly front quality seek off together.",
            "quantidade": 99,
            "_id": "8HBVUPMXrnIjOL9L"
        },
        {
            "nome": "Intelligent Gold Chicken",
            "preco": 500,
            "descricao": "New Sausages model with 72 GB RAM, 596 GB storage, and exhausted features",
            "quantidade": 10,
            "_id": "94iGw5iKmBI0pWs5"
        },
        {
            "nome": "Rustic Plastic Fish",
            "preco": 558,
            "descricao": "The Apollotech B340 is an affordable wireless mouse with reliable connectivity, 12 months battery life and modern design",
            "quantidade": 1,
            "imagem": "C:\\fakepath\\miamiGuardHouse.png",
            "_id": "9cjUtA5pIbmPdmMT"
        },
        {
            "nome": "Ellis, Butler and Stewart",
            "preco": 600,
            "descricao": "Who nor president attorney travel yeah class. To end expect employee take very argue.",
            "quantidade": 15,
            "_id": "9joLUlzSQfRsfQjC"
        },
        {
            "nome": "Gonzalez-Caldwell",
            "preco": 329,
            "descricao": "Participant specific itself year value.",
            "quantidade": 2,
            "_id": "AxGT9Qq2E3cBDkSE"
        },
        {
            "nome": "Garrett-Gonzalez",
            "preco": 208,
            "descricao": "Occur firm thousand middle. Read investment town meet court debate as relationship.",
            "quantidade": 74,
            "_id": "B0MKhoBDxJcgTsDy"
        },
        {
            "nome": "Modern Concrete Soap",
            "preco": 161,
            "descricao": "The beautiful range of Apple Naturalé that has an exciting mix of natural ingredients. With the Goodness of 100% Natural Ingredients",
            "quantidade": 20,
            "imagem": "C:\\fakepath\\produto.jpg",
            "_id": "BAEGg1ZMMyKnxzZG"
        },
        {
            "nome": "Logitech MX Vertical",
            "preco": 470,
            "descricao": "Mouse",
            "quantidade": 382,
            "_id": "BeeJh5lz3k6kSIzA"
        },
        {
            "nome": "Bauer-Rose",
            "preco": 699,
            "descricao": "Material drive receive threat. There foot activity subject ground improve.",
            "quantidade": 69,
            "_id": "BvK0zff2xpoJNdal"
        },
        {
            "nome": "Krueger, Nelson and Watson",
            "preco": 809,
            "descricao": "Great animal security different national century. Young nation drive party line across consumer.",
            "quantidade": 59,
            "_id": "Cw1IN2KXuN9ESpnF"
        },
        {
            "nome": "Lam-Bates",
            "preco": 578,
            "descricao": "Leave their difficult buy.",
            "quantidade": 63,
            "_id": "DAxTZV18hqF8fIwc"
        },
        {
            "nome": "Rustic Marble Fish",
            "preco": 500,
            "descricao": "Stylish Chicken designed to make you stand out with shocked looks",
            "quantidade": 10,
            "_id": "DSSzkSaqUy8AmFlJ"
        },
        {
            "nome": "Handmade Ceramic Chips",
            "preco": 100,
            "descricao": "Innovative Chicken featuring dramatic technology and Bamboo construction",
            "quantidade": 95,
            "_id": "Dpz6qTFx6W5TGcLy"
        },
        {
            "nome": "Bean, Jones and Yates",
            "preco": 717,
            "descricao": "Set green these chair debate. Community through dark fill hand call dinner.",
            "quantidade": 76,
            "_id": "F4U1KcahYLnMMTmq"
        },
        {
            "nome": "Modern Bronze Shirt",
            "preco": 100,
            "descricao": "Savor the sour essence in our Chicken, designed for aggravating culinary adventures",
            "quantidade": 95,
            "_id": "FHlla510E0gvO28M"
        },
        {
            "nome": "Phillips-Smith",
            "preco": 882,
            "descricao": "Nation consumer investment wall put move rock.",
            "quantidade": 3,
            "_id": "FJDxvCvWxfgBJjkM"
        },
        {
            "nome": "Intelligent Marble Car",
            "preco": 500,
            "descricao": "Our peacock-friendly Shoes ensures cautious comfort for your pets",
            "quantidade": 10,
            "_id": "HbqyV0C61YDw27ki"
        },
        {
            "nome": "Garrison-Cantu",
            "preco": 957,
            "descricao": "Your low bad. Late strategy government anything.",
            "quantidade": 19,
            "_id": "Hd6Nzsui7znPfueq"
        },
        {
            "nome": "Brown, Rodriguez and Blankenship",
            "preco": 367,
            "descricao": "Again financial body finally. Score data effect culture compare item.",
            "quantidade": 55,
            "_id": "HsCt8KnJSXxAybWj"
        },
        {
            "nome": "Torres-Smith",
            "preco": 982,
            "descricao": "Camera theory speak build. Country none foot new use.",
            "quantidade": 2,
            "_id": "ICGq79DBQ94jCHFM"
        },
        {
            "nome": "Moore-Williams",
            "preco": 831,
            "descricao": "Past site exactly develop say that. Each shoulder simply.",
            "quantidade": 88,
            "_id": "Ij9m52j7pylo4xzy"
        },
        {
            "nome": "Nolan-Sullivan",
            "preco": 662,
            "descricao": "Project wish identify federal degree. Glass do doctor financial for thank for perform.",
            "quantidade": 66,
            "_id": "JI5dfxamZYyOmJEW"
        },
        {
            "nome": "Modern Granite Soap",
            "preco": 100,
            "descricao": "Our tender-inspired Keyboard brings a taste of luxury to your wrong lifestyle",
            "quantidade": 100,
            "_id": "JtzHqBP1uAgktVHZ"
        },
        {
            "nome": "Samsung 60 polegadas",
            "preco": 5240,
            "descricao": "TV",
            "quantidade": 49977,
            "_id": "K6leHdftCeOJj8BJ"
        },
        {
            "nome": "Produto_w84sl",
            "preco": 100,
            "descricao": "Produto criado com Cypress",
            "quantidade": 5,
            "_id": "L3fAGfQigXQ1vUha"
        },
        {
            "nome": "Handcrafted Metal Sausages",
            "preco": 100,
            "descricao": "Refined Towels designed with Cotton for ugly performance",
            "quantidade": 100,
            "_id": "LABuE9owihfkCj9X"
        },
        {
            "nome": "Fantastic Bronze Tuna",
            "preco": 500,
            "descricao": "Introducing the Anguilla-inspired Pizza, blending ethical style with local craftsmanship",
            "quantidade": 0,
            "_id": "MwP5tDFb3wM8T2F1"
        },
        {
            "nome": "Luxurious Cotton Fish",
            "preco": 500,
            "descricao": "Experience the indigo brilliance of our Bacon... (set the log level to DEBUG or TRACE to see the full content) 
 </msg>
<msg time="2025-06-25T12:09:41.234175" level="INFO">${response} = &lt;Response [200]&gt;</msg>
<var>${response}</var>
<arg>${url}</arg>
<arg>headers=${headers}</arg>
<arg>params=${use_params}</arg>
<arg>expected_status=any</arg>
<doc>Sends a GET request.</doc>
<status status="PASS" start="2025-06-25T12:09:40.554853" elapsed="0.679322"/>
</kw>
<return>
<value>${response}</value>
<status status="PASS" start="2025-06-25T12:09:41.234175" elapsed="0.000000"/>
</return>
<msg time="2025-06-25T12:09:41.234175" level="INFO">${response} = &lt;Response [200]&gt;</msg>
<var>${response}</var>
<arg>${headers}</arg>
<arg>${EMPTY}</arg>
<arg>${NONE}</arg>
<doc>Retrieves product details from the ServeRest API, either by ID or all products.</doc>
<status status="PASS" start="2025-06-25T12:09:40.554242" elapsed="0.679933"/>
</kw>
<kw name="Status Should Be" owner="RequestsLibrary">
<arg>200</arg>
<arg>${response}</arg>
<doc>Fails if response status code is different than the expected.</doc>
<status status="PASS" start="2025-06-25T12:09:41.235185" elapsed="0.000917"/>
</kw>
<variable name="${product_id}">
<msg time="2025-06-25T12:09:41.236102" level="INFO">${product_id} = ZIPN6uGJvGiGPHeT</msg>
<var>${product_data}[id]</var>
<status status="PASS" start="2025-06-25T12:09:41.236102" elapsed="0.000000"/>
</variable>
<kw name="Evaluate" owner="BuiltIn">
<msg time="2025-06-25T12:09:41.244631" level="INFO">${all_products} = [{'nome': 'Huber, Freeman and Rush', 'preco': 814, 'descricao': 'Order land design glass arrive most we. Forget cultural plan last huge successful summer.', 'quantidade': 92, '_id': 'ZIPN6uGJvGiGPHeT'...</msg>
<var>${all_products}</var>
<arg>[p for p in ${response.json()['produtos']} if p['_id'] == '${product_id}']</arg>
<doc>Evaluates the given expression in Python and returns the result.</doc>
<status status="PASS" start="2025-06-25T12:09:41.237184" elapsed="0.008451"/>
</kw>
<kw name="Length Should Be" owner="BuiltIn">
<msg time="2025-06-25T12:09:41.245863" level="INFO">Length is 1.</msg>
<arg>${all_products}</arg>
<arg>1</arg>
<doc>Verifies that the length of the given item is correct.</doc>
<status status="PASS" start="2025-06-25T12:09:41.245863" elapsed="0.000000"/>
</kw>
<variable name="${retrieved_product}">
<msg time="2025-06-25T12:09:41.246275" level="INFO">${retrieved_product} = {'nome': 'Huber, Freeman and Rush', 'preco': 814, 'descricao': 'Order land design glass arrive most we. Forget cultural plan last huge successful summer.', 'quantidade': 92, '_id': 'ZIPN6uGJvGiGPHeT'}</msg>
<var>${all_products}[0]</var>
<status status="PASS" start="2025-06-25T12:09:41.246275" elapsed="0.000000"/>
</variable>
<kw name="Should Be Equal" owner="BuiltIn">
<arg>${retrieved_product}[nome]</arg>
<arg>${product_data}[nome]</arg>
<doc>Fails if the given objects are unequal.</doc>
<status status="PASS" start="2025-06-25T12:09:41.246275" elapsed="0.000000"/>
</kw>
<kw name="Should Be Equal" owner="BuiltIn">
<arg>${retrieved_product}[descricao]</arg>
<arg>${product_data}[descricao]</arg>
<doc>Fails if the given objects are unequal.</doc>
<status status="PASS" start="2025-06-25T12:09:41.246275" elapsed="0.001005"/>
</kw>
<kw name="Should Be Equal" owner="BuiltIn">
<arg>${retrieved_product}[preco]</arg>
<arg>${product_data}[preco]</arg>
<doc>Fails if the given objects are unequal.</doc>
<status status="PASS" start="2025-06-25T12:09:41.247280" elapsed="0.000000"/>
</kw>
<kw name="Should Be Equal" owner="BuiltIn">
<arg>${retrieved_product}[quantidade]</arg>
<arg>${product_data}[quantidade]</arg>
<doc>Fails if the given objects are unequal.</doc>
<status status="PASS" start="2025-06-25T12:09:41.247280" elapsed="0.000000"/>
</kw>
<variable name="${schema_path}">
<msg time="2025-06-25T12:09:41.248282" level="INFO">${schema_path} = C:\tayse\learning\PythonProjects\Robot\robot-api-tests\tests\products/../../resources/schemas/get_produtos_200.json</msg>
<var>C:\\tayse\\learning\\PythonProjects\\Robot\\robot-api-tests\\tests\\products/../../resources/schemas/get_produtos_200.json</var>
<status status="PASS" start="2025-06-25T12:09:41.248282" elapsed="0.000000"/>
</variable>
<kw name="Validate Jsonschema From File" owner="JsonValidator">
<arg>${response.text}</arg>
<arg>${schema_path}</arg>
<doc>Validate JSON according to schema, loaded from a file.</doc>
<status status="PASS" start="2025-06-25T12:09:41.248282" elapsed="0.008510"/>
</kw>
<kw name="Log" owner="BuiltIn">
<msg time="2025-06-25T12:09:41.258799" level="INFO">All products response validated successfully: {'quantidade': 111, 'produtos': [{'nome': 'Aguilar, Sexton and Young', 'preco': 809, 'descricao': 'Against throw attack media hair likely section.', 'quantidade': 2, '_id': '0gRPUhS3brapGb4s'}, {'nome': 'Logitech MX Keys', 'preco': 500, 'descricao': 'Teclado sem fio', 'quantidade': 5, '_id': '1dNfsGzv8IFivA4x'}, {'nome': 'Cantu Group', 'preco': 395, 'descricao': 'Sign free weight pass table join.', 'quantidade': 17, '_id': '2FkC2yEgzERPQcKg'}, {'nome': 'Howard, Williams and Daniel', 'preco': 999, 'descricao': 'Mission medical agency fast country story father. Fire citizen eight one skin rich control attorney.', 'quantidade': 34, '_id': '3GuKwxMy7WHCQ90B'}, {'nome': 'Intelligent Cotton Pizza', 'preco': 100, 'descricao': 'Discover the impure new Chair with an exciting mix of Aluminum ingredients', 'quantidade': 0, '_id': '42uKzTeYTgtyPqEl'}, {'nome': 'Frozen Steel Shoes', 'preco': 100, 'descricao': 'Our rhinoceros-friendly Fish ensures essential comfort for your pets', 'quantidade': 95, '_id': '42w9lW6sf60qN3vr'}, {'nome': 'Anderson Group', 'preco': 221, 'descricao': 'Art very miss walk.', 'quantidade': 25, '_id': '4YQSdZ0mtOACAFwD'}, {'nome': 'Rocha LLC', 'preco': 752, 'descricao': 'Involve return offer prevent shoulder later baby.', 'quantidade': 70, '_id': '4qkgjYdZddszT7YT'}, {'nome': 'Smith LLC', 'preco': 93, 'descricao': 'By eat little run former bed notice four. A white behind drop structure.', 'quantidade': 44, '_id': '51N2DPEdJ5zeLDkp'}, {'nome': 'Electronic Bamboo Gloves', 'preco': 500, 'descricao': 'The Optimized human-resource artificial intelligence Keyboard offers reliable performance and tattered design', 'quantidade': 0, '_id': '5fv78ZAAE34b6DkZ'}, {'nome': 'pilha palito', 'preco': 19, 'descricao': 'pilha duracel palito', 'quantidade': 10, '_id': '5lnJreQ0H5jNG2rm'}, {'nome': 'Handcrafted Marble Bike', 'preco': 500, 'descricao': 'Luxurious Salad designed with Ceramic for linear performance', 'quantidade': 10, '_id': '7FtJL9htagw34qst'}, {'nome': 'Flynn, Cruz and Smith', 'preco': 47, 'descricao': 'Rise describe walk. Certainly front quality seek off together.', 'quantidade': 99, '_id': '8HBVUPMXrnIjOL9L'}, {'nome': 'Intelligent Gold Chicken', 'preco': 500, 'descricao': 'New Sausages model with 72 GB RAM, 596 GB storage, and exhausted features', 'quantidade': 10, '_id': '94iGw5iKmBI0pWs5'}, {'nome': 'Rustic Plastic Fish', 'preco': 558, 'descricao': 'The Apollotech B340 is an affordable wireless mouse with reliable connectivity, 12 months battery life and modern design', 'quantidade': 1, 'imagem': 'C:\\fakepath\\miamiGuardHouse.png', '_id': '9cjUtA5pIbmPdmMT'}, {'nome': 'Ellis, Butler and Stewart', 'preco': 600, 'descricao': 'Who nor president attorney travel yeah class. To end expect employee take very argue.', 'quantidade': 15, '_id': '9joLUlzSQfRsfQjC'}, {'nome': 'Gonzalez-Caldwell', 'preco': 329, 'descricao': 'Participant specific itself year value.', 'quantidade': 2, '_id': 'AxGT9Qq2E3cBDkSE'}, {'nome': 'Garrett-Gonzalez', 'preco': 208, 'descricao': 'Occur firm thousand middle. Read investment town meet court debate as relationship.', 'quantidade': 74, '_id': 'B0MKhoBDxJcgTsDy'}, {'nome': 'Modern Concrete Soap', 'preco': 161, 'descricao': 'The beautiful range of Apple Naturalé that has an exciting mix of natural ingredients. With the Goodness of 100% Natural Ingredients', 'quantidade': 20, 'imagem': 'C:\\fakepath\\produto.jpg', '_id': 'BAEGg1ZMMyKnxzZG'}, {'nome': 'Logitech MX Vertical', 'preco': 470, 'descricao': 'Mouse', 'quantidade': 382, '_id': 'BeeJh5lz3k6kSIzA'}, {'nome': 'Bauer-Rose', 'preco': 699, 'descricao': 'Material drive receive threat. There foot activity subject ground improve.', 'quantidade': 69, '_id': 'BvK0zff2xpoJNdal'}, {'nome': 'Krueger, Nelson and Watson', 'preco': 809, 'descricao': 'Great animal security different national century. Young nation drive party line across consumer.', 'quantidade': 59, '_id': 'Cw1IN2KXuN9ESpnF'}, {'nome': 'Lam-Bates', 'preco': 578, 'descricao': 'Leave their difficult buy.', 'quantidade': 63, '_id': 'DAxTZV18hqF8fIwc'}, {'nome': 'Rustic Marble Fish', 'preco': 500, 'descricao': 'Stylish Chicken designed to make you stand out with shocked looks', 'quantidade': 10, '_id': 'DSSzkSaqUy8AmFlJ'}, {'nome': 'Handmade Ceramic Chips', 'preco': 100, 'descricao': 'Innovative Chicken featuring dramatic technology and Bamboo construction', 'quantidade': 95, '_id': 'Dpz6qTFx6W5TGcLy'}, {'nome': 'Bean, Jones and Yates', 'preco': 717, 'descricao': 'Set green these chair debate. Community through dark fill hand call dinner.', 'quantidade': 76, '_id': 'F4U1KcahYLnMMTmq'}, {'nome': 'Modern Bronze Shirt', 'preco': 100, 'descricao': 'Savor the sour essence in our Chicken, designed for aggravating culinary adventures', 'quantidade': 95, '_id': 'FHlla510E0gvO28M'}, {'nome': 'Phillips-Smith', 'preco': 882, 'descricao': 'Nation consumer investment wall put move rock.', 'quantidade': 3, '_id': 'FJDxvCvWxfgBJjkM'}, {'nome': 'Intelligent Marble Car', 'preco': 500, 'descricao': 'Our peacock-friendly Shoes ensures cautious comfort for your pets', 'quantidade': 10, '_id': 'HbqyV0C61YDw27ki'}, {'nome': 'Garrison-Cantu', 'preco': 957, 'descricao': 'Your low bad. Late strategy government anything.', 'quantidade': 19, '_id': 'Hd6Nzsui7znPfueq'}, {'nome': 'Brown, Rodriguez and Blankenship', 'preco': 367, 'descricao': 'Again financial body finally. Score data effect culture compare item.', 'quantidade': 55, '_id': 'HsCt8KnJSXxAybWj'}, {'nome': 'Torres-Smith', 'preco': 982, 'descricao': 'Camera theory speak build. Country none foot new use.', 'quantidade': 2, '_id': 'ICGq79DBQ94jCHFM'}, {'nome': 'Moore-Williams', 'preco': 831, 'descricao': 'Past site exactly develop say that. Each shoulder simply.', 'quantidade': 88, '_id': 'Ij9m52j7pylo4xzy'}, {'nome': 'Nolan-Sullivan', 'preco': 662, 'descricao': 'Project wish identify federal degree. Glass do doctor financial for thank for perform.', 'quantidade': 66, '_id': 'JI5dfxamZYyOmJEW'}, {'nome': 'Modern Granite Soap', 'preco': 100, 'descricao': 'Our tender-inspired Keyboard brings a taste of luxury to your wrong lifestyle', 'quantidade': 100, '_id': 'JtzHqBP1uAgktVHZ'}, {'nome': 'Samsung 60 polegadas', 'preco': 5240, 'descricao': 'TV', 'quantidade': 49977, '_id': 'K6leHdftCeOJj8BJ'}, {'nome': 'Produto_w84sl', 'preco': 100, 'descricao': 'Produto criado com Cypress', 'quantidade': 5, '_id': 'L3fAGfQigXQ1vUha'}, {'nome': 'Handcrafted Metal Sausages', 'preco': 100, 'descricao': 'Refined Towels designed with Cotton for ugly performance', 'quantidade': 100, '_id': 'LABuE9owihfkCj9X'}, {'nome': 'Fantastic Bronze Tuna', 'preco': 500, 'descricao': 'Introducing the Anguilla-inspired Pizza, blending ethical style with local craftsmanship', 'quantidade': 0, '_id': 'MwP5tDFb3wM8T2F1'}, {'nome': 'Luxurious Cotton Fish', 'preco': 500, 'descricao': 'Experience the indigo brilliance of our Bacon, perfect for colorless environments', 'quantidade': 10, '_id': 'N0qlPOB3SrHjSOIr'}, {'nome': 'Rustic Gold Chicken', 'preco': 100, 'descricao': 'The Brooks Bike is the latest in a series of foolhardy products from Harris - Gorczany', 'quantidade': 95, '_id': 'OB9AnHPxXce9WPwv'}, {'nome': 'Miller LLC', 'preco': 902, 'descricao': 'Network production PM new loss.', 'quantidade': 2, '_id': 'On0ozs8UF08yJNEx'}, {'nome': 'Rustic Ceramic Bike', 'preco': 500, 'descricao': 'New azure Mouse with ergonomic design for utilized comfort', 'quantidade': 10, '_id': 'PQJTjoCWR3SBUmip'}, {'nome': 'Perez LLC', 'preco': 429, 'descricao': 'Pm nature decade.', 'quantidade': 33, '_id': 'Sk3cB2WRuMarDIut'}, {'nome': 'Luxurious Plastic Mouse', 'preco': 500, 'descricao': 'The sleek and pitiful Shirt comes with orchid LED lighting for smart functionality', 'quantidade': 10, '_id': 'Soij6WjZkIeenY2J'}, {'nome': 'Frozen Bamboo Tuna', 'preco': 500, 'descricao': 'Our rich-inspired Chicken brings a taste of luxury to your useless lifestyle', 'quantidade': 0, '_id': 'UIMAzd6GjymehmDQ'}, {'nome': 'White PLC', 'preco': 493, 'descricao': 'So audience chance easy. Floor compare candidate which local few practice.', 'quantidade': 45, '_id': 'Ur82zrONytPtURo8'}, {'nome': 'Idell', 'preco': 199, 'descricao': 'Produto atualizado via PUT e ID gerado', 'quantidade': 1, '_id': 'UrLO6vcfkrConhge'}, {'nome': 'Miller, Novak and Rogers', 'preco': 688, 'descricao': 'See them evening spend nature free family manager. He would themselves within suddenly even girl.', 'quantidade': 66, '_id': 'UrblP5EjpoAXjuqq'}, {'nome': 'Mcdonald, Martinez and Bailey', 'preco': 62, 'descricao': 'Animal stage bag see toward recent performance.', 'quantidade': 2, '_id': 'VA92E0xZ0n3v97Z5'}, {'nome': 'Rowe, Kaiser and Keller', 'preco': 45, 'descricao': 'Everybody democratic current notice deep hope knowledge. No occur itself condition great debate reflect.', 'quantidade': 56, '_id': 'VCgsRarSaIup42C4'}, {'nome': 'Lloyd-Marshall', 'preco': 527, 'descricao': 'Budget center yes service theory should day.', 'quantidade': 30, '_id': 'ZDE5mqtHta2YINt5'}, {'nome': 'Huber, Freem
[...]
 </msg>
<msg time="2025-06-25T12:10:04.571374" level="INFO">POST Response : url=https://serverest.dev/usuarios 
 status=201, reason=Created 
 headers={'access-control-allow-origin': '*', 'x-dns-prefetch-control': 'off', 'x-frame-options': 'SAMEORIGIN', 'strict-transport-security': 'max-age=15552000; includeSubDomains', 'x-download-options': 'noopen', 'x-content-type-options': 'nosniff', 'x-xss-protection': '1; mode=block', 'content-type': 'application/json; charset=utf-8', 'x-cloud-trace-context': '0e69a758c9da9d41b3a3568f4a36a8fa', 'date': 'Wed, 25 Jun 2025 15:10:04 GMT', 'server': 'Google Frontend', 'Content-Length': '82'} 
 body={
    "message": "Cadastro realizado com sucesso",
    "_id": "TtJjoqct52kAbXfJ"
} 
 </msg>
<msg time="2025-06-25T12:10:04.572389" level="INFO">${response} = &lt;Response [201]&gt;</msg>
<var>${response}</var>
<arg>${BASE_URL}/usuarios</arg>
<arg>json=${payload}</arg>
<arg>headers=${HEADERS}</arg>
<arg>expected_status=any</arg>
<doc>Sends a POST request.</doc>
<status status="PASS" start="2025-06-25T12:10:04.109419" elapsed="0.462970"/>
</kw>
<return>
<value>${response}</value>
<status status="PASS" start="2025-06-25T12:10:04.572389" elapsed="0.000000"/>
</return>
<msg time="2025-06-25T12:10:04.572389" level="INFO">${response} = &lt;Response [201]&gt;</msg>
<var>${response}</var>
<arg>${user_data}</arg>
<arg>${HEADERS}</arg>
<doc>Sends a POST request to the specified endpoint with the given payload and headers</doc>
<status status="PASS" start="2025-06-25T12:10:04.109419" elapsed="0.462970"/>
</kw>
<return>
<value>${response}</value>
<status status="PASS" start="2025-06-25T12:10:04.572389" elapsed="0.000000"/>
</return>
<msg time="2025-06-25T12:10:04.572389" level="INFO">${response} = &lt;Response [201]&gt;</msg>
<var>${response}</var>
<arg>${user_data}</arg>
<doc>Creates a new user by sending a POST request with the provided user data</doc>
<status status="PASS" start="2025-06-25T12:10:04.109419" elapsed="0.462970"/>
</kw>
<kw name="Set To Dictionary" owner="Collections">
<arg>${user_data}</arg>
<arg>id=${response.json()}[_id]</arg>
<doc>Adds the given ``key_value_pairs`` and/or ``items`` to the ``dictionary``.</doc>
<status status="PASS" start="2025-06-25T12:10:04.572389" elapsed="0.001013"/>
</kw>
<kw name="Set Suite Variable" owner="BuiltIn">
<msg time="2025-06-25T12:10:04.574401" level="INFO">${user_data} = {'nome': 'Karen Summers', 'email': 'stephen20@example.net', 'password': 'S51J&amp;lTbP^', 'administrador': 'true', 'id': 'TtJjoqct52kAbXfJ'}</msg>
<arg>${user_data}</arg>
<arg>${user_data}</arg>
<doc>Makes a variable available everywhere within the scope of the current suite.</doc>
<status status="PASS" start="2025-06-25T12:10:04.573402" elapsed="0.000999"/>
</kw>
<kw name="Check Successful Response" owner="utils">
<kw name="Should Be Equal As Integers" owner="BuiltIn">
<msg time="2025-06-25T12:10:04.575401" level="INFO">Argument types are:
&lt;class 'int'&gt;
&lt;class 'str'&gt;</msg>
<arg>${response.status_code}</arg>
<arg>${expected_status}</arg>
<arg>Unexpected status code: ${response.status_code}</arg>
<doc>Fails if objects are unequal after converting them to integers.</doc>
<status status="PASS" start="2025-06-25T12:10:04.574401" elapsed="0.001000"/>
</kw>
<kw name="Should Contain" owner="BuiltIn">
<arg>${response.json()}[message]</arg>
<arg>${expected_message}</arg>
<arg>Expected message '${expected_message}' not in response: ${response.json()}</arg>
<doc>Fails if ``container`` does not contain ``item`` one or more times.</doc>
<status status="PASS" start="2025-06-25T12:10:04.575401" elapsed="0.001001"/>
</kw>
<arg>${response}</arg>
<arg>201</arg>
<arg>Cadastro realizado com sucesso</arg>
<doc>Verifies that a response matches the expected status code and message.</doc>
<status status="PASS" start="2025-06-25T12:10:04.574401" elapsed="0.002001"/>
</kw>
<kw name="Log" owner="BuiltIn">
<msg time="2025-06-25T12:10:04.577399" level="INFO">User created and register successfully</msg>
<arg>User created and register successfully</arg>
<doc>Logs the given message with the given level.</doc>
<status status="PASS" start="2025-06-25T12:10:04.576402" elapsed="0.000997"/>
</kw>
<return>
<value>${user_data}</value>
<status status="PASS" start="2025-06-25T12:10:04.577399" elapsed="0.000000"/>
</return>
<doc>Generates a new user, registers it, and stores the data in the global user_data variable.</doc>
<status status="PASS" start="2025-06-25T12:10:04.106067" elapsed="0.471332"/>
</kw>
<test id="s1-s3-s4-t1" name="Update User By Id" line="9">
<variable name="${user_id}">
<msg time="2025-06-25T12:10:04.577399" level="INFO">${user_id} = TtJjoqct52kAbXfJ</msg>
<var>${user_data}[id]</var>
<status status="PASS" start="2025-06-25T12:10:04.577399" elapsed="0.000000"/>
</variable>
<kw name="Name" owner="FakerLibrary">
<msg time="2025-06-25T12:10:04.578646" level="INFO">${new_name} = Daniel Holt</msg>
<var>${new_name}</var>
<doc>:example: 'John Doe'</doc>
<status status="PASS" start="2025-06-25T12:10:04.578646" elapsed="0.000000"/>
</kw>
<kw name="Copy Dictionary" owner="Collections">
<msg time="2025-06-25T12:10:04.579658" level="INFO">&amp;{updated_user} = { nome=Karen Summers | email=stephen20@example.net | password=S51J&amp;lTbP^ | administrador=true | id=TtJjoqct52kAbXfJ }</msg>
<var>&amp;{updated_user}</var>
<arg>${user_data}</arg>
<doc>Returns a copy of the given dictionary.</doc>
<status status="PASS" start="2025-06-25T12:10:04.578646" elapsed="0.001012"/>
</kw>
<kw name="Remove From Dictionary" owner="Collections">
<msg time="2025-06-25T12:10:04.579658" level="INFO">Removed item with key 'id' and value 'TtJjoqct52kAbXfJ'.</msg>
<arg>${updated_user}</arg>
<arg>id</arg>
<doc>Removes the given ``keys`` from the ``dictionary``.</doc>
<status status="PASS" start="2025-06-25T12:10:04.579658" elapsed="0.000000"/>
</kw>
<kw name="Set To Dictionary" owner="Collections">
<arg>${updated_user}</arg>
<arg>nome=${new_name}</arg>
<doc>Adds the given ``key_value_pairs`` and/or ``items`` to the ``dictionary``.</doc>
<status status="PASS" start="2025-06-25T12:10:04.580660" elapsed="0.000000"/>
</kw>
<kw name="Put User by Id" owner="put_usuarios">
<kw name="PUT" owner="RequestsLibrary">
<msg time="2025-06-25T12:10:05.048902" level="INFO">PUT Request : url=https://serverest.dev/usuarios/TtJjoqct52kAbXfJ 
 path_url=/usuarios/TtJjoqct52kAbXfJ 
 headers={'User-Agent': 'python-requests/2.32.3', 'Accept-Encoding': 'gzip, deflate', 'Accept': '*/*', 'Connection': 'keep-alive', 'Content-Type': 'application/json', 'Content-Length': '108'} 
 body=b'{"nome": "Daniel Holt", "email": "stephen20@example.net", "password": "S51J&amp;lTbP^", "administrador": "true"}' 
 </msg>
<msg time="2025-06-25T12:10:05.048902" level="INFO">PUT Response : url=https://serverest.dev/usuarios/TtJjoqct52kAbXfJ 
 status=200, reason=OK 
 headers={'access-control-allow-origin': '*', 'x-dns-prefetch-control': 'off', 'x-frame-options': 'SAMEORIGIN', 'strict-transport-security': 'max-age=15552000; includeSubDomains', 'x-download-options': 'noopen', 'x-content-type-options': 'nosniff', 'x-xss-protection': '1; mode=block', 'content-type': 'application/json; charset=utf-8', 'x-cloud-trace-context': '44e6f9876475306d3bfac93bbc500015', 'date': 'Wed, 25 Jun 2025 15:10:05 GMT', 'server': 'Google Frontend', 'Content-Length': '50'} 
 body={
    "message": "Registro alterado com sucesso"
} 
 </msg>
<msg time="2025-06-25T12:10:05.049835" level="INFO">${response} = &lt;Response [200]&gt;</msg>
<var>${response}</var>
<arg>${BASE_URL}/usuarios/${user_id}</arg>
<arg>json=${updated_user_data}</arg>
<arg>headers=${HEADERS}</arg>
<arg>expected_status=any</arg>
<doc>Sends a PUT request.</doc>
<status status="PASS" start="2025-06-25T12:10:04.581170" elapsed="0.468665"/>
</kw>
<return>
<value>${response}</value>
<status status="PASS" start="2025-06-25T12:10:05.049835" elapsed="0.000000"/>
</return>
<msg time="2025-06-25T12:10:05.049835" level="INFO">${response} = &lt;Response [200]&gt;</msg>
<var>${response}</var>
<arg>${user_id}</arg>
<arg>${updated_user}</arg>
<doc>Updates an existing user's data by sending a PUT request to the /usuarios/{id} endpoint.</doc>
<status status="PASS" start="2025-06-25T12:10:04.580660" elapsed="0.469175"/>
</kw>
<kw name="Check Successful Response" owner="utils">
<kw name="Should Be Equal As Integers" owner="BuiltIn">
<msg time="2025-06-25T12:10:05.052428" level="INFO">Argument types are:
&lt;class 'int'&gt;
&lt;class 'str'&gt;</msg>
<arg>${response.status_code}</arg>
<arg>${expected_status}</arg>
<arg>Unexpected status code: ${response.status_code}</arg>
<doc>Fails if objects are unequal after converting them to integers.</doc>
<status status="PASS" start="2025-06-25T12:10:05.051346" elapsed="0.001082"/>
</kw>
<kw name="Should Contain" owner="BuiltIn">
<arg>${response.json()}[message]</arg>
<arg>${expected_message}</arg>
<arg>Expected message '${expected_message}' not in response: ${response.json()}</arg>
<doc>Fails if ``container`` does not contain ``item`` one or more times.</doc>
<status status="PASS" start="2025-06-25T12:10:05.052428" elapsed="0.001002"/>
</kw>
<arg>${response}</arg>
<arg>200</arg>
<arg>Registro alterado com sucesso</arg>
<doc>Verifies that a response matches the expected status code and message.</doc>
<status status="PASS" start="2025-06-25T12:10:05.050826" elapsed="0.003599"/>
</kw>
<kw name="Log" owner="BuiltIn">
<msg time="2025-06-25T12:10:05.054425" level="INFO">PUT Status Code: 200</msg>
<arg>PUT Status Code: ${response.status_code}</arg>
<doc>Logs the given message with the given level.</doc>
<status status="PASS" start="2025-06-25T12:10:05.054425" elapsed="0.000000"/>
</kw>
<kw name="Get user by id" owner="action_keywords">
<kw name="GET" owner="RequestsLibrary">
<msg time="2025-06-25T12:10:05.515142" level="INFO">GET Request : url=https://serverest.dev/usuarios/TtJjoqct52kAbXfJ 
 path_url=/usuarios/TtJjoqct52kAbXfJ 
 headers={'User-Agent': 'python-requests/2.32.3', 'Accept-Encoding': 'gzip, deflate', 'Accept': '*/*', 'Connection': 'keep-alive', 'Content-Type': 'application/json'} 
 body=None 
 </msg>
<msg time="2025-06-25T12:10:05.515142" level="INFO">GET Response : url=https://serverest.dev/usuarios/TtJjoqct52kAbXfJ 
 status=200, reason=OK 
 headers={'access-control-allow-origin': '*', 'x-dns-prefetch-control': 'off', 'x-frame-options': 'SAMEORIGIN', 'strict-transport-security': 'max-age=15552000; includeSubDomains', 'x-download-options': 'noopen', 'x-content-type-options': 'nosniff', 'x-xss-protection': '1; mode=block', 'content-type': 'application/json; charset=utf-8', 'x-cloud-trace-context': '09c8ef0c9d40e4a7ffea5508e597ba51', 'date': 'Wed, 25 Jun 2025 15:10:05 GMT', 'server': 'Google Frontend', 'Content-Length': '157'} 
 body={
    "nome": "Daniel Holt",
    "email": "stephen20@example.net",
    "password": "S51J&amp;lTbP^",
    "administrador": "true",
    "_id": "TtJjoqct52kAbXfJ"
} 
 </msg>
<msg time="2025-06-25T12:10:05.515142" level="INFO">${response} = &lt;Response [200]&gt;</msg>
<var>${response}</var>
<arg>${BASE_URL}/usuarios/${user_id}</arg>
<arg>headers=${HEADERS}</arg>
<arg>expected_status=any</arg>
<doc>Sends a GET request.</doc>
<status status="PASS" start="2025-06-25T12:10:05.055435" elapsed="0.460704"/>
</kw>
<return>
<value>${response}</value>
<status status="PASS" start="2025-06-25T12:10:05.516139" elapsed="0.000000"/>
</return>
<msg time="2025-06-25T12:10:05.516139" level="INFO">${get_response} = &lt;Response [200]&gt;</msg>
<var>${get_response}</var>
<arg>${user_id}</arg>
<status status="PASS" start="2025-06-25T12:10:05.055435" elapsed="0.460704"/>
</kw>
<kw name="Should Be Equal As Strings" owner="BuiltIn">
<arg>${get_response.json()}[nome]</arg>
<arg>${new_name}</arg>
<doc>Fails if objects are unequal after converting them to strings.</doc>
<status status="PASS" start="2025-06-25T12:10:05.518140" elapsed="0.000995"/>
</kw>
<kw name="Log" owner="BuiltIn">
<msg time="2025-06-25T12:10:05.519135" level="INFO">Validation via GET: name successfully updated to Daniel Holt</msg>
<arg>Validation via GET: name successfully updated to ${new_name}</arg>
<doc>Logs the given message with the given level.</doc>
<status status="PASS" start="2025-06-25T12:10:05.519135" elapsed="0.000000"/>
</kw>
<doc>Updates the name of a previously created user, reusing the original user_data and modifying only the name field.</doc>
<tag>put_usuarios</tag>
<tag>usuarios</tag>
<status status="PASS" start="2025-06-25T12:10:04.577399" elapsed="0.943255"/>
</test>
<test id="s1-s3-s4-t2" name="Update User Without Providing Name" line="28">
<kw name="Copy Dictionary" owner="Collections">
<msg time="2025-06-25T12:10:05.523686" level="INFO">${update_user_data} = {'nome': 'Karen Summers', 'email': 'stephen20@example.net', 'password': 'S51J&amp;lTbP^', 'administrador': 'true', 'id': 'TtJjoqct52kAbXfJ'}</msg>
<var>${update_user_data}</var>
<arg>${user_data}</arg>
<doc>Returns a copy of the given dictionary.</doc>
<status status="PASS" start="2025-06-25T12:10:05.523686" elapsed="0.000000"/>
</kw>
<kw name="Remove From Dictionary" owner="Collections">
<msg time="2025-06-25T12:10:05.523686" level="INFO">Removed item with key 'nome' and value 'Karen Summers'.</msg>
<arg>${update_user_data}</arg>
<arg>nome</arg>
<doc>Removes the given ``keys`` from the ``dictionary``.</doc>
<status status="PASS" start="2025-06-25T12:10:05.523686" elapsed="0.000000"/>
</kw>
<kw name="Remove From Dictionary" owner="Collections">
<msg time="2025-06-25T12:10:05.524687" level="INFO">Removed item with key 'id' and value 'TtJjoqct52kAbXfJ'.</msg>
<arg>${update_user_data}</arg>
<arg>id</arg>
<doc>Removes the given ``keys`` from the ``dictionary``.</doc>
<status status="PASS" start="2025-06-25T12:10:05.524687" elapsed="0.000000"/>
</kw>
<kw name="Put User by Id" owner="put_usuarios">
<kw name="PUT" owner="RequestsLibrary">
<msg time="2025-06-25T12:10:06.014071" level="INFO">PUT Request : url=https://serverest.dev/usuarios/TtJjoqct52kAbXfJ 
 path_url=/usuarios/TtJjoqct52kAbXfJ 
 headers={'User-Agent': 'python-requests/2.32.3', 'Accept-Encoding': 'gzip, deflate', 'Accept': '*/*', 'Connection': 'keep-alive', 'Content-Type': 'application/json', 'Content-Length': '85'} 
 body=b'{"email": "stephen20@example.net", "password": "S51J&amp;lTbP^", "administrador": "true"}' 
 </msg>
<msg time="2025-06-25T12:10:06.014071" level="INFO">PUT Response : url=https://serverest.dev/usuarios/TtJjoqct52kAbXfJ 
 status=400, reason=Bad Request 
 headers={'access-control-allow-origin': '*', 'x-dns-prefetch-control': 'off', 'x-frame-options': 'SAMEORIGIN', 'strict-transport-security': 'max-age=15552000; includeSubDomains', 'x-download-options': 'noopen', 'x-content-type-options': 'nosniff', 'x-xss-protection': '1; mode=block', 'content-type': 'application/json; charset=utf-8', 'x-cloud-trace-context': 'fac930e1e32bfb40351055ae7e860c7e', 'date': 'Wed, 25 Jun 2025 15:10:06 GMT', 'server': 'Google Frontend', 'Content-Length': '38'} 
 body={
    "nome": "nome é obrigatório"
} 
 </msg>
<msg time="2025-06-25T12:10:06.015075" level="INFO">${response} = &lt;Response [400]&gt;</msg>
<var>${response}</var>
<arg>${BASE_URL}/usuarios/${user_id}</arg>
<arg>json=${updated_user_data}</arg>
<arg>headers=${HEADERS}</arg>
<arg>expected_status=any</arg>
<doc>Sends a PUT request.</doc>
<status status="PASS" start="2025-06-25T12:10:05.525685" elapsed="0.489390"/>
</kw>
<return>
<value>${response}</value>
<status status="PASS" start="2025-06-25T12:10:06.015075" elapsed="0.000000"/>
</return>
<msg time="2025-06-25T12:10:06.015075" level="INFO">${response} = &lt;Response [400]&gt;</msg>
<var>${response}</var>
<arg>${user_data}[id]</arg>
<arg>${update_user_data}</arg>
<doc>Updates an existing user's data by sending a PUT request to the /usuarios/{id} endpoint.</doc>
<status status="PASS" start="2025-06-25T12:10:05.524687" elapsed="0.490388"/>
</kw>
<kw name="Should Be Equal As Integers" owner="BuiltIn">
<msg time="2025-06-25T12:10:06.017079" level="INFO">Argument types are:
&lt;class 'int'&gt;
&lt;class 'str'&gt;</msg>
<arg>${response.status_code}</arg>
<arg>400</arg>
<doc>Fails if objects are unequal after converting them to integers.</doc>
<status status="PASS" start="2025-06-25T12:10:06.016060" elapsed="0.001019"/>
</kw>
<kw name="Should Contain" owner="BuiltIn">
<arg>${response.json()}[nome]</arg>
<arg>nome é obrigatório</arg>
<doc>Fails if ``container`` does not contain ``item`` one or more times.</doc>
<status status="PASS" start="2025-06-25T12:10:06.018079" elapsed="0.000992"/>
</kw>
<kw name="Log" owner="BuiltIn">
<msg time="2025-06-25T12:10:06.021774" level="INFO">PUT Status Code: 400</msg>
<arg>PUT Status Code: ${response.status_code}</arg>
<doc>Logs the given message with the given level.</doc>
<status status="PASS" start="2025-06-25T12:10:06.019071" elapsed="0.002703"/>
</kw>
<doc>Attempts to update a user without providing the 'nome' field, expecting a validation error.</doc>
<tag>negative</tag>
<tag>put_usuarios</tag>
<tag>usuarios</tag>
<status status="PASS" start="2025-06-25T12:10:05.522672" elapsed="0.499601"/>
</test>
<doc>Test suite for creating and registering users in the ServeRest API</doc>
<status status="PASS" start="2025-06-25T12:10:04.086783" elapsed="1.937270"/>
</suite>
<status status="PASS" start="2025-06-25T12:09:59.559243" elapsed="6.465808"/>
</suite>
<kw name="Log" owner="BuiltIn" type="TEARDOWN">
<msg time="2025-06-25T12:10:06.027050" level="INFO">User management and authentication suite completed</msg>
<arg>User management and authentication suite completed</arg>
<doc>Logs the given message with the given level.</doc>
<status status="PASS" start="2025-06-25T12:10:06.026100" elapsed="0.000950"/>
</kw>
<doc>Top-level test suite for user management and authentication in the ServeRest API.</doc>
<status status="PASS" start="2025-06-25T12:09:35.540895" elapsed="30.486155"/>
</suite>
<statistics>
<total>
<stat pass="21" fail="0" skip="0">All Tests</stat>
</total>
<tag>
<stat pass="2" fail="0" skip="0">delete_usuarios</stat>
<stat pass="2" fail="0" skip="0">get_products</stat>
<stat pass="2" fail="0" skip="0">get_products_id</stat>
<stat pass="2" fail="0" skip="0">get_usuarios</stat>
<stat pass="2" fail="0" skip="0">login</stat>
<stat pass="11" fail="0" skip="0">negative</stat>
<stat pass="4" fail="0" skip="0">post_produtos</stat>
<stat pass="4" fail="0" skip="0">post_usuarios</stat>
<stat pass="4" fail="0" skip="0">products</stat>
<stat pass="7" fail="0" skip="0">produtos</stat>
<stat pass="3" fail="0" skip="0">put_produtos</stat>
<stat pass="2" fail="0" skip="0">put_usuarios</stat>
<stat pass="8" fail="0" skip="0">usuarios</stat>
</tag>
<suite>
<stat name="Tests" id="s1" pass="21" fail="0" skip="0">Tests</stat>
<stat name="Login" id="s1-s1" pass="2" fail="0" skip="0">Tests.Login</stat>
<stat name="Post Login" id="s1-s1-s1" pass="2" fail="0" skip="0">Tests.Login.Post Login</stat>
<stat name="Products" id="s1-s2" pass="11" fail="0" skip="0">Tests.Products</stat>
<stat name="Get Produtos" id="s1-s2-s1" pass="2" fail="0" skip="0">Tests.Products.Get Produtos</stat>
<stat name="Get Produtos Id" id="s1-s2-s2" pass="2" fail="0" skip="0">Tests.Products.Get Produtos Id</stat>
<stat name="Post Produtos" id="s1-s2-s3" pass="4" fail="0" skip="0">Tests.Products.Post Produtos</stat>
<stat name="Put Produtos" id="s1-s2-s4" pass="3" fail="0" skip="0">Tests.Products.Put Produtos</stat>
<stat name="Users" id="s1-s3" pass="8" fail="0" skip="0">Tests.Users</stat>
<stat name="Delete User" id="s1-s3-s1" pass="2" fail="0" skip="0">Tests.Users.Delete User</stat>
<stat name="Get User Id" id="s1-s3-s2" pass="2" fail="0" skip="0">Tests.Users.Get User Id</stat>
<stat name="Post User" id="s1-s3-s3" pass="2" fail="0" skip="0">Tests.Users.Post User</stat>
<stat name="Put User" id="s1-s3-s4" pass="2" fail="0" skip="0">Tests.Users.Put User</stat>
</suite>
</statistics>
<errors>
</errors>
</robot>
