<?xml version="1.0" encoding="UTF-8"?>
<robot generator="Robot 7.2.2 (Python 3.12.9 on win32)" generated="2025-04-01T20:59:48.048127" rpa="false" schemaversion="5">
<suite id="s1" name="Tests" source="C:\tayse\learning\PythonProjects\Robot\robot-api-tests\tests">
<kw name="Log" owner="BuiltIn" type="SETUP">
<msg time="2025-04-01T20:59:49.548587" level="INFO">Starting user management and authentication suite</msg>
<arg>Starting user management and authentication suite</arg>
<doc>Logs the given message with the given level.</doc>
<status status="PASS" start="2025-04-01T20:59:49.548587" elapsed="0.000000"/>
</kw>
<suite id="s1-s1" name="Auth" source="C:\tayse\learning\PythonProjects\Robot\robot-api-tests\tests\auth">
<suite id="s1-s1-s1" name="Login" source="C:\tayse\learning\PythonProjects\Robot\robot-api-tests\tests\auth\login.robot">
<test id="s1-s1-s1-t1" name="Login" line="9">
<kw name="Run Keyword And Return Status" owner="BuiltIn">
<kw name="File Should Exist" owner="OperatingSystem">
<msg time="2025-04-01T20:59:49.564119" level="INFO" html="true">File '&lt;a href="file://C:\tayse\learning\PythonProjects\Robot\robot-api-tests\data\user_data.json"&gt;C:\tayse\learning\PythonProjects\Robot\robot-api-tests\data\user_data.json&lt;/a&gt;' exists.</msg>
<arg>${DATA_DIR}/user_data.json</arg>
<doc>Fails unless the given ``path`` points to an existing file.</doc>
<status status="PASS" start="2025-04-01T20:59:49.564119" elapsed="0.000000"/>
</kw>
<msg time="2025-04-01T20:59:49.564119" level="INFO">${file_exists} = True</msg>
<var>${file_exists}</var>
<arg>File Should Exist</arg>
<arg>${DATA_DIR}/user_data.json</arg>
<doc>Runs the given keyword with given arguments and returns the status as a Boolean value.</doc>
<status status="PASS" start="2025-04-01T20:59:49.564119" elapsed="0.000000"/>
</kw>
<kw name="Run Keyword If" owner="BuiltIn">
<arg>not ${file_exists}</arg>
<arg>Create And Register New User</arg>
<doc>Runs the given keyword with the given arguments, if ``condition`` is true.</doc>
<status status="PASS" start="2025-04-01T20:59:49.564119" elapsed="0.000000"/>
</kw>
<kw name="Login User" owner="user_keywords">
<kw name="Run Keyword If" owner="BuiltIn">
<kw name="Load user data" owner="user_keywords">
<kw name="Get File" owner="OperatingSystem">
<msg time="2025-04-01T20:59:49.579740" level="INFO" html="true">Getting file '&lt;a href="file://C:\tayse\learning\PythonProjects\Robot\robot-api-tests\data\user_data.json"&gt;C:\tayse\learning\PythonProjects\Robot\robot-api-tests\data\user_data.json&lt;/a&gt;'.</msg>
<msg time="2025-04-01T20:59:49.579740" level="INFO">${json_str} = {"nome": "Alex Dennis", "email": "rodriguezeric@example.com", "password": "_WP7X^guQ5", "administrador": "true", "id": "0dMulppfCzbN70J3"}</msg>
<var>${json_str}</var>
<arg>${DATA_DIR}/user_data.json</arg>
<arg>encoding=UTF-8</arg>
<doc>Returns the contents of a specified file.</doc>
<status status="PASS" start="2025-04-01T20:59:49.579740" elapsed="0.000000"/>
</kw>
<kw name="Evaluate" owner="BuiltIn">
<msg time="2025-04-01T20:59:49.579740" level="INFO">${user_data} = {'nome': 'Alex Dennis', 'email': 'rodriguezeric@example.com', 'password': '_WP7X^guQ5', 'administrador': 'true', 'id': '0dMulppfCzbN70J3'}</msg>
<var>${user_data}</var>
<arg>json.loads('${json_str}')</arg>
<arg>modules=json</arg>
<doc>Evaluates the given expression in Python and returns the result.</doc>
<status status="PASS" start="2025-04-01T20:59:49.579740" elapsed="0.000000"/>
</kw>
<return>
<value>${user_data}</value>
<status status="PASS" start="2025-04-01T20:59:49.579740" elapsed="0.000000"/>
</return>
<doc>Loads user data from the JSON file into a dictionary</doc>
<status status="PASS" start="2025-04-01T20:59:49.579740" elapsed="0.000000"/>
</kw>
<msg time="2025-04-01T20:59:49.579740" level="INFO">${user_data} = {'nome': 'Alex Dennis', 'email': 'rodriguezeric@example.com', 'password': '_WP7X^guQ5', 'administrador': 'true', 'id': '0dMulppfCzbN70J3'}</msg>
<var>${user_data}</var>
<arg>'${email}' == '${None}'</arg>
<arg>Load user data</arg>
<arg>ELSE</arg>
<arg>Create Dictionary</arg>
<arg>email=${email}</arg>
<arg>password=${password}</arg>
<doc>Runs the given keyword with the given arguments, if ``condition`` is true.</doc>
<status status="PASS" start="2025-04-01T20:59:49.579740" elapsed="0.000000"/>
</kw>
<kw name="Run Keyword If" owner="BuiltIn">
<kw name="Get From Dictionary" owner="Collections">
<arg>${user_data}</arg>
<arg>email</arg>
<doc>Returns a value from the given ``dictionary`` based on the given ``key``.</doc>
<status status="PASS" start="2025-04-01T20:59:49.579740" elapsed="0.000000"/>
</kw>
<msg time="2025-04-01T20:59:49.579740" level="INFO">${email} = rodriguezeric@example.com</msg>
<var>${email}</var>
<arg>'${email}' == '${None}'</arg>
<arg>Get From Dictionary</arg>
<arg>${user_data}</arg>
<arg>email</arg>
<arg>ELSE</arg>
<arg>Set Variable</arg>
<arg>${email}</arg>
<doc>Runs the given keyword with the given arguments, if ``condition`` is true.</doc>
<status status="PASS" start="2025-04-01T20:59:49.579740" elapsed="0.000000"/>
</kw>
<kw name="Run Keyword If" owner="BuiltIn">
<kw name="Get From Dictionary" owner="Collections">
<arg>${user_data}</arg>
<arg>password</arg>
<doc>Returns a value from the given ``dictionary`` based on the given ``key``.</doc>
<status status="PASS" start="2025-04-01T20:59:49.579740" elapsed="0.000000"/>
</kw>
<msg time="2025-04-01T20:59:49.579740" level="INFO">${password} = _WP7X^guQ5</msg>
<var>${password}</var>
<arg>'${password}' == '${None}'</arg>
<arg>Get From Dictionary</arg>
<arg>${user_data}</arg>
<arg>password</arg>
<arg>ELSE</arg>
<arg>Set Variable</arg>
<arg>${password}</arg>
<doc>Runs the given keyword with the given arguments, if ``condition`` is true.</doc>
<status status="PASS" start="2025-04-01T20:59:49.579740" elapsed="0.000000"/>
</kw>
<kw name="Create Dictionary" owner="BuiltIn">
<msg time="2025-04-01T20:59:49.579740" level="INFO">&amp;{login_payload} = { email=rodriguezeric@example.com | password=_WP7X^guQ5 }</msg>
<var>&amp;{login_payload}</var>
<arg>email=${email}</arg>
<arg>password=${password}</arg>
<doc>Creates and returns a dictionary based on the given ``items``.</doc>
<status status="PASS" start="2025-04-01T20:59:49.579740" elapsed="0.000000"/>
</kw>
<kw name="Send Post Request" owner="api_keywords">
<kw name="POST" owner="RequestsLibrary">
<msg time="2025-04-01T20:59:50.276300" level="INFO">POST Request : url=https://serverest.dev/login 
 path_url=/login 
 headers={'User-Agent': 'python-requests/2.32.3', 'Accept-Encoding': 'gzip, deflate', 'Accept': '*/*', 'Connection': 'keep-alive', 'Content-Type': 'application/json', 'Content-Length': '64'} 
 body=b'{"email": "rodriguezeric@example.com", "password": "_WP7X^guQ5"}' 
 </msg>
<msg time="2025-04-01T20:59:50.276300" level="INFO">POST Response : url=https://serverest.dev/login 
 status=200, reason=OK 
 headers={'access-control-allow-origin': '*', 'x-dns-prefetch-control': 'off', 'x-frame-options': 'SAMEORIGIN', 'strict-transport-security': 'max-age=15552000; includeSubDomains', 'x-download-options': 'noopen', 'x-content-type-options': 'nosniff', 'x-xss-protection': '1; mode=block', 'content-type': 'application/json; charset=utf-8', 'x-cloud-trace-context': 'e6ec467525a37c430e70ae5a4d8764bc', 'date': 'Tue, 01 Apr 2025 23:59:51 GMT', 'server': 'Google Frontend', 'Content-Length': '288'} 
 body={
    "message": "Login realizado com sucesso",
    "authorization": "Bearer eyJhbGciOiJIUzI1NiIsInR5cCI6IkpXVCJ9.eyJlbWFpbCI6InJvZHJpZ3VlemVyaWNAZXhhbXBsZS5jb20iLCJwYXNzd29yZCI6Il9XUDdYXmd1UTUiLCJpYXQiOjE3NDM1NTE5OTEsImV4cCI6MTc0MzU1MjU5MX0.jCbQvO4UYul2YSBQcvKjrMawrGfo3GIBsVEKlNLUG74"
} 
 </msg>
<msg time="2025-04-01T20:59:50.276300" level="INFO">${response} = &lt;Response [200]&gt;</msg>
<var>${response}</var>
<arg>${BASE_URL}${endpoint}</arg>
<arg>json=${payload}</arg>
<arg>headers=${HEADERS}</arg>
<arg>expected_status=any</arg>
<doc>Sends a POST request.</doc>
<status status="PASS" start="2025-04-01T20:59:49.579740" elapsed="0.696560"/>
</kw>
<return>
<value>${response}</value>
<status status="PASS" start="2025-04-01T20:59:50.276300" elapsed="0.000000"/>
</return>
<msg time="2025-04-01T20:59:50.276300" level="INFO">${response} = &lt;Response [200]&gt;</msg>
<var>${response}</var>
<arg>${ENDPOINT_LOGIN}</arg>
<arg>${login_payload}</arg>
<arg>${HEADERS}</arg>
<doc>Sends a POST request to the specified endpoint with the given payload and headers</doc>
<status status="PASS" start="2025-04-01T20:59:49.579740" elapsed="0.696560"/>
</kw>
<return>
<value>${response}</value>
<status status="PASS" start="2025-04-01T20:59:50.276300" elapsed="0.000000"/>
</return>
<msg time="2025-04-01T20:59:50.276300" level="INFO">${response} = &lt;Response [200]&gt;</msg>
<var>${response}</var>
<doc>Performs a login request with optional custom credentials or defaults to stored user data.</doc>
<status status="PASS" start="2025-04-01T20:59:49.564119" elapsed="0.712181"/>
</kw>
<kw name="Check successful response" owner="user_keywords">
<kw name="Should Be Equal As Strings" owner="BuiltIn">
<msg time="2025-04-01T20:59:50.276300" level="INFO">Argument types are:
&lt;class 'int'&gt;
&lt;class 'str'&gt;</msg>
<arg>${response.status_code}</arg>
<arg>${EXPECTED_STATUS_CODE}</arg>
<doc>Fails if objects are unequal after converting them to strings.</doc>
<status status="PASS" start="2025-04-01T20:59:50.276300" elapsed="0.000000"/>
</kw>
<kw name="Get From Dictionary" owner="Collections">
<msg time="2025-04-01T20:59:50.276300" level="INFO">${response_message} = Login realizado com sucesso</msg>
<var>${response_message}</var>
<arg>${response.json()}</arg>
<arg>message</arg>
<doc>Returns a value from the given ``dictionary`` based on the given ``key``.</doc>
<status status="PASS" start="2025-04-01T20:59:50.276300" elapsed="0.000000"/>
</kw>
<kw name="Should Be Equal As Strings" owner="BuiltIn">
<arg>${response_message}</arg>
<arg>${EXPECTED_MESSAGE}</arg>
<doc>Fails if objects are unequal after converting them to strings.</doc>
<status status="PASS" start="2025-04-01T20:59:50.276300" elapsed="0.000000"/>
</kw>
<arg>${response}</arg>
<arg>200</arg>
<arg>Login realizado com sucesso</arg>
<doc>Verifies that a response matches the expected status code and message</doc>
<status status="PASS" start="2025-04-01T20:59:50.276300" elapsed="0.000000"/>
</kw>
<kw name="Log To Console" owner="BuiltIn">
<arg>Status Code: ${response.status_code}</arg>
<doc>Logs the given message to the console.</doc>
<status status="PASS" start="2025-04-01T20:59:50.276300" elapsed="0.000000"/>
</kw>
<kw name="Log To Console" owner="BuiltIn">
<arg>Received Message: ${response.json()['message']}</arg>
<doc>Logs the given message to the console.</doc>
<status status="PASS" start="2025-04-01T20:59:50.276300" elapsed="0.000000"/>
</kw>
<doc>Logs in an user with valid credentials generated during creation and verifies successful authentication.</doc>
<status status="PASS" start="2025-04-01T20:59:49.564119" elapsed="0.712181"/>
</test>
<test id="s1-s1-s1-t2" name="Login With Invalid Password" line="18">
<kw name="Generate new user" owner="user_keywords">
<kw name="Name" owner="FakerLibrary">
<msg time="2025-04-01T20:59:50.276300" level="INFO">${nome} = Samuel Parker</msg>
<var>${nome}</var>
<doc>:example: 'John Doe'</doc>
<status status="PASS" start="2025-04-01T20:59:50.276300" elapsed="0.000000"/>
</kw>
<kw name="Email" owner="FakerLibrary">
<msg time="2025-04-01T20:59:50.276300" level="INFO">${email} = prattjoseph@example.com</msg>
<var>${email}</var>
<status status="PASS" start="2025-04-01T20:59:50.276300" elapsed="0.000000"/>
</kw>
<kw name="Password" owner="FakerLibrary">
<msg time="2025-04-01T20:59:50.276300" level="INFO">${password} = u)7fkXhm%Y</msg>
<var>${password}</var>
<doc>Generate a random password of the specified ``length``.</doc>
<status status="PASS" start="2025-04-01T20:59:50.276300" elapsed="0.000000"/>
</kw>
<variable name="&amp;{user_data}">
<msg time="2025-04-01T20:59:50.276300" level="INFO">&amp;{user_data} = { nome=Samuel Parker | email=prattjoseph@example.com | password=u)7fkXhm%Y | administrador=true }</msg>
<var>nome=${nome}</var>
<var>email=${email}</var>
<var>password=${password}</var>
<var>administrador=true</var>
<status status="PASS" start="2025-04-01T20:59:50.276300" elapsed="0.000000"/>
</variable>
<return>
<value>${user_data}</value>
<status status="PASS" start="2025-04-01T20:59:50.276300" elapsed="0.000000"/>
</return>
<msg time="2025-04-01T20:59:50.276300" level="INFO">${full_user_data} = {'nome': 'Samuel Parker', 'email': 'prattjoseph@example.com', 'password': 'u)7fkXhm%Y', 'administrador': 'true'}</msg>
<var>${full_user_data}</var>
<doc>Generates fake user data for testing purposes using FakerLibrary</doc>
<status status="PASS" start="2025-04-01T20:59:50.276300" elapsed="0.000000"/>
</kw>
<kw name="Get From Dictionary" owner="Collections">
<msg time="2025-04-01T20:59:50.276300" level="INFO">${email_fake} = prattjoseph@example.com</msg>
<var>${email_fake}</var>
<arg>${full_user_data}</arg>
<arg>email</arg>
<doc>Returns a value from the given ``dictionary`` based on the given ``key``.</doc>
<status status="PASS" start="2025-04-01T20:59:50.276300" elapsed="0.000000"/>
</kw>
<kw name="Login User" owner="user_keywords">
<kw name="Run Keyword If" owner="BuiltIn">
<kw name="Create Dictionary" owner="BuiltIn">
<arg>email=${email}</arg>
<arg>password=${password}</arg>
<doc>Creates and returns a dictionary based on the given ``items``.</doc>
<status status="PASS" start="2025-04-01T20:59:50.276300" elapsed="0.000000"/>
</kw>
<msg time="2025-04-01T20:59:50.276300" level="INFO">${user_data} = {'email': 'prattjoseph@example.com', 'password': 'wrongpassword123'}</msg>
<var>${user_data}</var>
<arg>'${email}' == '${None}'</arg>
<arg>Load user data</arg>
<arg>ELSE</arg>
<arg>Create Dictionary</arg>
<arg>email=${email}</arg>
<arg>password=${password}</arg>
<doc>Runs the given keyword with the given arguments, if ``condition`` is true.</doc>
<status status="PASS" start="2025-04-01T20:59:50.276300" elapsed="0.000000"/>
</kw>
<kw name="Run Keyword If" owner="BuiltIn">
<kw name="Set Variable" owner="BuiltIn">
<arg>${email}</arg>
<doc>Returns the given values which can then be assigned to a variables.</doc>
<status status="PASS" start="2025-04-01T20:59:50.276300" elapsed="0.000000"/>
</kw>
<msg time="2025-04-01T20:59:50.276300" level="INFO">${email} = prattjoseph@example.com</msg>
<var>${email}</var>
<arg>'${email}' == '${None}'</arg>
<arg>Get From Dictionary</arg>
<arg>${user_data}</arg>
<arg>email</arg>
<arg>ELSE</arg>
<arg>Set Variable</arg>
<arg>${email}</arg>
<doc>Runs the given keyword with the given arguments, if ``condition`` is true.</doc>
<status status="PASS" start="2025-04-01T20:59:50.276300" elapsed="0.000000"/>
</kw>
<kw name="Run Keyword If" owner="BuiltIn">
<kw name="Set Variable" owner="BuiltIn">
<arg>${password}</arg>
<doc>Returns the given values which can then be assigned to a variables.</doc>
<status status="PASS" start="2025-04-01T20:59:50.276300" elapsed="0.000000"/>
</kw>
<msg time="2025-04-01T20:59:50.276300" level="INFO">${password} = wrongpassword123</msg>
<var>${password}</var>
<arg>'${password}' == '${None}'</arg>
<arg>Get From Dictionary</arg>
<arg>${user_data}</arg>
<arg>password</arg>
<arg>ELSE</arg>
<arg>Set Variable</arg>
<arg>${password}</arg>
<doc>Runs the given keyword with the given arguments, if ``condition`` is true.</doc>
<status status="PASS" start="2025-04-01T20:59:50.276300" elapsed="0.000000"/>
</kw>
<kw name="Create Dictionary" owner="BuiltIn">
<msg time="2025-04-01T20:59:50.276300" level="INFO">&amp;{login_payload} = { email=prattjoseph@example.com | password=wrongpassword123 }</msg>
<var>&amp;{login_payload}</var>
<arg>email=${email}</arg>
<arg>password=${password}</arg>
<doc>Creates and returns a dictionary based on the given ``items``.</doc>
<status status="PASS" start="2025-04-01T20:59:50.276300" elapsed="0.000000"/>
</kw>
<kw name="Send Post Request" owner="api_keywords">
<kw name="POST" owner="RequestsLibrary">
<msg time="2025-04-01T20:59:50.715102" level="INFO">POST Request : url=https://serverest.dev/login 
 path_url=/login 
 headers={'User-Agent': 'python-requests/2.32.3', 'Accept-Encoding': 'gzip, deflate', 'Accept': '*/*', 'Connection': 'keep-alive', 'Content-Type': 'application/json', 'Content-Length': '68'} 
 body=b'{"email": "prattjoseph@example.com", "password": "wrongpassword123"}' 
 </msg>
<msg time="2025-04-01T20:59:50.715102" level="INFO">POST Response : url=https://serverest.dev/login 
 status=401, reason=Unauthorized 
 headers={'access-control-allow-origin': '*', 'x-dns-prefetch-control': 'off', 'x-frame-options': 'SAMEORIGIN', 'strict-transport-security': 'max-age=15552000; includeSubDomains', 'x-download-options': 'noopen', 'x-content-type-options': 'nosniff', 'x-xss-protection': '1; mode=block', 'content-type': 'application/json; charset=utf-8', 'x-cloud-trace-context': '31302c5a442d6637d59170deae444f1f', 'date': 'Tue, 01 Apr 2025 23:59:51 GMT', 'server': 'Google Frontend', 'Content-Length': '48'} 
 body={
    "message": "Email e/ou senha inválidos"
} 
 </msg>
<msg time="2025-04-01T20:59:50.715102" level="INFO">${response} = &lt;Response [401]&gt;</msg>
<var>${response}</var>
<arg>${BASE_URL}${endpoint}</arg>
<arg>json=${payload}</arg>
<arg>headers=${HEADERS}</arg>
<arg>expected_status=any</arg>
<doc>Sends a POST request.</doc>
<status status="PASS" start="2025-04-01T20:59:50.276300" elapsed="0.438802"/>
</kw>
<return>
<value>${response}</value>
<status status="PASS" start="2025-04-01T20:59:50.730644" elapsed="0.000000"/>
</return>
<msg time="2025-04-01T20:59:50.730644" level="INFO">${response} = &lt;Response [401]&gt;</msg>
<var>${response}</var>
<arg>${ENDPOINT_LOGIN}</arg>
<arg>${login_payload}</arg>
<arg>${HEADERS}</arg>
<doc>Sends a POST request to the specified endpoint with the given payload and headers</doc>
<status status="PASS" start="2025-04-01T20:59:50.276300" elapsed="0.454344"/>
</kw>
<return>
<value>${response}</value>
<status status="PASS" start="2025-04-01T20:59:50.730644" elapsed="0.000000"/>
</return>
<msg time="2025-04-01T20:59:50.730644" level="INFO">${response} = &lt;Response [401]&gt;</msg>
<var>${response}</var>
<arg>${email_fake}</arg>
<arg>wrongpassword123</arg>
<doc>Performs a login request with optional custom credentials or defaults to stored user data.</doc>
<status status="PASS" start="2025-04-01T20:59:50.276300" elapsed="0.454344"/>
</kw>
<kw name="Verify Error Response" owner="user_keywords">
<kw name="Should Be Equal As Integers" owner="BuiltIn">
<msg time="2025-04-01T20:59:50.730644" level="INFO">Argument types are:
&lt;class 'int'&gt;
&lt;class 'str'&gt;</msg>
<arg>${response.status_code}</arg>
<arg>${expected_status_code}</arg>
<arg>Failed to verify error: Unexpected status code</arg>
<doc>Fails if objects are unequal after converting them to integers.</doc>
<status status="PASS" start="2025-04-01T20:59:50.730644" elapsed="0.000000"/>
</kw>
<kw name="Set Variable" owner="BuiltIn">
<msg time="2025-04-01T20:59:50.730644" level="INFO">${response_json} = {'message': 'Email e/ou senha inválidos'}</msg>
<var>${response_json}</var>
<arg>${response.json()}</arg>
<doc>Returns the given values which can then be assigned to a variables.</doc>
<status status="PASS" start="2025-04-01T20:59:50.730644" elapsed="0.000000"/>
</kw>
<kw name="Log" owner="BuiltIn">
<msg time="2025-04-01T20:59:50.730644" level="INFO">Response JSON: {'message': 'Email e/ou senha inválidos'}</msg>
<arg>Response JSON: ${response_json}</arg>
<doc>Logs the given message with the given level.</doc>
<status status="PASS" start="2025-04-01T20:59:50.730644" elapsed="0.000000"/>
</kw>
<kw name="Get From Dictionary" owner="Collections">
<msg time="2025-04-01T20:59:50.730644" level="INFO">${message_field} = Email e/ou senha inválidos</msg>
<var>${message_field}</var>
<arg>${response_json}</arg>
<arg>message</arg>
<arg>default=${None}</arg>
<doc>Returns a value from the given ``dictionary`` based on the given ``key``.</doc>
<status status="PASS" start="2025-04-01T20:59:50.730644" elapsed="0.000000"/>
</kw>
<kw name="Get From Dictionary" owner="Collections">
<msg time="2025-04-01T20:59:50.730644" level="INFO">${email_field} = None</msg>
<var>${email_field}</var>
<arg>${response_json}</arg>
<arg>email</arg>
<arg>default=${None}</arg>
<doc>Returns a value from the given ``dictionary`` based on the given ``key``.</doc>
<status status="PASS" start="2025-04-01T20:59:50.730644" elapsed="0.000000"/>
</kw>
<kw name="Set Variable If" owner="BuiltIn">
<msg time="2025-04-01T20:59:50.730644" level="INFO">${error_field} = Email e/ou senha inválidos</msg>
<var>${error_field}</var>
<arg>'${message_field}' != '${None}'</arg>
<arg>${message_field}</arg>
<arg>${email_field}</arg>
<doc>Sets variable based on the given condition.</doc>
<status status="PASS" start="2025-04-01T20:59:50.730644" elapsed="0.000000"/>
</kw>
<kw name="Run Keyword If" owner="BuiltIn">
<arg>'${error_field}' == '${None}'</arg>
<arg>Fail</arg>
<arg>No 'message' or 'email' field in response: ${response_json}</arg>
<doc>Runs the given keyword with the given arguments, if ``condition`` is true.</doc>
<status status="PASS" start="2025-04-01T20:59:50.730644" elapsed="0.000000"/>
</kw>
<kw name="Should Contain" owner="BuiltIn">
<arg>${error_field}</arg>
<arg>${expected_message}</arg>
<arg>Failed to verify error: Expected message '${expected_message}' not found in '${error_field}'</arg>
<doc>Fails if ``container`` does not contain ``item`` one or more times.</doc>
<status status="PASS" start="2025-04-01T20:59:50.730644" elapsed="0.000000"/>
</kw>
<arg>${response}</arg>
<arg>401</arg>
<arg>Email e/ou senha inválidos</arg>
<doc>Verifies that an error response matches the expected status code and contains the expected message in either 'message' or 'email' field.</doc>
<status status="PASS" start="2025-04-01T20:59:50.730644" elapsed="0.000000"/>
</kw>
<kw name="Log To Console" owner="BuiltIn">
<arg>Failed Login Status: ${response.status_code}</arg>
<doc>Logs the given message to the console.</doc>
<status status="PASS" start="2025-04-01T20:59:50.730644" elapsed="0.000000"/>
</kw>
<kw name="Log To Console" owner="BuiltIn">
<arg>Failed Login Message: ${response.json()['message']}</arg>
<doc>Logs the given message to the console.</doc>
<status status="PASS" start="2025-04-01T20:59:50.730644" elapsed="0.000000"/>
</kw>
<doc>Attempts to log in with a valid email and an incorrect password, expecting a failure.</doc>
<status status="PASS" start="2025-04-01T20:59:50.276300" elapsed="0.454344"/>
</test>
<status status="PASS" start="2025-04-01T20:59:49.548587" elapsed="1.182057"/>
</suite>
<status status="PASS" start="2025-04-01T20:59:49.548587" elapsed="1.182057"/>
</suite>
<suite id="s1-s2" name="Users" source="C:\tayse\learning\PythonProjects\Robot\robot-api-tests\tests\users">
<suite id="s1-s2-s1" name="Create User" source="C:\tayse\learning\PythonProjects\Robot\robot-api-tests\tests\users\create_user.robot">
<test id="s1-s2-s1-t1" name="Create New User" line="8">
<kw name="Create And Register New User" owner="user_keywords">
<kw name="Generate new user" owner="user_keywords">
<kw name="Name" owner="FakerLibrary">
<msg time="2025-04-01T20:59:50.755801" level="INFO">${nome} = Karen Goodman</msg>
<var>${nome}</var>
<doc>:example: 'John Doe'</doc>
<status status="PASS" start="2025-04-01T20:59:50.755801" elapsed="0.000000"/>
</kw>
<kw name="Email" owner="FakerLibrary">
<msg time="2025-04-01T20:59:50.755801" level="INFO">${email} = danabush@example.com</msg>
<var>${email}</var>
<status status="PASS" start="2025-04-01T20:59:50.755801" elapsed="0.000000"/>
</kw>
<kw name="Password" owner="FakerLibrary">
<msg time="2025-04-01T20:59:50.755801" level="INFO">${password} = 7E#5Ryb^0H</msg>
<var>${password}</var>
<doc>Generate a random password of the specified ``length``.</doc>
<status status="PASS" start="2025-04-01T20:59:50.755801" elapsed="0.000000"/>
</kw>
<variable name="&amp;{user_data}">
<msg time="2025-04-01T20:59:50.755801" level="INFO">&amp;{user_data} = { nome=Karen Goodman | email=danabush@example.com | password=7E#5Ryb^0H | administrador=true }</msg>
<var>nome=${nome}</var>
<var>email=${email}</var>
<var>password=${password}</var>
<var>administrador=true</var>
<status status="PASS" start="2025-04-01T20:59:50.755801" elapsed="0.000000"/>
</variable>
<return>
<value>${user_data}</value>
<status status="PASS" start="2025-04-01T20:59:50.755801" elapsed="0.000000"/>
</return>
<msg time="2025-04-01T20:59:50.755801" level="INFO">${user_data} = {'nome': 'Karen Goodman', 'email': 'danabush@example.com', 'password': '7E#5Ryb^0H', 'administrador': 'true'}</msg>
<var>${user_data}</var>
<doc>Generates fake user data for testing purposes using FakerLibrary</doc>
<status status="PASS" start="2025-04-01T20:59:50.755801" elapsed="0.000000"/>
</kw>
<kw name="Create new user" owner="user_keywords">
<kw name="Send Post Request" owner="api_keywords">
<kw name="POST" owner="RequestsLibrary">
<msg time="2025-04-01T20:59:51.205019" level="INFO">POST Request : url=https://serverest.dev/usuarios 
 path_url=/usuarios 
 headers={'User-Agent': 'python-requests/2.32.3', 'Accept-Encoding': 'gzip, deflate', 'Accept': '*/*', 'Connection': 'keep-alive', 'Content-Type': 'application/json', 'Content-Length': '109'} 
 body=b'{"nome": "Karen Goodman", "email": "danabush@example.com", "password": "7E#5Ryb^0H", "administrador": "true"}' 
 </msg>
<msg time="2025-04-01T20:59:51.205019" level="INFO">POST Response : url=https://serverest.dev/usuarios 
 status=201, reason=Created 
 headers={'access-control-allow-origin': '*', 'x-dns-prefetch-control': 'off', 'x-frame-options': 'SAMEORIGIN', 'strict-transport-security': 'max-age=15552000; includeSubDomains', 'x-download-options': 'noopen', 'x-content-type-options': 'nosniff', 'x-xss-protection': '1; mode=block', 'content-type': 'application/json; charset=utf-8', 'x-cloud-trace-context': '1acc4c27fb83c3f9bca21b964358ced6', 'date': 'Tue, 01 Apr 2025 23:59:52 GMT', 'server': 'Google Frontend', 'Content-Length': '82'} 
 body={
    "message": "Cadastro realizado com sucesso",
    "_id": "KupKzook7mnx9ffv"
} 
 </msg>
<msg time="2025-04-01T20:59:51.206020" level="INFO">${response} = &lt;Response [201]&gt;</msg>
<var>${response}</var>
<arg>${BASE_URL}${endpoint}</arg>
<arg>json=${payload}</arg>
<arg>headers=${HEADERS}</arg>
<arg>expected_status=any</arg>
<doc>Sends a POST request.</doc>
<status status="PASS" start="2025-04-01T20:59:50.755801" elapsed="0.450378"/>
</kw>
<return>
<value>${response}</value>
<status status="PASS" start="2025-04-01T20:59:51.206179" elapsed="0.000000"/>
</return>
<msg time="2025-04-01T20:59:51.206179" level="INFO">${response} = &lt;Response [201]&gt;</msg>
<var>${response}</var>
<arg>${ENDPOINT_USUARIOS}</arg>
<arg>${user_data}</arg>
<arg>${HEADERS}</arg>
<doc>Sends a POST request to the specified endpoint with the given payload and headers</doc>
<status status="PASS" start="2025-04-01T20:59:50.755801" elapsed="0.450378"/>
</kw>
<return>
<value>${response}</value>
<status status="PASS" start="2025-04-01T20:59:51.206179" elapsed="0.000000"/>
</return>
<msg time="2025-04-01T20:59:51.206179" level="INFO">${response} = &lt;Response [201]&gt;</msg>
<var>${response}</var>
<arg>${user_data}</arg>
<doc>Creates a new user by sending a POST request with the provided user data</doc>
<status status="PASS" start="2025-04-01T20:59:50.755801" elapsed="0.450378"/>
</kw>
<kw name="Save user data" owner="user_keywords">
<kw name="Evaluate" owner="BuiltIn">
<msg time="2025-04-01T20:59:51.206179" level="INFO">${user_data_str} = {"nome": "Karen Goodman", "email": "danabush@example.com", "password": "7E#5Ryb^0H", "administrador": "true"}</msg>
<var>${user_data_str}</var>
<arg>json.dumps($user_data)</arg>
<doc>Evaluates the given expression in Python and returns the result.</doc>
<status status="PASS" start="2025-04-01T20:59:51.206179" elapsed="0.000000"/>
</kw>
<kw name="Create File" owner="OperatingSystem">
<msg time="2025-04-01T20:59:51.206179" level="INFO" html="true">Created file '&lt;a href="file://C:\tayse\learning\PythonProjects\Robot\robot-api-tests\data\user_data.json"&gt;C:\tayse\learning\PythonProjects\Robot\robot-api-tests\data\user_data.json&lt;/a&gt;'.</msg>
<arg>${DATA_DIR}/user_data.json</arg>
<arg>${user_data_str}</arg>
<arg>encoding=UTF-8</arg>
<doc>Creates a file with the given content and encoding.</doc>
<status status="PASS" start="2025-04-01T20:59:51.206179" elapsed="0.000000"/>
</kw>
<arg>${user_data}</arg>
<doc>Saves the provided user data to a JSON file for persistent storage</doc>
<status status="PASS" start="2025-04-01T20:59:51.206179" elapsed="0.000000"/>
</kw>
<kw name="Get From Dictionary" owner="Collections">
<msg time="2025-04-01T20:59:51.206179" level="INFO">${user_id} = KupKzook7mnx9ffv</msg>
<var>${user_id}</var>
<arg>${response.json()}</arg>
<arg>_id</arg>
<doc>Returns a value from the given ``dictionary`` based on the given ``key``.</doc>
<status status="PASS" start="2025-04-01T20:59:51.206179" elapsed="0.000000"/>
</kw>
<kw name="Save User ID" owner="user_keywords">
<kw name="Load user data" owner="user_keywords">
<kw name="Get File" owner="OperatingSystem">
<msg time="2025-04-01T20:59:51.206179" level="INFO" html="true">Getting file '&lt;a href="file://C:\tayse\learning\PythonProjects\Robot\robot-api-tests\data\user_data.json"&gt;C:\tayse\learning\PythonProjects\Robot\robot-api-tests\data\user_data.json&lt;/a&gt;'.</msg>
<msg time="2025-04-01T20:59:51.219570" level="INFO">${json_str} = {"nome": "Karen Goodman", "email": "danabush@example.com", "password": "7E#5Ryb^0H", "administrador": "true"}</msg>
<var>${json_str}</var>
<arg>${DATA_DIR}/user_data.json</arg>
<arg>encoding=UTF-8</arg>
<doc>Returns the contents of a specified file.</doc>
<status status="PASS" start="2025-04-01T20:59:51.206179" elapsed="0.013391"/>
</kw>
<kw name="Evaluate" owner="BuiltIn">
<msg time="2025-04-01T20:59:51.219570" level="INFO">${user_data} = {'nome': 'Karen Goodman', 'email': 'danabush@example.com', 'password': '7E#5Ryb^0H', 'administrador': 'true'}</msg>
<var>${user_data}</var>
<arg>json.loads('${json_str}')</arg>
<arg>modules=json</arg>
<doc>Evaluates the given expression in Python and returns the result.</doc>
<status status="PASS" start="2025-04-01T20:59:51.219570" elapsed="0.000000"/>
</kw>
<return>
<value>${user_data}</value>
<status status="PASS" start="2025-04-01T20:59:51.219570" elapsed="0.000000"/>
</return>
<msg time="2025-04-01T20:59:51.219570" level="INFO">${existing_data} = {'nome': 'Karen Goodman', 'email': 'danabush@example.com', 'password': '7E#5Ryb^0H', 'administrador': 'true'}</msg>
<var>${existing_data}</var>
<doc>Loads user data from the JSON file into a dictionary</doc>
<status status="PASS" start="2025-04-01T20:59:51.206179" elapsed="0.013391"/>
</kw>
<kw name="Set To Dictionary" owner="Collections">
<arg>${existing_data}</arg>
<arg>id=${user_id}</arg>
<doc>Adds the given ``key_value_pairs`` and/or ``items`` to the ``dictionary``.</doc>
<status status="PASS" start="2025-04-01T20:59:51.219570" elapsed="0.000945"/>
</kw>
<kw name="Evaluate" owner="BuiltIn">
<msg time="2025-04-01T20:59:51.220515" level="INFO">${updated_data_str} = {"nome": "Karen Goodman", "email": "danabush@example.com", "password": "7E#5Ryb^0H", "administrador": "true", "id": "KupKzook7mnx9ffv"}</msg>
<var>${updated_data_str}</var>
<arg>json.dumps($existing_data)</arg>
<doc>Evaluates the given expression in Python and returns the result.</doc>
<status status="PASS" start="2025-04-01T20:59:51.220515" elapsed="0.000000"/>
</kw>
<kw name="Create File" owner="OperatingSystem">
<msg time="2025-04-01T20:59:51.220923" level="INFO" html="true">Created file '&lt;a href="file://C:\tayse\learning\PythonProjects\Robot\robot-api-tests\data\user_data.json"&gt;C:\tayse\learning\PythonProjects\Robot\robot-api-tests\data\user_data.json&lt;/a&gt;'.</msg>
<arg>${DATA_DIR}/user_data.json</arg>
<arg>${updated_data_str}</arg>
<arg>encoding=UTF-8</arg>
<doc>Creates a file with the given content and encoding.</doc>
<status status="PASS" start="2025-04-01T20:59:51.220923" elapsed="0.000000"/>
</kw>
<arg>${user_id}</arg>
<doc>Updates the stored user data by adding the user ID to the JSON file</doc>
<status status="PASS" start="2025-04-01T20:59:51.206179" elapsed="0.014744"/>
</kw>
<kw name="Check successful response" owner="user_keywords">
<kw name="Should Be Equal As Strings" owner="BuiltIn">
<msg time="2025-04-01T20:59:51.220923" level="INFO">Argument types are:
&lt;class 'int'&gt;
&lt;class 'str'&gt;</msg>
<arg>${response.status_code}</arg>
<arg>${EXPECTED_STATUS_CODE}</arg>
<doc>Fails if objects are unequal after converting them to strings.</doc>
<status status="PASS" start="2025-04-01T20:59:51.220923" elapsed="0.000000"/>
</kw>
<kw name="Get From Dictionary" owner="Collections">
<msg time="2025-04-01T20:59:51.220923" level="INFO">${response_message} = Cadastro realizado com sucesso</msg>
<var>${response_message}</var>
<arg>${response.json()}</arg>
<arg>message</arg>
<doc>Returns a value from the given ``dictionary`` based on the given ``key``.</doc>
<status status="PASS" start="2025-04-01T20:59:51.220923" elapsed="0.000000"/>
</kw>
<kw name="Should Be Equal As Strings" owner="BuiltIn">
<arg>${response_message}</arg>
<arg>${EXPECTED_MESSAGE}</arg>
<doc>Fails if objects are unequal after converting them to strings.</doc>
<status status="PASS" start="2025-04-01T20:59:51.220923" elapsed="0.000000"/>
</kw>
<arg>${response}</arg>
<arg>201</arg>
<arg>Cadastro realizado com sucesso</arg>
<doc>Verifies that a response matches the expected status code and message</doc>
<status status="PASS" start="2025-04-01T20:59:51.220923" elapsed="0.000000"/>
</kw>
<return>
<value>${user_data}</value>
<status status="PASS" start="2025-04-01T20:59:51.220923" elapsed="0.000000"/>
</return>
<doc>Generates a new user, registers it, and saves the data with ID to user_data.json.</doc>
<status status="PASS" start="2025-04-01T20:59:50.755801" elapsed="0.465122"/>
</kw>
<kw name="Log To Console" owner="BuiltIn">
<arg>User created and register successfully</arg>
<doc>Logs the given message to the console.</doc>
<status status="PASS" start="2025-04-01T20:59:51.220923" elapsed="0.000000"/>
</kw>
<doc>Creates a new user, stores their data, and verifies successful registration.</doc>
<status status="PASS" start="2025-04-01T20:59:50.755801" elapsed="0.465122"/>
</test>
<test id="s1-s2-s1-t2" name="Create New User With Missing Email" line="13">
<kw name="Generate new user" owner="user_keywords">
<kw name="Name" owner="FakerLibrary">
<msg time="2025-04-01T20:59:51.220923" level="INFO">${nome} = Stacy Bush</msg>
<var>${nome}</var>
<doc>:example: 'John Doe'</doc>
<status status="PASS" start="2025-04-01T20:59:51.220923" elapsed="0.000000"/>
</kw>
<kw name="Email" owner="FakerLibrary">
<msg time="2025-04-01T20:59:51.220923" level="INFO">${email} = vargaswilliam@example.com</msg>
<var>${email}</var>
<status status="PASS" start="2025-04-01T20:59:51.220923" elapsed="0.000000"/>
</kw>
<kw name="Password" owner="FakerLibrary">
<msg time="2025-04-01T20:59:51.220923" level="INFO">${password} = +$D4V#vwfq</msg>
<var>${password}</var>
<doc>Generate a random password of the specified ``length``.</doc>
<status status="PASS" start="2025-04-01T20:59:51.220923" elapsed="0.000000"/>
</kw>
<variable name="&amp;{user_data}">
<msg time="2025-04-01T20:59:51.220923" level="INFO">&amp;{user_data} = { nome=Stacy Bush | email=vargaswilliam@example.com | password=+$D4V#vwfq | administrador=true }</msg>
<var>nome=${nome}</var>
<var>email=${email}</var>
<var>password=${password}</var>
<var>administrador=true</var>
<status status="PASS" start="2025-04-01T20:59:51.220923" elapsed="0.000000"/>
</variable>
<return>
<value>${user_data}</value>
<status status="PASS" start="2025-04-01T20:59:51.220923" elapsed="0.000000"/>
</return>
<msg time="2025-04-01T20:59:51.220923" level="INFO">${full_user_data} = {'nome': 'Stacy Bush', 'email': 'vargaswilliam@example.com', 'password': '+$D4V#vwfq', 'administrador': 'true'}</msg>
<var>${full_user_data}</var>
<doc>Generates fake user data for testing purposes using FakerLibrary</doc>
<status status="PASS" start="2025-04-01T20:59:51.220923" elapsed="0.000000"/>
</kw>
<kw name="Get From Dictionary" owner="Collections">
<msg time="2025-04-01T20:59:51.220923" level="INFO">${nome_fake} = Stacy Bush</msg>
<var>${nome_fake}</var>
<arg>${full_user_data}</arg>
<arg>nome</arg>
<doc>Returns a value from the given ``dictionary`` based on the given ``key``.</doc>
<status status="PASS" start="2025-04-01T20:59:51.220923" elapsed="0.000000"/>
</kw>
<kw name="Get From Dictionary" owner="Collections">
<msg time="2025-04-01T20:59:51.220923" level="INFO">${password_fake} = +$D4V#vwfq</msg>
<var>${password_fake}</var>
<arg>${full_user_data}</arg>
<arg>password</arg>
<doc>Returns a value from the given ``dictionary`` based on the given ``key``.</doc>
<status status="PASS" start="2025-04-01T20:59:51.220923" elapsed="0.000000"/>
</kw>
<kw name="Create Dictionary" owner="BuiltIn">
<msg time="2025-04-01T20:59:51.220923" level="INFO">${user_data_fake} = {'nome': 'Stacy Bush', 'password': '+$D4V#vwfq', 'administrador': 'true'}</msg>
<var>${user_data_fake}</var>
<arg>nome=${nome_fake}</arg>
<arg>password=${password_fake}</arg>
<arg>administrador=true</arg>
<doc>Creates and returns a dictionary based on the given ``items``.</doc>
<status status="PASS" start="2025-04-01T20:59:51.220923" elapsed="0.000000"/>
</kw>
<kw name="Create new user" owner="user_keywords">
<kw name="Send Post Request" owner="api_keywords">
<kw name="POST" owner="RequestsLibrary">
<msg time="2025-04-01T20:59:51.669525" level="INFO">POST Request : url=https://serverest.dev/usuarios 
 path_url=/usuarios 
 headers={'User-Agent': 'python-requests/2.32.3', 'Accept-Encoding': 'gzip, deflate', 'Accept': '*/*', 'Connection': 'keep-alive', 'Content-Type': 'application/json', 'Content-Length': '73'} 
 body=b'{"nome": "Stacy Bush", "password": "+$D4V#vwfq", "administrador": "true"}' 
 </msg>
<msg time="2025-04-01T20:59:51.669525" level="INFO">POST Response : url=https://serverest.dev/usuarios 
 status=400, reason=Bad Request 
 headers={'access-control-allow-origin': '*', 'x-dns-prefetch-control': 'off', 'x-frame-options': 'SAMEORIGIN', 'strict-transport-security': 'max-age=15552000; includeSubDomains', 'x-download-options': 'noopen', 'x-content-type-options': 'nosniff', 'x-xss-protection': '1; mode=block', 'content-type': 'application/json; charset=utf-8', 'x-cloud-trace-context': '2b8f8b34ea3b8e65a27bef3cfa6ba3ec', 'date': 'Tue, 01 Apr 2025 23:59:52 GMT', 'server': 'Google Frontend', 'Content-Length': '40'} 
 body={
    "email": "email é obrigatório"
} 
 </msg>
<msg time="2025-04-01T20:59:51.669525" level="INFO">${response} = &lt;Response [400]&gt;</msg>
<var>${response}</var>
<arg>${BASE_URL}${endpoint}</arg>
<arg>json=${payload}</arg>
<arg>headers=${HEADERS}</arg>
<arg>expected_status=any</arg>
<doc>Sends a POST request.</doc>
<status status="PASS" start="2025-04-01T20:59:51.220923" elapsed="0.448602"/>
</kw>
<return>
<value>${response}</value>
<status status="PASS" start="2025-04-01T20:59:51.669525" elapsed="0.000000"/>
</return>
<msg time="2025-04-01T20:59:51.670514" level="INFO">${response} = &lt;Response [400]&gt;</msg>
<var>${response}</var>
<arg>${ENDPOINT_USUARIOS}</arg>
<arg>${user_data}</arg>
<arg>${HEADERS}</arg>
<doc>Sends a POST request to the specified endpoint with the given payload and headers</doc>
<status status="PASS" start="2025-04-01T20:59:51.220923" elapsed="0.449591"/>
</kw>
<return>
<value>${response}</value>
<status status="PASS" start="2025-04-01T20:59:51.670514" elapsed="0.000000"/>
</return>
<msg time="2025-04-01T20:59:51.670514" level="INFO">${response} = &lt;Response [400]&gt;</msg>
<var>${response}</var>
<arg>${user_data_fake}</arg>
<doc>Creates a new user by sending a POST request with the provided user data</doc>
<status status="PASS" start="2025-04-01T20:59:51.220923" elapsed="0.449591"/>
</kw>
<kw name="Verify Error Response" owner="user_keywords">
<kw name="Should Be Equal As Integers" owner="BuiltIn">
<msg time="2025-04-01T20:59:51.673172" level="INFO">Argument types are:
&lt;class 'int'&gt;
&lt;class 'str'&gt;</msg>
<arg>${response.status_code}</arg>
<arg>${expected_status_code}</arg>
<arg>Failed to verify error: Unexpected status code</arg>
<doc>Fails if objects are unequal after converting them to integers.</doc>
<status status="PASS" start="2025-04-01T20:59:51.672508" elapsed="0.000664"/>
</kw>
<kw name="Set Variable" owner="BuiltIn">
<msg time="2025-04-01T20:59:51.673172" level="INFO">${response_json} = {'email': 'email é obrigatório'}</msg>
<var>${response_json}</var>
<arg>${response.json()}</arg>
<doc>Returns the given values which can then be assigned to a variables.</doc>
<status status="PASS" start="2025-04-01T20:59:51.673172" elapsed="0.000000"/>
</kw>
<kw name="Log" owner="BuiltIn">
<msg time="2025-04-01T20:59:51.673172" level="INFO">Response JSON: {'email': 'email é obrigatório'}</msg>
<arg>Response JSON: ${response_json}</arg>
<doc>Logs the given message with the given level.</doc>
<status status="PASS" start="2025-04-01T20:59:51.673172" elapsed="0.000000"/>
</kw>
<kw name="Get From Dictionary" owner="Collections">
<msg time="2025-04-01T20:59:51.673172" level="INFO">${message_field} = None</msg>
<var>${message_field}</var>
<arg>${response_json}</arg>
<arg>message</arg>
<arg>default=${None}</arg>
<doc>Returns a value from the given ``dictionary`` based on the given ``key``.</doc>
<status status="PASS" start="2025-04-01T20:59:51.673172" elapsed="0.000000"/>
</kw>
<kw name="Get From Dictionary" owner="Collections">
<msg time="2025-04-01T20:59:51.673172" level="INFO">${email_field} = email é obrigatório</msg>
<var>${email_field}</var>
<arg>${response_json}</arg>
<arg>email</arg>
<arg>default=${None}</arg>
<doc>Returns a value from the given ``dictionary`` based on the given ``key``.</doc>
<status status="PASS" start="2025-04-01T20:59:51.673172" elapsed="0.000000"/>
</kw>
<kw name="Set Variable If" owner="BuiltIn">
<msg time="2025-04-01T20:59:51.673172" level="INFO">${error_field} = email é obrigatório</msg>
<var>${error_field}</var>
<arg>'${message_field}' != '${None}'</arg>
<arg>${message_field}</arg>
<arg>${email_field}</arg>
<doc>Sets variable based on the given condition.</doc>
<status status="PASS" start="2025-04-01T20:59:51.673172" elapsed="0.000000"/>
</kw>
<kw name="Run Keyword If" owner="BuiltIn">
<arg>'${error_field}' == '${None}'</arg>
<arg>Fail</arg>
<arg>No 'message' or 'email' field in response: ${response_json}</arg>
<doc>Runs the given keyword with the given arguments, if ``condition`` is true.</doc>
<status status="PASS" start="2025-04-01T20:59:51.673172" elapsed="0.000000"/>
</kw>
<kw name="Should Contain" owner="BuiltIn">
<arg>${error_field}</arg>
<arg>${expected_message}</arg>
<arg>Failed to verify error: Expected message '${expected_message}' not found in '${error_field}'</arg>
<doc>Fails if ``container`` does not contain ``item`` one or more times.</doc>
<status status="PASS" start="2025-04-01T20:59:51.673172" elapsed="0.000000"/>
</kw>
<arg>${response}</arg>
<arg>400</arg>
<arg>email é obrigatório</arg>
<doc>Verifies that an error response matches the expected status code and contains the expected message in either 'message' or 'email' field.</doc>
<status status="PASS" start="2025-04-01T20:59:51.671576" elapsed="0.001596"/>
</kw>
<kw name="Log To Console" owner="BuiltIn">
<arg>Failed Create Status: ${response.status_code}</arg>
<doc>Logs the given message to the console.</doc>
<status status="PASS" start="2025-04-01T20:59:51.673172" elapsed="0.000000"/>
</kw>
<kw name="Log To Console" owner="BuiltIn">
<arg>Failed Create Message: ${response.json()['email']}</arg>
<doc>Logs the given message to the console.</doc>
<status status="PASS" start="2025-04-01T20:59:51.673172" elapsed="0.000000"/>
</kw>
<doc>Attempts to create a new user with missing email and verifies the error response.</doc>
<status status="PASS" start="2025-04-01T20:59:51.220923" elapsed="0.452249"/>
</test>
<test id="s1-s2-s1-t3" name="Get User By Id" line="24">
<kw name="Load user data" owner="user_keywords">
<kw name="Get File" owner="OperatingSystem">
<msg time="2025-04-01T20:59:51.673172" level="INFO" html="true">Getting file '&lt;a href="file://C:\tayse\learning\PythonProjects\Robot\robot-api-tests\data\user_data.json"&gt;C:\tayse\learning\PythonProjects\Robot\robot-api-tests\data\user_data.json&lt;/a&gt;'.</msg>
<msg time="2025-04-01T20:59:51.691109" level="INFO">${json_str} = {"nome": "Karen Goodman", "email": "danabush@example.com", "password": "7E#5Ryb^0H", "administrador": "true", "id": "KupKzook7mnx9ffv"}</msg>
<var>${json_str}</var>
<arg>${DATA_DIR}/user_data.json</arg>
<arg>encoding=UTF-8</arg>
<doc>Returns the contents of a specified file.</doc>
<status status="PASS" start="2025-04-01T20:59:51.673172" elapsed="0.017937"/>
</kw>
<kw name="Evaluate" owner="BuiltIn">
<msg time="2025-04-01T20:59:51.691109" level="INFO">${user_data} = {'nome': 'Karen Goodman', 'email': 'danabush@example.com', 'password': '7E#5Ryb^0H', 'administrador': 'true', 'id': 'KupKzook7mnx9ffv'}</msg>
<var>${user_data}</var>
<arg>json.loads('${json_str}')</arg>
<arg>modules=json</arg>
<doc>Evaluates the given expression in Python and returns the result.</doc>
<status status="PASS" start="2025-04-01T20:59:51.691109" elapsed="0.000000"/>
</kw>
<return>
<value>${user_data}</value>
<status status="PASS" start="2025-04-01T20:59:51.691109" elapsed="0.000000"/>
</return>
<msg time="2025-04-01T20:59:51.691109" level="INFO">${user_data} = {'nome': 'Karen Goodman', 'email': 'danabush@example.com', 'password': '7E#5Ryb^0H', 'administrador': 'true', 'id': 'KupKzook7mnx9ffv'}</msg>
<var>${user_data}</var>
<doc>Loads user data from the JSON file into a dictionary</doc>
<status status="PASS" start="2025-04-01T20:59:51.673172" elapsed="0.017937"/>
</kw>
<kw name="Get From Dictionary" owner="Collections">
<msg time="2025-04-01T20:59:51.692127" level="INFO">${user_id} = KupKzook7mnx9ffv</msg>
<var>${user_id}</var>
<arg>${user_data}</arg>
<arg>id</arg>
<doc>Returns a value from the given ``dictionary`` based on the given ``key``.</doc>
<status status="PASS" start="2025-04-01T20:59:51.692127" elapsed="0.000000"/>
</kw>
<kw name="Get user by id" owner="user_keywords">
<kw name="Send Get Request" owner="api_keywords">
<kw name="GET" owner="RequestsLibrary">
<msg time="2025-04-01T20:59:52.109614" level="INFO">GET Request : url=https://serverest.dev/usuarios/KupKzook7mnx9ffv 
 path_url=/usuarios/KupKzook7mnx9ffv 
 headers={'User-Agent': 'python-requests/2.32.3', 'Accept-Encoding': 'gzip, deflate', 'Accept': '*/*', 'Connection': 'keep-alive', 'Content-Type': 'application/json'} 
 body=None 
 </msg>
<msg time="2025-04-01T20:59:52.109614" level="INFO">GET Response : url=https://serverest.dev/usuarios/KupKzook7mnx9ffv 
 status=200, reason=OK 
 headers={'access-control-allow-origin': '*', 'x-dns-prefetch-control': 'off', 'x-frame-options': 'SAMEORIGIN', 'strict-transport-security': 'max-age=15552000; includeSubDomains', 'x-download-options': 'noopen', 'x-content-type-options': 'nosniff', 'x-xss-protection': '1; mode=block', 'content-type': 'application/json; charset=utf-8', 'x-cloud-trace-context': '02bb58da6182caadfd8b244c2226ca7e', 'date': 'Tue, 01 Apr 2025 23:59:53 GMT', 'server': 'Google Frontend', 'Content-Length': '158'} 
 body={
    "nome": "Karen Goodman",
    "email": "danabush@example.com",
    "password": "7E#5Ryb^0H",
    "administrador": "true",
    "_id": "KupKzook7mnx9ffv"
} 
 </msg>
<msg time="2025-04-01T20:59:52.109614" level="INFO">${response} = &lt;Response [200]&gt;</msg>
<var>${response}</var>
<arg>${BASE_URL}${endpoint}</arg>
<arg>headers=${HEADERS}</arg>
<arg>expected_status=any</arg>
<doc>Sends a GET request.</doc>
<status status="PASS" start="2025-04-01T20:59:51.692127" elapsed="0.433103"/>
</kw>
<return>
<value>${response}</value>
<status status="PASS" start="2025-04-01T20:59:52.125230" elapsed="0.000000"/>
</return>
<msg time="2025-04-01T20:59:52.125230" level="INFO">${response} = &lt;Response [200]&gt;</msg>
<var>${response}</var>
<arg>${ENDPOINT_USUARIOS}/${user_id}</arg>
<arg>${HEADERS}</arg>
<doc>Sends a GET request to the specified endpoint using the given headers</doc>
<status status="PASS" start="2025-04-01T20:59:51.692127" elapsed="0.433103"/>
</kw>
<return>
<value>${response}</value>
<status status="PASS" start="2025-04-01T20:59:52.125230" elapsed="0.000000"/>
</return>
<msg time="2025-04-01T20:59:52.125230" level="INFO">${response} = &lt;Response [200]&gt;</msg>
<var>${response}</var>
<arg>${user_id}</arg>
<doc>Retrieves a user’s details by sending a GET request with the specified user ID</doc>
<status status="PASS" start="2025-04-01T20:59:51.692127" elapsed="0.433103"/>
</kw>
<kw name="Check successful get by id" owner="user_keywords">
<kw name="Should Be Equal As Strings" owner="BuiltIn">
<msg time="2025-04-01T20:59:52.125230" level="INFO">Argument types are:
&lt;class 'int'&gt;
&lt;class 'str'&gt;</msg>
<arg>${response.status_code}</arg>
<arg>${expected_status_code}</arg>
<arg>${expected_message}</arg>
<doc>Fails if objects are unequal after converting them to strings.</doc>
<status status="PASS" start="2025-04-01T20:59:52.125230" elapsed="0.000000"/>
</kw>
<kw name="Set Variable" owner="BuiltIn">
<msg time="2025-04-01T20:59:52.125230" level="INFO">${response_data} = {'nome': 'Karen Goodman', 'email': 'danabush@example.com', 'password': '7E#5Ryb^0H', 'administrador': 'true', '_id': 'KupKzook7mnx9ffv'}</msg>
<var>${response_data}</var>
<arg>${response.json()}</arg>
<doc>Returns the given values which can then be assigned to a variables.</doc>
<status status="PASS" start="2025-04-01T20:59:52.125230" elapsed="0.000000"/>
</kw>
<kw name="Should Contain" owner="BuiltIn">
<arg>${response_data}</arg>
<arg>nome</arg>
<arg>Failed: response doesn't contain 'nome'</arg>
<doc>Fails if ``container`` does not contain ``item`` one or more times.</doc>
<status status="PASS" start="2025-04-01T20:59:52.125230" elapsed="0.000000"/>
</kw>
<kw name="Should Contain" owner="BuiltIn">
<arg>${response_data}</arg>
<arg>email</arg>
<arg>Failed: response doesn't contain 'email'</arg>
<doc>Fails if ``container`` does not contain ``item`` one or more times.</doc>
<status status="PASS" start="2025-04-01T20:59:52.125230" elapsed="0.000000"/>
</kw>
<kw name="Should Contain" owner="BuiltIn">
<arg>${response_data}</arg>
<arg>password</arg>
<arg>Failed: response doesn't contain 'password'</arg>
<doc>Fails if ``container`` does not contain ``item`` one or more times.</doc>
<status status="PASS" start="2025-04-01T20:59:52.125230" elapsed="0.000000"/>
</kw>
<kw name="Should Contain" owner="BuiltIn">
<arg>${response_data}</arg>
<arg>administrador</arg>
<arg>Failed: response doesn't contain 'administrador'</arg>
<doc>Fails if ``container`` does not contain ``item`` one or more times.</doc>
<status status="PASS" start="2025-04-01T20:59:52.125230" elapsed="0.000000"/>
</kw>
<kw name="Should Contain" owner="BuiltIn">
<arg>${response_data}</arg>
<arg>_id</arg>
<arg>Failed: response doesn't contain '_id'</arg>
<doc>Fails if ``container`` does not contain ``item`` one or more times.</doc>
<status status="PASS" start="2025-04-01T20:59:52.125230" elapsed="0.000000"/>
</kw>
<arg>${response}</arg>
<arg>200</arg>
<arg>Failed to retrieve user: Unexpected status code</arg>
<doc>Verifies that a response matches the expected status code and message for GET by ID</doc>
<status status="PASS" start="2025-04-01T20:59:52.125230" elapsed="0.000000"/>
</kw>
<kw name="Log To Console" owner="BuiltIn">
<arg>GET Status Code: ${response.status_code}</arg>
<doc>Logs the given message to the console.</doc>
<status status="PASS" start="2025-04-01T20:59:52.125230" elapsed="0.000000"/>
</kw>
<kw name="Log To Console" owner="BuiltIn">
<arg>GET Response: ${response.json()}</arg>
<doc>Logs the given message to the console.</doc>
<status status="PASS" start="2025-04-01T20:59:52.125230" elapsed="0.000000"/>
</kw>
<doc>Get user by ID generated during creation and verify the response</doc>
<status status="PASS" start="2025-04-01T20:59:51.673172" elapsed="0.452058"/>
</test>
<test id="s1-s2-s1-t4" name="Get User By Invalid Id" line="33">
<kw name="Set Variable" owner="BuiltIn">
<msg time="2025-04-01T20:59:52.125230" level="INFO">${invalid_id} = invalid-id-123</msg>
<var>${invalid_id}</var>
<arg>invalid-id-123</arg>
<doc>Returns the given values which can then be assigned to a variables.</doc>
<status status="PASS" start="2025-04-01T20:59:52.125230" elapsed="0.000000"/>
</kw>
<kw name="Get user by id" owner="user_keywords">
<kw name="Send Get Request" owner="api_keywords">
<kw name="GET" owner="RequestsLibrary">
<msg time="2025-04-01T20:59:52.564427" level="INFO">GET Request : url=https://serverest.dev/usuarios/invalid-id-123 
 path_url=/usuarios/invalid-id-123 
 headers={'User-Agent': 'python-requests/2.32.3', 'Accept-Encoding': 'gzip, deflate', 'Accept': '*/*', 'Connection': 'keep-alive', 'Content-Type': 'application/json'} 
 body=None 
 </msg>
<msg time="2025-04-01T20:59:52.564427" level="INFO">GET Response : url=https://serverest.dev/usuarios/invalid-id-123 
 status=400, reason=Bad Request 
 headers={'access-control-allow-origin': '*', 'x-dns-prefetch-control': 'off', 'x-frame-options': 'SAMEORIGIN', 'strict-transport-security': 'max-age=15552000; includeSubDomains', 'x-download-options': 'noopen', 'x-content-type-options': 'nosniff', 'x-xss-protection': '1; mode=block', 'content-type': 'application/json; charset=utf-8', 'x-cloud-trace-context': '045422dc5451c39085044e391d60b88b', 'date': 'Tue, 01 Apr 2025 23:59:53 GMT', 'server': 'Google Frontend', 'Content-Length': '45'} 
 body={
    "message": "Usuário não encontrado"
} 
 </msg>
<msg time="2025-04-01T20:59:52.564427" level="INFO">${response} = &lt;Response [400]&gt;</msg>
<var>${response}</var>
<arg>${BASE_URL}${endpoint}</arg>
<arg>headers=${HEADERS}</arg>
<arg>expected_status=any</arg>
<doc>Sends a GET request.</doc>
<status status="PASS" start="2025-04-01T20:59:52.125230" elapsed="0.439197"/>
</kw>
<return>
<value>${response}</value>
<status status="PASS" start="2025-04-01T20:59:52.564427" elapsed="0.000000"/>
</return>
<msg time="2025-04-01T20:59:52.564427" level="INFO">${response} = &lt;Response [400]&gt;</msg>
<var>${response}</var>
<arg>${ENDPOINT_USUARIOS}/${user_id}</arg>
<arg>${HEADERS}</arg>
<doc>Sends a GET request to the specified endpoint using the given headers</doc>
<status status="PASS" start="2025-04-01T20:59:52.125230" elapsed="0.439197"/>
</kw>
<return>
<value>${response}</value>
<status status="PASS" start="2025-04-01T20:59:52.564427" elapsed="0.000000"/>
</return>
<msg time="2025-04-01T20:59:52.564427" level="INFO">${response} = &lt;Response [400]&gt;</msg>
<var>${response}</var>
<arg>${invalid_id}</arg>
<doc>Retrieves a user’s details by sending a GET request with the specified user ID</doc>
<status status="PASS" start="2025-04-01T20:59:52.125230" elapsed="0.439197"/>
</kw>
<kw name="Verify Error Response" owner="user_keywords">
<kw name="Should Be Equal As Integers" owner="BuiltIn">
<msg time="2025-04-01T20:59:52.564427" level="INFO">Argument types are:
&lt;class 'int'&gt;
&lt;class 'str'&gt;</msg>
<arg>${response.status_code}</arg>
<arg>${expected_status_code}</arg>
<arg>Failed to verify error: Unexpected status code</arg>
<doc>Fails if objects are unequal after converting them to integers.</doc>
<status status="PASS" start="2025-04-01T20:59:52.564427" elapsed="0.000000"/>
</kw>
<kw name="Set Variable" owner="BuiltIn">
<msg time="2025-04-01T20:59:52.564427" level="INFO">${response_json} = {'message': 'Usuário não encontrado'}</msg>
<var>${response_json}</var>
<arg>${response.json()}</arg>
<doc>Returns the given values which can then be assigned to a variables.</doc>
<status status="PASS" start="2025-04-01T20:59:52.564427" elapsed="0.000000"/>
</kw>
<kw name="Log" owner="BuiltIn">
<msg time="2025-04-01T20:59:52.564427" level="INFO">Response JSON: {'message': 'Usuário não encontrado'}</msg>
<arg>Response JSON: ${response_json}</arg>
<doc>Logs the given message with the given level.</doc>
<status status="PASS" start="2025-04-01T20:59:52.564427" elapsed="0.000000"/>
</kw>
<kw name="Get From Dictionary" owner="Collections">
<msg time="2025-04-01T20:59:52.564427" level="INFO">${message_field} = Usuário não encontrado</msg>
<var>${message_field}</var>
<arg>${response_json}</arg>
<arg>message</arg>
<arg>default=${None}</arg>
<doc>Returns a value from the given ``dictionary`` based on the given ``key``.</doc>
<status status="PASS" start="2025-04-01T20:59:52.564427" elapsed="0.000000"/>
</kw>
<kw name="Get From Dictionary" owner="Collections">
<msg time="2025-04-01T20:59:52.564427" level="INFO">${email_field} = None</msg>
<var>${email_field}</var>
<arg>${response_json}</arg>
<arg>email</arg>
<arg>default=${None}</arg>
<doc>Returns a value from the given ``dictionary`` based on the given ``key``.</doc>
<status status="PASS" start="2025-04-01T20:59:52.564427" elapsed="0.000000"/>
</kw>
<kw name="Set Variable If" owner="BuiltIn">
<msg time="2025-04-01T20:59:52.564427" level="INFO">${error_field} = Usuário não encontrado</msg>
<var>${error_field}</var>
<arg>'${message_field}' != '${None}'</arg>
<arg>${message_field}</arg>
<arg>${email_field}</arg>
<doc>Sets variable based on the given condition.</doc>
<status status="PASS" start="2025-04-01T20:59:52.564427" elapsed="0.000000"/>
</kw>
<kw name="Run Keyword If" owner="BuiltIn">
<arg>'${error_field}' == '${None}'</arg>
<arg>Fail</arg>
<arg>No 'message' or 'email' field in response: ${response_json}</arg>
<doc>Runs the given keyword with the given arguments, if ``condition`` is true.</doc>
<status status="PASS" start="2025-04-01T20:59:52.564427" elapsed="0.000000"/>
</kw>
<kw name="Should Contain" owner="BuiltIn">
<arg>${error_field}</arg>
<arg>${expected_message}</arg>
<arg>Failed to verify error: Expected message '${expected_message}' not found in '${error_field}'</arg>
<doc>Fails if ``container`` does not contain ``item`` one or more times.</doc>
<status status="PASS" start="2025-04-01T20:59:52.564427" elapsed="0.000000"/>
</kw>
<arg>${response}</arg>
<arg>400</arg>
<arg>Usuário não encontrado</arg>
<doc>Verifies that an error response matches the expected status code and contains the expected message in either 'message' or 'email' field.</doc>
<status status="PASS" start="2025-04-01T20:59:52.564427" elapsed="0.000000"/>
</kw>
<kw name="Log To Console" owner="BuiltIn">
<arg>Failed GET Status: ${response.status_code}</arg>
<doc>Logs the given message to the console.</doc>
<status status="PASS" start="2025-04-01T20:59:52.564427" elapsed="0.000000"/>
</kw>
<kw name="Log To Console" owner="BuiltIn">
<arg>Failed GET Message: ${response.json()['message']}</arg>
<doc>Logs the given message to the console.</doc>
<status status="PASS" start="2025-04-01T20:59:52.564427" elapsed="0.000000"/>
</kw>
<doc>Attempts to retrieve a user with an invalid ID, expecting a failure.</doc>
<status status="PASS" start="2025-04-01T20:59:52.125230" elapsed="0.439197"/>
</test>
<status status="PASS" start="2025-04-01T20:59:50.730644" elapsed="1.833783"/>
</suite>
<suite id="s1-s2-s2" name="Get User" source="C:\tayse\learning\PythonProjects\Robot\robot-api-tests\tests\users\get_user.robot">
<test id="s1-s2-s2-t1" name=" Get User By Id" line="8">
<kw name="Load user data" owner="user_keywords">
<kw name="Get File" owner="OperatingSystem">
<msg time="2025-04-01T20:59:52.596452" level="INFO" html="true">Getting file '&lt;a href="file://C:\tayse\learning\PythonProjects\Robot\robot-api-tests\data\user_data.json"&gt;C:\tayse\learning\PythonProjects\Robot\robot-api-tests\data\user_data.json&lt;/a&gt;'.</msg>
<msg time="2025-04-01T20:59:52.597525" level="INFO">${json_str} = {"nome": "Karen Goodman", "email": "danabush@example.com", "password": "7E#5Ryb^0H", "administrador": "true", "id": "KupKzook7mnx9ffv"}</msg>
<var>${json_str}</var>
<arg>${DATA_DIR}/user_data.json</arg>
<arg>encoding=UTF-8</arg>
<doc>Returns the contents of a specified file.</doc>
<status status="PASS" start="2025-04-01T20:59:52.596452" elapsed="0.001073"/>
</kw>
<kw name="Evaluate" owner="BuiltIn">
<msg time="2025-04-01T20:59:52.598519" level="INFO">${user_data} = {'nome': 'Karen Goodman', 'email': 'danabush@example.com', 'password': '7E#5Ryb^0H', 'administrador': 'true', 'id': 'KupKzook7mnx9ffv'}</msg>
<var>${user_data}</var>
<arg>json.loads('${json_str}')</arg>
<arg>modules=json</arg>
<doc>Evaluates the given expression in Python and returns the result.</doc>
<status status="PASS" start="2025-04-01T20:59:52.598519" elapsed="0.000000"/>
</kw>
<return>
<value>${user_data}</value>
<status status="PASS" start="2025-04-01T20:59:52.598519" elapsed="0.000000"/>
</return>
<msg time="2025-04-01T20:59:52.599171" level="INFO">${user_data} = {'nome': 'Karen Goodman', 'email': 'danabush@example.com', 'password': '7E#5Ryb^0H', 'administrador': 'true', 'id': 'KupKzook7mnx9ffv'}</msg>
<var>${user_data}</var>
<doc>Loads user data from the JSON file into a dictionary</doc>
<status status="PASS" start="2025-04-01T20:59:52.596452" elapsed="0.002719"/>
</kw>
<kw name="Get From Dictionary" owner="Collections">
<msg time="2025-04-01T20:59:52.599171" level="INFO">${user_id} = KupKzook7mnx9ffv</msg>
<var>${user_id}</var>
<arg>${user_data}</arg>
<arg>id</arg>
<doc>Returns a value from the given ``dictionary`` based on the given ``key``.</doc>
<status status="PASS" start="2025-04-01T20:59:52.599171" elapsed="0.000000"/>
</kw>
<kw name="Get user by id" owner="user_keywords">
<kw name="Send Get Request" owner="api_keywords">
<kw name="GET" owner="RequestsLibrary">
<msg time="2025-04-01T20:59:53.031604" level="INFO">GET Request : url=https://serverest.dev/usuarios/KupKzook7mnx9ffv 
 path_url=/usuarios/KupKzook7mnx9ffv 
 headers={'User-Agent': 'python-requests/2.32.3', 'Accept-Encoding': 'gzip, deflate', 'Accept': '*/*', 'Connection': 'keep-alive', 'Content-Type': 'application/json'} 
 body=None 
 </msg>
<msg time="2025-04-01T20:59:53.031604" level="INFO">GET Response : url=https://serverest.dev/usuarios/KupKzook7mnx9ffv 
 status=200, reason=OK 
 headers={'access-control-allow-origin': '*', 'x-dns-prefetch-control': 'off', 'x-frame-options': 'SAMEORIGIN', 'strict-transport-security': 'max-age=15552000; includeSubDomains', 'x-download-options': 'noopen', 'x-content-type-options': 'nosniff', 'x-xss-protection': '1; mode=block', 'content-type': 'application/json; charset=utf-8', 'x-cloud-trace-context': 'b36d60a97a9189de7a0dbe099fe39895', 'date': 'Tue, 01 Apr 2025 23:59:54 GMT', 'server': 'Google Frontend', 'Content-Length': '158'} 
 body={
    "nome": "Karen Goodman",
    "email": "danabush@example.com",
    "password": "7E#5Ryb^0H",
    "administrador": "true",
    "_id": "KupKzook7mnx9ffv"
} 
 </msg>
<msg time="2025-04-01T20:59:53.031604" level="INFO">${response} = &lt;Response [200]&gt;</msg>
<var>${response}</var>
<arg>${BASE_URL}${endpoint}</arg>
<arg>headers=${HEADERS}</arg>
<arg>expected_status=any</arg>
<doc>Sends a GET request.</doc>
<status status="PASS" start="2025-04-01T20:59:52.600204" elapsed="0.431400"/>
</kw>
<return>
<value>${response}</value>
<status status="PASS" start="2025-04-01T20:59:53.031604" elapsed="0.000000"/>
</return>
<msg time="2025-04-01T20:59:53.032604" level="INFO">${response} = &lt;Response [200]&gt;</msg>
<var>${response}</var>
<arg>${ENDPOINT_USUARIOS}/${user_id}</arg>
<arg>${HEADERS}</arg>
<doc>Sends a GET request to the specified endpoint using the given headers</doc>
<status status="PASS" start="2025-04-01T20:59:52.600204" elapsed="0.432400"/>
</kw>
<return>
<value>${response}</value>
<status status="PASS" start="2025-04-01T20:59:53.032604" elapsed="0.000000"/>
</return>
<msg time="2025-04-01T20:59:53.032604" level="INFO">${response} = &lt;Response [200]&gt;</msg>
<var>${response}</var>
<arg>${user_id}</arg>
<doc>Retrieves a user’s details by sending a GET request with the specified user ID</doc>
<status status="PASS" start="2025-04-01T20:59:52.599171" elapsed="0.433433"/>
</kw>
<kw name="Check successful get by id" owner="user_keywords">
<kw name="Should Be Equal As Strings" owner="BuiltIn">
<msg time="2025-04-01T20:59:53.035352" level="INFO">Argument types are:
&lt;class 'int'&gt;
&lt;class 'str'&gt;</msg>
<arg>${response.status_code}</arg>
<arg>${expected_status_code}</arg>
<arg>${expected_message}</arg>
<doc>Fails if objects are unequal after converting them to strings.</doc>
<status status="PASS" start="2025-04-01T20:59:53.034688" elapsed="0.000664"/>
</kw>
<kw name="Set Variable" owner="BuiltIn">
<msg time="2025-04-01T20:59:53.035352" level="INFO">${response_data} = {'nome': 'Karen Goodman', 'email': 'danabush@example.com', 'password': '7E#5Ryb^0H', 'administrador': 'true', '_id': 'KupKzook7mnx9ffv'}</msg>
<var>${response_data}</var>
<arg>${response.json()}</arg>
<doc>Returns the given values which can then be assigned to a variables.</doc>
<status status="PASS" start="2025-04-01T20:59:53.035352" elapsed="0.000000"/>
</kw>
<kw name="Should Contain" owner="BuiltIn">
<arg>${response_data}</arg>
<arg>nome</arg>
<arg>Failed: response doesn't contain 'nome'</arg>
<doc>Fails if ``container`` does not contain ``item`` one or more times.</doc>
<status status="PASS" start="2025-04-01T20:59:53.035352" elapsed="0.000000"/>
</kw>
<kw name="Should Contain" owner="BuiltIn">
<arg>${response_data}</arg>
<arg>email</arg>
<arg>Failed: response doesn't contain 'email'</arg>
<doc>Fails if ``container`` does not contain ``item`` one or more times.</doc>
<status status="PASS" start="2025-04-01T20:59:53.035352" elapsed="0.000000"/>
</kw>
<kw name="Should Contain" owner="BuiltIn">
<arg>${response_data}</arg>
<arg>password</arg>
<arg>Failed: response doesn't contain 'password'</arg>
<doc>Fails if ``container`` does not contain ``item`` one or more times.</doc>
<status status="PASS" start="2025-04-01T20:59:53.035352" elapsed="0.000000"/>
</kw>
<kw name="Should Contain" owner="BuiltIn">
<arg>${response_data}</arg>
<arg>administrador</arg>
<arg>Failed: response doesn't contain 'administrador'</arg>
<doc>Fails if ``container`` does not contain ``item`` one or more times.</doc>
<status status="PASS" start="2025-04-01T20:59:53.035352" elapsed="0.000000"/>
</kw>
<kw name="Should Contain" owner="BuiltIn">
<arg>${response_data}</arg>
<arg>_id</arg>
<arg>Failed: response doesn't contain '_id'</arg>
<doc>Fails if ``container`` does not contain ``item`` one or more times.</doc>
<status status="PASS" start="2025-04-01T20:59:53.035352" elapsed="0.000000"/>
</kw>
<arg>${response}</arg>
<arg>200</arg>
<arg>Failed to retrieve user: Unexpected status code</arg>
<doc>Verifies that a response matches the expected status code and message for GET by ID</doc>
<status status="PASS" start="2025-04-01T20:59:53.033676" elapsed="0.001676"/>
</kw>
<kw name="Log To Console" owner="BuiltIn">
<arg>GET Status Code: ${response.status_code}</arg>
<doc>Logs the given message to the console.</doc>
<status status="PASS" start="2025-04-01T20:59:53.035352" elapsed="0.000000"/>
</kw>
<kw name="Log To Console" owner="BuiltIn">
<arg>GET Response: ${response.json()}</arg>
<doc>Logs the given message to the console.</doc>
<status status="PASS" start="2025-04-01T20:59:53.035352" elapsed="0.000000"/>
</kw>
<doc>Get user by ID generated during creation and verify the response</doc>
<status status="PASS" start="2025-04-01T20:59:52.595679" elapsed="0.439673"/>
</test>
<test id="s1-s2-s2-t2" name="Get User By Invalid Id" line="17">
<kw name="Set Variable" owner="BuiltIn">
<msg time="2025-04-01T20:59:53.035352" level="INFO">${invalid_id} = invalid-id-123</msg>
<var>${invalid_id}</var>
<arg>invalid-id-123</arg>
<doc>Returns the given values which can then be assigned to a variables.</doc>
<status status="PASS" start="2025-04-01T20:59:53.035352" elapsed="0.000000"/>
</kw>
<kw name="Get user by id" owner="user_keywords">
<kw name="Send Get Request" owner="api_keywords">
<kw name="GET" owner="RequestsLibrary">
<msg time="2025-04-01T20:59:53.466866" level="INFO">GET Request : url=https://serverest.dev/usuarios/invalid-id-123 
 path_url=/usuarios/invalid-id-123 
 headers={'User-Agent': 'python-requests/2.32.3', 'Accept-Encoding': 'gzip, deflate', 'Accept': '*/*', 'Connection': 'keep-alive', 'Content-Type': 'application/json'} 
 body=None 
 </msg>
<msg time="2025-04-01T20:59:53.466866" level="INFO">GET Response : url=https://serverest.dev/usuarios/invalid-id-123 
 status=400, reason=Bad Request 
 headers={'access-control-allow-origin': '*', 'x-dns-prefetch-control': 'off', 'x-frame-options': 'SAMEORIGIN', 'strict-transport-security': 'max-age=15552000; includeSubDomains', 'x-download-options': 'noopen', 'x-content-type-options': 'nosniff', 'x-xss-protection': '1; mode=block', 'content-type': 'application/json; charset=utf-8', 'x-cloud-trace-context': '9e1a3628c3ac2b6cff84c416bd4ce84a', 'date': 'Tue, 01 Apr 2025 23:59:54 GMT', 'server': 'Google Frontend', 'Content-Length': '45'} 
 body={
    "message": "Usuário não encontrado"
} 
 </msg>
<msg time="2025-04-01T20:59:53.466866" level="INFO">${response} = &lt;Response [400]&gt;</msg>
<var>${response}</var>
<arg>${BASE_URL}${endpoint}</arg>
<arg>headers=${HEADERS}</arg>
<arg>expected_status=any</arg>
<doc>Sends a GET request.</doc>
<status status="PASS" start="2025-04-01T20:59:53.035352" elapsed="0.431514"/>
</kw>
<return>
<value>${response}</value>
<status status="PASS" start="2025-04-01T20:59:53.466866" elapsed="0.000000"/>
</return>
<msg time="2025-04-01T20:59:53.466866" level="INFO">${response} = &lt;Response [400]&gt;</msg>
<var>${response}</var>
<arg>${ENDPOINT_USUARIOS}/${user_id}</arg>
<arg>${HEADERS}</arg>
<doc>Sends a GET request to the specified endpoint using the given headers</doc>
<status status="PASS" start="2025-04-01T20:59:53.035352" elapsed="0.431514"/>
</kw>
<return>
<value>${response}</value>
<status status="PASS" start="2025-04-01T20:59:53.466866" elapsed="0.000000"/>
</return>
<msg time="2025-04-01T20:59:53.466866" level="INFO">${response} = &lt;Response [400]&gt;</msg>
<var>${response}</var>
<arg>${invalid_id}</arg>
<doc>Retrieves a user’s details by sending a GET request with the specified user ID</doc>
<status status="PASS" start="2025-04-01T20:59:53.035352" elapsed="0.431514"/>
</kw>
<kw name="Verify Error Response" owner="user_keywords">
<kw name="Should Be Equal As Integers" owner="BuiltIn">
<msg time="2025-04-01T20:59:53.466866" level="INFO">Argument types are:
&lt;class 'int'&gt;
&lt;class 'str'&gt;</msg>
<arg>${response.status_code}</arg>
<arg>${expected_status_code}</arg>
<arg>Failed to verify error: Unexpected status code</arg>
<doc>Fails if objects are unequal after converting them to integers.</doc>
<status status="PASS" start="2025-04-01T20:59:53.466866" elapsed="0.000000"/>
</kw>
<kw name="Set Variable" owner="BuiltIn">
<msg time="2025-04-01T20:59:53.466866" level="INFO">${response_json} = {'message': 'Usuário não encontrado'}</msg>
<var>${response_json}</var>
<arg>${response.json()}</arg>
<doc>Returns the given values which can then be assigned to a variables.</doc>
<status status="PASS" start="2025-04-01T20:59:53.466866" elapsed="0.000000"/>
</kw>
<kw name="Log" owner="BuiltIn">
<msg time="2025-04-01T20:59:53.466866" level="INFO">Response JSON: {'message': 'Usuário não encontrado'}</msg>
<arg>Response JSON: ${response_json}</arg>
<doc>Logs the given message with the given level.</doc>
<status status="PASS" start="2025-04-01T20:59:53.466866" elapsed="0.000000"/>
</kw>
<kw name="Get From Dictionary" owner="Collections">
<msg time="2025-04-01T20:59:53.482488" level="INFO">${message_field} = Usuário não encontrado</msg>
<var>${message_field}</var>
<arg>${response_json}</arg>
<arg>message</arg>
<arg>default=${None}</arg>
<doc>Returns a value from the given ``dictionary`` based on the given ``key``.</doc>
<status status="PASS" start="2025-04-01T20:59:53.466866" elapsed="0.015622"/>
</kw>
<kw name="Get From Dictionary" owner="Collections">
<msg time="2025-04-01T20:59:53.482488" level="INFO">${email_field} = None</msg>
<var>${email_field}</var>
<arg>${response_json}</arg>
<arg>email</arg>
<arg>default=${None}</arg>
<doc>Returns a value from the given ``dictionary`` based on the given ``key``.</doc>
<status status="PASS" start="2025-04-01T20:59:53.482488" elapsed="0.000000"/>
</kw>
<kw name="Set Variable If" owner="BuiltIn">
<msg time="2025-04-01T20:59:53.482488" level="INFO">${error_field} = Usuário não encontrado</msg>
<var>${error_field}</var>
<arg>'${message_field}' != '${None}'</arg>
<arg>${message_field}</arg>
<arg>${email_field}</arg>
<doc>Sets variable based on the given condition.</doc>
<status status="PASS" start="2025-04-01T20:59:53.482488" elapsed="0.000000"/>
</kw>
<kw name="Run Keyword If" owner="BuiltIn">
<arg>'${error_field}' == '${None}'</arg>
<arg>Fail</arg>
<arg>No 'message' or 'email' field in response: ${response_json}</arg>
<doc>Runs the given keyword with the given arguments, if ``condition`` is true.</doc>
<status status="PASS" start="2025-04-01T20:59:53.482488" elapsed="0.000000"/>
</kw>
<kw name="Should Contain" owner="BuiltIn">
<arg>${error_field}</arg>
<arg>${expected_message}</arg>
<arg>Failed to verify error: Expected message '${expected_message}' not found in '${error_field}'</arg>
<doc>Fails if ``container`` does not contain ``item`` one or more times.</doc>
<status status="PASS" start="2025-04-01T20:59:53.482488" elapsed="0.000000"/>
</kw>
<arg>${response}</arg>
<arg>400</arg>
<arg>Usuário não encontrado</arg>
<doc>Verifies that an error response matches the expected status code and contains the expected message in either 'message' or 'email' field.</doc>
<status status="PASS" start="2025-04-01T20:59:53.466866" elapsed="0.015622"/>
</kw>
<kw name="Log To Console" owner="BuiltIn">
<arg>Failed GET Status: ${response.status_code}</arg>
<doc>Logs the given message to the console.</doc>
<status status="PASS" start="2025-04-01T20:59:53.482488" elapsed="0.000000"/>
</kw>
<kw name="Log To Console" owner="BuiltIn">
<arg>Failed GET Message: ${response.json()['message']}</arg>
<doc>Logs the given message to the console.</doc>
<status status="PASS" start="2025-04-01T20:59:53.482488" elapsed="0.000000"/>
</kw>
<doc>Attempts to retrieve a user with an invalid ID, expecting a failure.</doc>
<status status="PASS" start="2025-04-01T20:59:53.035352" elapsed="0.447136"/>
</test>
<status status="PASS" start="2025-04-01T20:59:52.580041" elapsed="0.902447"/>
</suite>
<status status="PASS" start="2025-04-01T20:59:50.730644" elapsed="2.751844"/>
</suite>
<kw name="Log" owner="BuiltIn" type="TEARDOWN">
<msg time="2025-04-01T20:59:53.490218" level="INFO">User management and authentication suite completed</msg>
<arg>User management and authentication suite completed</arg>
<doc>Logs the given message with the given level.</doc>
<status status="PASS" start="2025-04-01T20:59:53.490218" elapsed="0.000000"/>
</kw>
<doc>Top-level test suite for user management and authentication in the ServeRest API.</doc>
<status status="PASS" start="2025-04-01T20:59:48.048127" elapsed="5.442091"/>
</suite>
<statistics>
<total>
<stat pass="8" fail="0" skip="0">All Tests</stat>
</total>
<tag>
</tag>
<suite>
<stat name="Tests" id="s1" pass="8" fail="0" skip="0">Tests</stat>
<stat name="Auth" id="s1-s1" pass="2" fail="0" skip="0">Tests.Auth</stat>
<stat name="Login" id="s1-s1-s1" pass="2" fail="0" skip="0">Tests.Auth.Login</stat>
<stat name="Users" id="s1-s2" pass="6" fail="0" skip="0">Tests.Users</stat>
<stat name="Create User" id="s1-s2-s1" pass="4" fail="0" skip="0">Tests.Users.Create User</stat>
<stat name="Get User" id="s1-s2-s2" pass="2" fail="0" skip="0">Tests.Users.Get User</stat>
</suite>
</statistics>
<errors>
</errors>
</robot>
